性感大长腿短裙小模特,没穿内裤直接撕破丝袜狂干,呻吟给力
小姨子和男友吵架後來我家休息,趁老婆睡著在床上偷偷乾了她
小女友吃着汉堡也不放过我喊着要大爷鸡巴操
小老板爆操极品黑丝小情人肉棒和道具配合搞的妹纸淫叫不止呻吟是亮点犹如AV女优听声就硬方言对白
香港G奶影视模特李宓儿性感透视丝袜酒店私拍诱惑
无套爆操黑丝淫叫好爽使劲操
卫生间小美女趴在洗手台激情后入开操
微信约炮平面模特极品比基尼美女,露脸口交
最新流出97年九头身美女依依
样子猥琐瘦高个按狼友的要求直播啪啪有求必应
这小骚B比她姐姐都抗操.刚说完妹子大叫：姐夫,要到了,高潮了
长发气质佳大学生美女和炮友宾馆开房一对车头灯非常赞
性感大长腿短裙小模特,没穿内裤直接撕破丝袜狂干,呻吟给力
小姨子和男友吵架後來我家休息,趁老婆睡著在床上偷偷乾了她
小女友吃着汉堡也不放过我喊着要大爷鸡巴操
小老板爆操极品黑丝小情人肉棒和道具配合搞的妹纸淫叫不止呻吟是亮点犹如AV女优听声就硬方言对白
香港G奶影视模特李宓儿性感透视丝袜酒店私拍诱惑
无套爆操黑丝淫叫好爽使劲操
卫生间小美女趴在洗手台激情后入开操
微信约炮平面模特极品比基尼美女,露脸口交
最新流出97年九头身美女依依
样子猥琐瘦高个按狼友的要求直播啪啪有求必应
这小骚B比她姐姐都抗操.刚说完妹子大叫：姐夫,要到了,高潮了
长发气质佳大学生美女和炮友宾馆开房一对车头灯非常赞
在宾馆3P极美的老婆，骚货身材不错
淫荡小女友被19公分大鸡巴男友彻底征服
约炮清新可爱性感的高中学生妹,抓着鸡8很认真的在舔
约啪极品身材红衣美少女蒙眼跪舔享受激情后入爆操美妙娇喘呻吟
约操白嫩女友无套顶操超棒身材小骚女娇喘呻吟
浴室淋浴房激情性战极品爆乳骚女友完美S身材后入啪啪猛操连续撞击
瑜伽教练兼职外围女嘉嘉酒店私拍
珠海某高级私人会所啪啪湖南妹子这小姐也太不专业居然干着还玩微信
尤物大屌啪啪20岁制服开裆小白领射得一塌糊涂
学院派女神翘课和富二代男友开房真会玩舔脚趾屁眼射了好多
新加坡极品外围女KIKI被连续狂操2次,奶子粉嫩嫩的,真漂亮
网友约炮颜值还可以的兔女郎小旅馆玩3P轮流草
沙发上大干刚大学毕业的女友,操的有点猛好像把她干哭了
青花瓷旗袍肉丝模特美女无码露脸
狂操推销保险的气质短发职业女精英,又连干了2次,为了一份保险也是拼了
酒店爆操性感漂亮的E罩杯大D奶Lisa学妹和马来西亚纹身美女
黑丝劈腿靠墙超爽近景抽插
刚开始还装矜持不让碰,骨子里就是个小骚货
白嫩丰满的小穴简直是极品,干完还想干
172CM气质长腿美女连体衣诱惑,每次进入时美眉都偷笑更想大力操她,干破2双丝袜,浪叫声让人受不了
江苏商学院性感女神级美女买了个苹果7plus手机才同意开房
家里沙发啪啪极品黑丝美女
极品风骚美少妇偷偷私会情人,太敏感鸡巴进去就狂叫
会所坐台女,大鸡巴操的她受不了,侧面清晰露脸拍摄
花了不少钱操的比某明星漂亮百倍的性感美女
猴急的小伙进房间就迫不及待扒掉大胸女友的胸罩强制性来个胸推后又扯掉裤子暴力抽插
黑丝女同事下班后约朋友一起酒店玩3P
和网友约炮颜值还可以的兔女郎小旅馆玩3P轮流草
气质美女被男友各种姿势不停的操,终于满足的笑了,极品
东莞酒店某高级会所VS技术控海军制服妹子罕有的说了几句标准的中文
大款胖哥和逼毛性感的骚情人按摩浴缸激情啪啪羡慕死屌丝
98年白嫩漂亮邻家学妹制服诱惑,干完妹子累的睡着了趁机又操了一次,毛毛稀少
E奶超风骚极品外围女空姐诱惑,肥臀大奶,还是无毛小BB
173CM高挑性感大美女高级酒店被土豪干的受不了了
97年大二情侣宾馆开房女友不同意床上乱躲不让操
95年处女小护士美眉开苞
95后性感漂亮大学美女和老外网友见面吃饭被灌醉带回家
宿舍各种姿势温柔的插插新泡的花都夜总会女领班
小旅馆嫖妓偷拍身材不错的少妇型小姐翘臀美乳水蛇腰
微信约炮在富士康打工的贵阳骚妹子
网红主播铁锤姐姐浴室直播猜猜往逼里面注射了什么狼友纷纷要求姐夫玩肛交
调教了两个月的女友终于解锁了所有姿势
上海美女单挑2猛男玩3P,突然射到脸上,气的打起来了
最喜欢她帮我吹啊吹高清露脸
强女干了你单位聚餐后和女同事开房成了她的胯下之奴
漂亮白领姐姐一边玩手机一边自慰闻一闻自己的的骚逼什么
女神主播思瑞最近貌似很缺钱大姨妈来了也不休息被大JJ搞出来好多血块
你射好多有母膏塔官二代与地产女神马X筠
某银行上班的气质白领女上位说干的舒服吗
某大学情侣酒店扮演护士急救病人,说我要叫出来了
新作-非常骚的小骚
内射女大学生应该被不少人日过
先吹后棉袜足交丝足服务很爽
舞蹈系女仆
国产淫乱二女伺夫搞完年轻年轻貌美的小老婆再随便应付一下糠妻
高中生小情侣逃课去宾馆开房打炮
大奶子萌妹子和干爹激情啪啪,搞得干爹都累趴了
丝袜女人快来吧
丝袜巨臀肥熟女
95小嫩模巴洛克之夜无码露脸内射特写
中年男女开房啪啪老司机就是会玩经典招式黄狗射尿
偷拍年轻漂亮的美女被男友故意引诱
让人有一种想抱着她后人的冲动妹子貌似来月事了
某会所瑜伽教练兼职外围女嘉嘉酒店私拍
精品特色宾馆偷拍胸大性感的气质美女
健身房认识的翘臀小美妞
韩国少妇与情夫性爱视频与自拍照
肤白貌美的高颜值性感美女被男友在床上各种姿势折腾抽插
床上干完又拉到卫生间干,太能折腾了,美女生气了
白虎小肥逼网红美女可爱小胖丁和长屌炮友情趣酒店约炮
熟女露脸3P合集3
最喜歡看性感E奶妹跳完艷舞再狂操她口爆吞精
日本人妻偷情2
約炮正妹女主播把她困在浴缸.幹到她無路可跑
有錢小哥摩鐵約砲G奶貴婦影片流出
平台约得学校老师第三部
新加坡情侶自拍打砲影片流出
内射了这个嫩逼，最后爱液流出，很爽
露脸约炮离异美少妇3P操爽她
台灣無碼萱萱-按摩棒推銷員
酒店爆操女神级性感黑丝大长腿美女撕破丝袜插的大叫
極品尤物黑絲正妹被壓在沙發上狂幹
極品大奶空姐一下飛機就被土豪接去摩鐵無套幹砲
花大錢約到極品36E大奶妹打砲爽度真不是蓋的
公子哥無套抽插極品美乳家教老師
台灣刺青兄弟和cosplay女友開房做愛
台灣本土=老婆小孩不在家~偷吃離婚小姨子
台灣~你在幹嘛現在就在錄了哦
本土自拍玩弄我的長腿女神級炮友
【台灣】刺青眼鏡哥的25歲女友，素顏賣力含屌
【台灣】當兵的男友休假回來當然要來場激烈的
广东大奶骚妇被爆操露脸
百貨櫃姐啪啪啪被男友偷拍流出
170長腿網紅主播賣力演出活春宮
暑假到了台灣高中情侶趁家人外出工作在家打炮
上海戲劇學院校花性愛影片被渣男流出
色影師與極品完美模特的翻雲覆雨.無套內射
超级骚B口活女王
情侶自拍在家無套狂插.極品大奶女友射一堆
年輕小伙帶妹子到摩鐵激情啪啪啪
摩鐵私約大戰迷你裙極品巨乳妹子
美麗名模被迷姦影片流出
老闆出差打給飯店服務叫個紅衣大奶妹來打一砲
彩色丝袜后入爱爱
公子哥調教極品美乳啦啦隊長.變換各種體位使勁操
(台灣大奶妹)被男友入肛嬌喊屁屁好痛
富少花錢搞上極品巨乳模特當作玩具無套玩弄
多年來老公已與小三秘書在外築愛巢
大奶人妻受不了金錢誘惑答應拍片.任人抽插3P性愛
超會叫床的~臉蛋身材一流G奶網紅主播刷跑車就可約砲
国产KTV包间淫乱派對B吸烟B开瓶抖奶最后在附打炮视频
高颜值长发美女聚餐喝多后被一起吃饭的朋友带到酒店慢慢脱光衣服狂操后又尽情玩弄!
丰满大奶子骚逼富姐一下找两个男人玩3P两根鸡巴轮流插有对白
东北某院校大胸美女翘课与情人宾馆偷情第二部完整版!吃鸡巴时说：平时不敢和男友这样玩.被操的边喊痛,边说舒服.对话很精彩！
带你体验桑拿会所特殊服务现场选秀有模特有佳丽点个江西168大波美女服务真心到位呻吟刺激对白精彩
超清纯白嫩外企少妇被领导潜规女神级超美为保工作被领导狂操不停
在微信附近的人认识的美女,活很好
气质性感的女神美女与男友闺房自拍性爱分手后被曝出,长的小家碧玉,没想到闺房之乐却那么丰富
KTV约炮丝袜女神韩小希
身材不错的美女,草的很爽
国产土豪双飞，貌似玩不过来
陌陌上约到的风骚离异少妇美女口活功夫不错做起来特别骚,叫声让人更兴奋普通话对白
草完以后美女还想继续
性感黑丝长腿骚炮友发浪极限勾引被大屌无套淫荡暴力抽插爆裂黑丝最后冲刺好猛国语对白
主题酒店羽毛房偷拍-气质漂亮的美女好像是被男友骗到酒店后要啪啪,美女不同意,左哄右骗最终还是没逃掉被爆操内射!
网红CutieQueen超嫩BB作品女神级的尤物大长腿鲍鱼受不了硬的好想操，白嫩娇躯心动的要肾虚了
在宾馆把女友下体刮成白虎在干
主题宾馆偷拍中年大叔约样貌身材很不错的美女人妻偷情,担心满足不了还带了道具,没想到竟连续操了3次!
酒店约啪黑丝性感女神
170超爆魔鬼身材+极品爆乳D奶+性感灰丝长腿+喷血诱惑配乐疯狂女上骑操站式后入抽插猛操淫荡浪叫
勾引美貌少妇自拍
超漂亮性感的白嫩气质小少妇脱掉内裤在客厅地上被爆操内射.粉嫩馒头逼!
白嫩大波美女主播甜甜鏡頭前自慰挑逗狼友高潮噴水爆菊太刺激了對白淫蕩.mkv.gif
美國各H站人氣爆棚的華裔小鈕
漂亮淫荡的中国留學生当着男生室友的面和老外啪啪啪室友玩游戏表示已习惯一切
恋夜美女主播有点像刘涛,连体情趣道具狂插粉嫩骚逼出白浆,奶子有足球那么大
酒店偷拍极品模特身材高颜值美女与年轻小伙激情一顿爆操呻吟给力
漂亮清纯在读高三学生骨子闷骚在家抠b自慰小穴嫩粉诱人
会议桌干OL语文老师快速后入爆操嗓子叫哑了蒙眼淫叫“J8好粗快肏我”
女神级性感漂亮女秘书给经理送文件时被诱惑潜规则,边干边用手机自拍,蝴蝶小嫩B让人超有欲望,狂插到高潮,表情淫荡真是风骚美女！
小旅馆偷拍体力不错的小伙和泡到的少妇偷情貌似说的是湖南话
两个高颜值气质大学美女酒店直播赚外快时担心声音太大门外有人偷听,不时要到门口看看!太漂亮了,逼逼真干净
微信约操长得有点像明星李X璐的性感大长腿短裙小模特,没穿内裤直接撕破丝袜狂干,呻吟给力!
土豪用69姿势把女的搞的爽歪歪
酒店偷拍战斗力极强的小伙把性感漂亮的大胸美女玩到高潮时再快速抽插,操的美女淫叫不止高潮不断!
花1500叫了个小妹，全程享受高质量服务
高颜值气质学院派女神美女把情人舔硬后还被强行插嘴,干的受不了了才操她的小嫩逼!
高颜值极品女神大胸美女吃夜宵时被暗恋已久的男同事故意灌醉蹂躏啪啪,逼逼毛少肥厚堪称极品!
干完一次不够，女的喊着要再来一发
带丝袜小旅馆嫖妓系列红衣妹子第二视角拍摄口爆撸射对白清晰
出租屋内把睡熟的女友草醒了
爱思小仙女思妍最新大作飞天小女警
国产乱伦超真实叔叔把刚成年的侄女给哄上了床，还打开视频给狼友看
台湾93年MM淫乱3P高清视频女的很漂亮听叫声就想射她一脸
超正网拍麻豆,紧致的馒头逼真是太敏感了多次高潮看表情
黑丝高跟美女少妇带女闺蜜和情人玩3P,接到老公电话说：半个小时后回去.客厅被2人插完带到床上操!
最新跨年作品巨乳空姐黑丝肉丝激情内射
极品美乳模特紫萱内部定制大尺度视频坐在摄影师的肚子上对着逼逼拍
气质漂亮的极品小少妇和老公一起约好友玩3P,各种姿势接连爆操,受不了了想走!
某艺术学院高挑性感极品美女在车上就已经迫不及待的把内裤脱掉,刚插进去就大叫：再快点,操我,深一点,操死我!
精品特色酒店情趣房偷拍猥琐卷毛哥后射呻吟很大好身材女友
和美女啪啪,各种撩人姿势一起来
摸醒我，我就干到你想尿尿,极品黑丝性感美女被操的哭叫：我想尿尿,用力操我,你操到我G点了!
公司性感小姐姐淫荡骚浪美臀翘-皮肤白皙性感小美女骚的不行扒下黑丝椅子上猛操
大神调教女神,穿上红丝袜再爆操
趁着下属出差去他家里把她老婆慰问了
把微信聊了一个多月的外企公司性感女秘书带到酒店,花样太多把妹子操生气了哭也不是喊也不是!
新加坡富二代性爱录像流出
女学生,少妇和我3P,先和少妇一起把她搞爽,哀求着：求求你快操我.干完她后又把少妇操了!
宅男撸管推荐刷跑车福利吴音音露脸啪啪不是一般的精彩
气质漂亮的美女人妻公司聚时被同事灌醉带回家中疯狂玩弄后强力抽插
神似蔡依林的黑丝长腿客服接待极其容易高潮骚到不行淫叫老公你操死我了老公
大屌哥和女朋友做爱穿上性感的情趣内衣不戴套干
身材不错戴着墨镜的女主播含大鸡巴各种姿势啪啪
年纪不是很大的女主播和木讷男小树林打野战直播男的被蚊子叮了一腿包
男材女貌的大学生情侣性爱自拍女女的样子很淫骚
乳神张雪馨被几个摄影师围观拍照修长美腿馒头逼
偷情人妻浴室冲凉口活后入，到床上穿上黑丝诱惑，舔鸡巴主动上位被我后入干的呻吟浪叫720P高清无水印
气质女神白富美露脸，口交多姿势爆草，草胸你见过吗
精品酒店偷拍球衣美女和大叔啪啪，草完不知道为何吵架了
酒店偷拍保险公司帅小伙上班时间带性感短裙美女同事啪啪,淫叫：我要的是高潮,用力,舒服,要爽死了!
公司性感小姐姐淫荡骚浪美臀翘皮肤白皙性感小美女骚的不行扒下黑丝椅子上猛操
假日的城中村真繁荣大白天小巷到处坐着等客的妹子，挑了个漂亮少妇出出火
国模沐心被摄影师用电动棒棒玩逼对白清晰
抽插肥臀艺术系学妹骚叫“太深了”高清完整版
傍晚穿梭在城中村的小巷站街妹子纷纷出来搭讪跟了个漂亮妹子进去搞
呆哥边操情人妹妹边给青岛情人打电话直播做爱过程
湖南清纯漂亮的长腿嫩妹挑战25CM超粗大鸡巴自拍,猛男用尽全力不停抽插,没想到竟然坚持下来了,最后还被射颜！
大屌哥城中村出租屋嫖妓鸡巴大搞得小姐有些吃不消
周末约操美术学院大一极品美乳小情人迫不及待扒开性感小内内快速抽插
周末和女友在出租房干炮
沙发上肏水很多的少妇
高颜值性感美女为了增加收入不惜夜晚和男友一起表演啪啪视频,打赏越多操的越猛,小穴好像都被干肿了
和刚下班的银行小白领在洗手间一边和王经理打电话一边开草
洋老外米糕最新杀回东莞作品再次约炮2年前那个极品白虎花花逼逼依然很干净
酒吧聚会没带钱包的性感漂亮美女混熟后在厕所啪啪,空间狭小施展不开带到酒店各种干她
新流出洋老外越南公园狩猎19岁兼职学生妹
约炮混血美女大战300回合
美女副驾驶位勾引男友,说你干嘛那么用力,操死我了
大美女思瑞黑絲高跟前所未有的高清大尺度零距離特寫
在出租房狠狠地草女友
宾馆偷拍穿着风衣的漂亮连衣裙美女见网友时不让操,小伙软磨硬泡没办法最后直接抱到床上强干
大屌小鲜肉与害羞的极品白嫩女友高清自拍细腻口活好
狗爷城中村嫖妓系列环境还不错的养生会所炮房啪啪御姐范的学院美眉干完气喘吁吁
狗爷城中村发廊嫖妓双飞两个年轻妹子250元物廉价美对白有趣
真實咪J-KTV套路灌醉可愛的校花級香港妹酒店開房啪啪粵語對白
约啪酒店大堂經理制服篇
陪女友逛完街回出租屋大肉棒抽插內射小臊肉茓
水晶小白跟女友在出租屋无套内射
外表清純的眼鏡學生妹被大力啪啪
素人约大蜜范女神约拍全记录02
素人约大蜜范女神约拍全记录01
元旦請單位漂亮同事吃火鍋,接著酒吧猜色子趁機M倒
极品嫩穴后门吞玻璃珠
财经学院美女
高颜值气质可爱大学美女被朋友M倒脱掉短裤狂操
花钱约炮强吻小师妹
床上希望热量中出~即使在寒冷知念真樱
加钱都不让操的气质漂亮按摩技师少妇费了半天功夫好说歹说终于给我口爆了!国语对白!
教你怎么让女孩起床分开腿直接操她约炮身材苗条漂亮妹纸露脸还光屁股接朋友电话对白精彩
精致美少妇和眼睛哥约炮直播在镜头前插B，诱惑表情特写对白非常有趣！！
酒店开房约炮啪啪单位95年未婚丰满大屁股女同事
鸡巴大啪啪猛高价约炮外围极品女模特性感公关制服诱惑床上床下来回肏
剧情强暴美女系列二
孔雀东南飞超强豪华巨制剧烈啪啪最后女主都站不稳了
撩妹约炮风情很有女人味的漂亮人妻露脸穿上黑丝操椅子上干抱起来操到浴室再操回地板
露脸丝袜美脚舔阴足交，鸡巴让这美女这样搞法都弄坏了
某车展结识的旗袍蜜桃臀性感女模
90后情侣家里嘿休
女神级E杯巨臀混血足球宝贝ADA酒店被狂操的高潮不断,身材样貌简直极品中的极品
排骨哥小白扮客户约草长得有点像李小璐的长靴短裙小野模
齐逼短裙高跟大长腿美女为了体验刺激夜晚和男友开车到公路上玩车震,车里操着施展不开又到车外干!高清版!
长发美女聚餐喝多后被一起吃饭的朋友带到酒店慢慢脱光衣服狂操后又尽情玩弄!
韩国女星偷拍第32部都是高颜值极品好身材美女
双飞高颜值的上海177制服姐妹花普通话对白
头条女神曼苏和土豪酒店XXOO视频
网红啪啪啪扣逼舔JB操逼
无毛白虎萝莉主播穿开档丝袜勾搭个炮友啪啪啪太诱人了
胸大性感的漂亮大学美女被操高潮后大叫：好粗的大鸡巴,操死我了,好爽,我喜欢大鸡巴!
疑似大陆品翘臀嫩模尤物穿超性感情趣黑丝与富二代开房激情啪啪
有钱人高价约炮学院在读青春靓丽美少女援交妹服务到位被各种爆操开始娇滴滴呻吟后来嗷嗷大叫这钱花的值啊
又一次微信约操身材苗条奶子超大的漂亮大学美女宾馆啪啪,全程不休息干完又干,奶大逼紧身材好,极品!
约炮东北网友辽宁张眯长发大高个开档黑丝多体位爆操对白精彩淫荡
这两人真屌巨乳主播骚晶儿和帅哥司机穿着拖鞋就敢开车上路车震对白非常淫荡
自拍与女神级高素质极品大学美女床战,身材高挑气质好,鸡巴插进去就开始大叫：好舒服,B舒服,喜欢被使劲干真是太漂亮了
最新微信微拍极品女神精华合集,超多美女各种自拍总有一部是你喜欢的
骚妇女主播糖糖商场前广场加微信搭讪个大叔去开房激情对白清晰
偷情超骚大长腿女警花酒店开房操高潮后说爽,快点,你想不想让别人操我
覗魔大神最新大作同时迷倒2个妹子一起玩弄沙发和床上分别玩弄
小伙约炮极品成熟风情外围女郎长卷发很有范喜欢吃鸡巴阳台边看着夜景开搞衣服都不脱多体位啪啪啪
休閑會所玩弄風騷女技師足交揉逼舔蛋蛋爽的欲仙欲死微漏臉
样子很淫骚的野摸掰穴让摄影师近距离特写拍照貌似很多白带
与前女友情人节在宾馆啪啪，舔的她嗷嗷直叫，就凭这功夫一直没有断了联系
重温最经典的国产3P大作成熟性感美艳丝袜少妇值得撸上一发
最近比较火3位高颜值美女大尺度私拍
清纯可爱苗条小美女和精瘦哥野外车震直播真厚道操完还给大家看妹子逼逼特写
网红哆啦福利视频演绎支开老公去买醋和小叔子厨房啪啪对白淫荡
淫操调教极品初音女神超粉嫩美鲍翘挺美乳无套抽插淫荡浪叫奖励中出
约炮丝袜夜场酒吧网红脸女神，对白很爽很舒服啊阿啊老公我要
无锡刚上班的小美女和2男同事一起吃饭时被忽悠的喝醉后带回去2人轮流不停的操,一个干一个拍摄!
私人订制篇潜规则巨乳丝袜腿模莉莉
酒店约操美容院上班喜欢玩自拍的丰满巨乳小美女,性感情趣装爆操2次,痛的哭泣说：我真的受不了了!
极品网红女神鹿少女找邻居帮忙修理淋浴被侵犯,操的高喊好爽,受不了,好痛啊
国内某高校极品大奶校花流出淫荡私拍有些像郭美美
动漫COS干物妹小埋黑丝情趣制服蒙眼睛被爆操机巧少女不会受伤尽情抽插
大屌彪哥宿舍各种姿势温柔的插插新泡的花都夜总会女领班
用大屏幕一边看电影一边肏逼
喝醉了带回酒店随便玩
真實攝像高級酒吧內淫亂表演和客人互動場面有點混亂也夠淫蕩刺激的
有时间就约出来打炮的单位美艳人妻少妇张仲华露脸纪实还说是不是射了快去洗一下吧有进步啊
大陸經典自拍少婦被肏得白漿四溢腿女郎特刊02
大陸經典自拍少婦被肏得白漿四溢腿女郎特刊01
阴道内部拍摄的做爱过程片子还能看到阴茎在阴道里动的过程
把正在移动公司上班的小情人拉到车上玩车震害羞还用雨伞挡住车窗
中午趁午休时间约小区背着老公出来的175CM气质美少妇到家中啪
中午趁没人偷偷到厨房掀起表嫂的裙子直接开操客厅椅子全是我的战场没想到还是极品无毛白虎
职业萝莉和boss在办公室的故事
约炮外围极品风骚女模倩倩性感开档黑丝大高跟沙发上爆操王牌姿势抱起来肏搞出好多淫水高清_02
约炮外围极品风骚女模倩倩性感开档黑丝大高跟沙发上爆操王牌姿势抱起来肏搞出好多淫水高清_01
新加坡超漂亮美女空姐与男友打炮自拍白虎粉嫩美鲍鱼
屁股很丰满的少妇跪着帮我舔鸡巴太爽了一定要后入
微信约操背着男友偷偷出来的22岁魔鬼身材小嫩模连射2次好像还没满足_02
微信约操背着男友偷偷出来的22岁魔鬼身材小嫩模连射2次好像还没满足_01
网友4P超性感漂亮的长腿丝袜高跟双胞胎姐妹花2人轮流换着操太漂亮了网友没忍住提前射了_02
网友4P超性感漂亮的长腿丝袜高跟双胞胎姐妹花2人轮流换着操太漂亮了网友没忍住提前射了_01
网上约的大学生穿着齐逼牛仔裤过来被我操_02
网上约的大学生穿着齐逼牛仔裤过来被我操_01
街边搭讪的极品美女去开房啪啪
2018内裤哥最新作品风情人气桑拿
普通话丝袜控山哥和有点害羞下面一摸就出水的师妹酒店开房
破解家庭网络摄像头监控情侣啪啪男友干的太猛早射了女友没满足一脸不高兴
和朋友一起3P轮奸丰满漂亮的女社长高挑性感想着法的干嘴里吃着鸡巴后面干着太刺激了美女真耐操
极品粉木耳高校学妹苏晴泥地缠绵3P内射3
非常有气质的美女被两男子扒光狂干半个多小时粉木耳都干肿了
大胡子洋老外桑拿会所体验绝美漂亮技师的贴心全套服
某地小有名气的极品平面模特被男友灌醉后让朋友啪啪干完一次发现妹子有点醒赶紧又操了一次
会展中心气质美女高媛媛爆操172CM好身材高颜值的知性美女_02
会展中心气质美女高媛媛爆操172CM好身材高颜值的知性美女_01
酒吧认识的妹子把她灌醉带回家中玩弄
广东约约哥最新自拍家里沙发各种姿势草非常骚的肉臀良家少妇呻吟给力_02
广东约约哥最新自拍家里沙发各种姿势草非常骚的肉臀良家少妇呻吟给力_01
高价约炮极品大长腿外围女模修长身材镂空网袜暴干呻吟娇喘干的叫爸爸_02
高价约炮极品大长腿外围女模修长身材镂空网袜暴干呻吟娇喘干的叫爸爸_01
穿韩系学生制服诱惑被男友无套爆操蒙眼暴力操呻吟浪叫使劲操干死我
长相甜美火爆网红鹿少女和眼镜男家教剧情啪啪无套内射
一夜连续宠幸两位妹子真是人帅屌遭罪
约约哥最新精品大片酒店玩弄十八岁大奶纯情学妹
疑似东森主播李X伦不雅视频流出床上被挑逗各种搞服服帖帖的
极品港航空姐性爱自拍流出2
性感气质美女KTV唱歌喝多了被带到酒店内裤塞到嘴里绑住手脚疯狂玩弄后边干边用手机拍摄特写
香港水嫩模特聚餐喝醉被带回酒店干完后不过瘾又狠狠玩弄接着操担心被发现又把她衣服穿好
微信约炮极品黑丝靓妹主动坐车来约会奶大肤白水多呻吟销魂
玩女无数的鸡精哥遇到了非常会玩的高手37岁离异富姐穿着黑丝高跟肚兜玩
济南在炮友家中约战露脸很肉沙发上激情爆草
芜湖操大姨妈刚走的银行柜员妹子屋里有点冷运动会暖和了无套爆草射在了外面
文静的女儿刚上床眼镜还没取我就就偷偷进来干她还让她小声点妈妈在上网
少妇杀手口功打炮厉害把偷情小少妇伺候的淫叫不止69玩的太刺激骚女口活无敌骚的受不了完美露脸
我草你妈的你怎么射我背上表哥最近泡到的美院大三妹子现在的大学生真没素质脱口爆粗
身材超火让人流鼻血的国民女神最新福利性感透视蕾丝极致诱惑
偷到女朋友家去强行和她发生关系操她发展最后一步她也猛在叫为什么操我
身材颜值超极品的美女和几个男同事KTV唱歌时被灌醉出租车上玩弄后又带到酒店轮流啪啪
青岛酒店跟一初中美女老师疯狂爱爱连操2次射在她脸上强行让她舔干净
偏远山区禽兽二叔诱奸来寄宿的侄女每天来一炮才让去上学
极致粉嫩小穴的中俄混血美眉小马甲白丝高跟再度来袭这哥们太会玩了
富二代方哥与地产女神马X筠流出第四部口爆吞精粤语对白
带着自己的徒弟第一次3P就是一个多小时石家庄学院95年系花
色心哥蹂躏露脸小情人床上床下使劲造小骚货非常主动套弄我的大鸡巴
情人带她的妹妹出来买姐妹俩一起3P教给她征服男人的技术
国产女神级性感美女陪闺蜜KTV见网友喝多了带到酒店2人轮流干
对白淫荡粗暴91大变态调教虐待眼镜骚妹纸开双洞口爆吐精自己扇自己嘴巴子很黄很暴力感觉妹子还高潮了
大叔蜗居养了一对双胞胎姐妹花供她们上学给她们钱华不管她们的任何事只要晚上按时回来给他操就行
两个蒙头富二代宾馆开房和气质大学生援交美眉啪啪鲍鱼很漂亮
狂操超高颜值36E大白奶西西里的表妹说我想天天给你操我要高潮了我要我要
南航空姐性感视频被流出_02
南航空姐性感视频被流出_01
风流哥新作颜值不错800块一炮会所小妹貌似没戴套内射
大鸡巴内射泰国大波白虎妹子Pepe
大鸡巴干极品白虎馒头逼SM滴蜡
穿着吊带衣服的小姐太性感了看着鸡吧就硬
操穿亮丝古典旗袍装身材完美的极品美眉饥渴舔亮丝的样子像个男优
包养刚开苞不太久的美乳水嫩90后萝莉正妹室内浴室到野外做爱都需要教的妹纸
2018年越南国民经济学院女大学生秋雅琪不雅视频泄露风波无套抽插
带着铁粉开房大战极品外围女大肥屁股特别刺激一个拍一个爆操最后一招开飞机_02
带着铁粉开房大战极品外围女大肥屁股特别刺激一个拍一个爆操最后一招开飞机_01
超极品大美女车内自慰勾引我晚上开房我该何去何从啊
操小莫文蔚情趣白丝精致的口活主动上位爆草特写后入护腚毛清晰可见
大卵哥酒吧泡个坐台小姐回家过夜穿着黑丝开档一边屌一边用手机自拍
出差宾馆微信约炮老炮友熟女鸡干全套胸推臀推毒龙时间久不见操的太猛把避孕套都留逼里了
内裤哥高级酒店狂操S形黑丝连体服高跟巨乳的客房经理丰满大奶子齐B小短裙看着就想操
陌陌约的重庆嫩女很主动各种姿势操她太刺激了女孩真是太能叫了
会所兼职的良家气质少妇按摩时故意不停的挑逗顾客男的最终受不了加了300元狠狠的把她给操了
超嫩野模薇薇与富二代屌丝肥男开房激情做爱不带套插入开操极品嫩鲍粉木耳.avi
比看av还要爽真实的呻吟能叫到人的心里5万日元晚上操女优.mkv
偷拍汉奸头小伙和女网友约炮搞完好奇的摆弄避孕套里的精子
风流哥新作颜值不错800块一炮会所小妹貌似没戴套内射.mkv
女神级嫩模雨珍穿着制服演绎带着丝袜求职被潜丝袜美腿小穴湿嗒嗒的
迷干白富美少妇一晚不停的搞最后都没有东西射出来了再把所有套子都放在她脸上
酒店约炮80斤巨乳白嫩美女一边干还一边手机玩自拍
夜店附近碰到的极品大奶美女借口送她回家车上捏奶诱惑口爆后带到酒店激情啪啪
身材一流的极品美女屁股很翘1
夜店附近碰到的极品大奶美女借口送她回家车上捏奶诱惑口爆后带到酒店激情啪啪来劲后美女自己还拿着手机拍摄
土豪哥疯狂操靓妹粉逼很紧被搞得尖叫不断
师范学院漂亮美女外表清纯内心淫荡用丝袜小脚撸鸡巴自己的内裤都湿透了丝袜内裤不脱爆操呻吟太好听了
偷拍猥琐男调教性感漂亮女友喊爸爸女不同意被男的用手暴力扣插到高潮后说爸爸我不要了
偷拍气质长发美女少妇和网友酒店见面时突然网友朋友进来要3P少妇不同意被网友狠狠的爆插
偷拍气质漂亮的美女少妇背着老公偷偷和单位领导开房开始还有点生气不愿意强制性插进去操
洋人小伙国内嫖娼叫了个颜值身材不错的小姐服务到位激情还玩69
校花级美女与男友宾馆开房嘿呦自拍表情销魂我一旁拍摄她男友不行换我上嫩逼真紧
小伙子经老司机介绍低价格体验在居民小区深处暗藏的性服务场所貌似这里生意不错啊
内射国贸某外企公司巨尻高管对白清晰提前吃好药了决定好好射满她骑马后入猛操骚穴
内裤哥大战极品黑丝女公关经理完整版
男主环游世界休斯顿德州美国约炮馒头小骚逼普通话对白精彩同步字幕
颜值超高的模特女神思瑞又有新作了高叉荧光色粉红泳衣诱惑十足
新人约P露脸不打码网红妹子绝对没有20岁嫩的一匹逼里又滑又嫩
重磅福利无水录制豪乳女神兔兔勾搭开林肯的土豪宾馆豪华房啪啪对白精彩
丝袜y荡的呻吟无套内射
友财哥吃宵夜灌醉新泡的商场售货员女友给她拍恶搞冰恋的行为艺术照
夜班回家捡个醉酒女白领回家强搞
洋土豪东莞找鸡之性感高跟渔网情趣小妞被大屌干到大声淫叫
与女神玩刺激住宅小区奥迪车里车震内射用手机照明干的实在爽把妹纸操的说爽好舒服
与白嫩丰臀美乳的性感美少妇卫生间偷情老公在隔壁睡觉我就把他老婆强肏了
夜店下M药迷奸刚读大学涉世未深的白嫩小姑娘带回住所各种玩弄私处水嫩无套内射
网友投稿把两个按摩技师骗到客房迷倒挨个屌
网络红人女神思瑞私约土豪女上位疯狂抽插对白精彩有料
网络红人女神思瑞和土豪啪啪神情销魂大叫老公不要停
长屌哥宿舍啪啪高挑长腿师姐大叫爽死了呻吟刺激
早早就有E罩杯口活超棒好陶醉哦逼逼操再久都嫩每次都忍不住射了好多
在三亚旅游酒店叫得一个漂亮小姐答应拍视频了
某酒店两位前台美女下班后想尽办法把他俩搞上了床
蒙着眼睛让她吹硬后再内射
广东YY哥高级会所啪啪情趣内衣大长腿高跟小姐
酒店约炮180CM长腿极品女神高清完整版
酒店撕破了漂亮女孩的丝袜就开操抬起大长腿操得女孩呻吟大声叫操死我
酒店爆操胸大屁股翘的魔鬼身材平面模特不仅长得性感漂亮叫起床来特淫荡
江西出差酒店600元找了个身材高挑奶子挺翘的良家小少妇背着老公出来做女上位被操的连续高潮
极品身材完美容颜女友来姨妈还不忘给男友解决问题男友心疼他最后还怕男友生气吧内内拖下来证明不是不打炮是来姨妈了
极品美女找刺激和高富帅哥在公厕里啪啪
极品短发御姐和土豪去西藏旅游在火车卧铺玩自拍啪啪
极品爆乳高颜值美少妇与情人偷情打炮镜前站炮后入猛操无套爆操骚浪淫穴操的全是淫水
激情草原很少见的蒙古包内激战传统蒙古妹子完整版
好白菜让猪霍霍完美性感身材颜值爆表华裔白嫩女神被纹身大洋屌肏抱起来日
高挑漂亮的美女姐姐洗澡时被来家做客的男闺蜜趁机给操了
富二代太会玩婚庆公司策划经理一直搞不到手叫人给她药搞一个带回别墅玩弄真是可惜了这大美女
超漂亮性感气质美女和土豪酒店开房操逼非常配合各种姿势操不停皮肤白皙逼逼超嫩
富二代约端庄外围女让舔脚舔屁眼女上位叫床声太饥渴疯狂了
风流哥酒店口爆颜值不错的丰满网袜卖淫女问小姐精液什么味
大学名校美女在家把衣服一件件脱掉后和男友激情打炮自拍
对白清晰蛋叔微信约草风骚实习小律师穿着情趣渔网内衣草
把一个小护士拉到酒店硬上了
把美女灌醉后在沙发上可以随便肏她了
韩国女明星偷拍性爱视频
海天盛宴貌美纹身国模薇薇与肥佬大款嫖客开房对白清晰木耳挺粉嫩的
国产精品逃课系列之舞蹈系美女浴室用自来水玩冰火
广东约约哥最新自拍家里沙发各种姿势草非常骚的肉臀良家少妇呻吟给力
滴滴司机接个女神级极品嫩白长发美女拉到野外车震好艳福
大屌哥再战无毛小少妇多姿势场地激情爆草最后全射嘴里让她吃掉
大神用大吊各种抽征服女神娇喘的对白淫荡
大屁股气质大学生美眉和男友拿着单反机开房自拍没想到宾馆里早有针孔摄像机拍下了一切
超漂亮的黑丝妹开房自拍国语对白
03_酒店约炮3女2男淫乱啪啪非常有韵味的少妇爽死了_03
02_酒店约炮3女2男淫乱啪啪非常有韵味的少妇爽死了
01_酒店约炮3女2男淫乱啪啪非常有韵味的少妇爽死了
逼逼粉嫩的美女大学生约会网友被迷倒无套内射一穴白浆
霸气十足大JJ哥按着师范大学美丽女朋友的头拿嘴当逼洞插到爆
175CM俄罗斯美女娇娃的高跟美腿丝袜
偷拍在酒店叫小姐的整个过程
偷拍超清纯漂亮的牛仔裤大学美女又被男友酒店爆操2次
偷怕奶子坚挺圆润的美女被经验丰富的中年男子九浅一深慢慢操到高潮淫叫刺激
不要拍快关了帅气表弟和大奶子白虎美眉激情啪啪呻吟刺激
约了一个明星脸的美女在和我谈心_02
约了一个明星脸的美女在和我谈心_01
约的妹子穿学生装黑丝袜被我肏
女神级游戏美女主播吃过饭到闺蜜家看电影时被夫妻俩弄晕了竟然还让闺蜜先玩弄事后骗她是低血糖晕了36小时
偷拍很有文艺气质的美女和男友开房还说看到有酒店偷装摄像特意检查了下结果还是中招了_02
偷拍很有文艺气质的美女和男友开房还说看到有酒店偷装摄像特意检查了下结果还是中招了_01
身材修长漂亮的170CM大学美女又一次被网友约到酒店见面时被迫换上情趣开档丝袜各种爆操真是太嫩了_02
身材修长漂亮的170CM大学美女又一次被网友约到酒店见面时被迫换上情趣开档丝袜各种爆操真是太嫩了_01
漂亮空姐性欲难耐床上发浪自摸求操被大鸡巴狠狠的狂干内射呻吟声真骚国语
国产精品TS自拍作品绝色极品赵恩静酒店和富家小帅哥互相口舌JJ貌似有钱人都好这口
185cm九头身长腿香港妹完整版粤语对白
高挑性感的长腿美女喝多了插入时突然尖叫了一声哭着用手推着男的肚子喊不要不行仍然被无情的插入
大鸡巴哥和学院派女神玩刺激的在餐厅的厕所里啪啪自拍
变态大鸡巴风哥卫生间啪啪样子挺可爱的小骚妹鸡巴尿射她脸上
保险销售经理酒店上门给大款客户提供贴心服务
大个子和女友啪啪完看看骚穴里面休息一会再来一炮_02
大个子和女友啪啪完看看骚穴里面休息一会再来一炮_01
城中村拆迁一夜暴发的富姐酒店玩男小三被红酒灌倒反被耍弄
波哥商务酒店开房沙发各种姿势爆草空姐制服女秘书大声叫受不了
在外面吃饭就忍不住用脚玩起来了
性感水嫩的丝袜小美女酒店援交大鸡巴土豪哥逼逼太紧只能慢慢抽插趴在屁股后面干爽的不要不要的
性感漂亮的长发大美女真是太养眼了魔鬼身材让人欲仙欲死忍不住啪啪啪狂操呻吟声太好听了
咸湿房东出租屋浴室偷拍年轻貌美美眉洗澡妹子真节约也不来点沐浴露
无套内射大屁股逼逼粉嫩的护士制服少妇
偷拍漂亮可爱的大学美女和男友啪啪时操的可能有点痛准备操第2次时赶紧跑下床说我就躺地上不给你操了_02
偷拍漂亮可爱的大学美女和男友啪啪时操的可能有点痛准备操第2次时赶紧跑下床说我就躺地上不给你操了_01
偷拍年轻貌美的长腿大胸小美女被猥琐男用尽全力各种动作狠狠的爆操干完一次又一次看样子妹子是受不了了要走
屁股诱人漂亮的美女姐姐刚进卫生间还没来得及洗澡就已经忍不住干了一次足交口爆后继续操
性格外向的台湾美女出外游玩时又一次被同行的朋友弄晕后各种蹂躏啪啪鸡巴上还带了个道具
身材一流屁股性感的长发美女出租屋偷偷啪啪时被操的浪叫不止说轻点脚软站不住了
情趣酒店羽毛房偷拍爱美少妇和炮友吃完外卖化个妆再做爱男的还拿手机自拍留念_03
情趣酒店羽毛房偷拍爱美少妇和炮友吃完外卖化个妆再做爱男的还拿手机自拍留念_02
情趣酒店羽毛房偷拍爱美少妇和炮友吃完外卖化个妆再做爱男的还拿手机自拍留念_01
女友不在家偷偷走到合租房闺蜜女友的房间后人熟睡中的女友眼镜骚女闺蜜
女神娇喘番号16黑衣女神无套内射近景拍摄
女神级性感美女送了个包包就乖乖和土豪一起去酒店操完一次换双黑丝又干一次太性感了
趁公司聚会时气质漂亮的美女秘书喝了点酒左哄右骗把她带到酒店上了她看情形最后还有点不满足
豪华套房偷拍-高挑漂亮女白领浴池里操完后床上又操第2次累得男的要睡觉美女还要说你醒醒一共干了4次_02
豪华套房偷拍-高挑漂亮女白领浴池里操完后床上又操第2次累得男的要睡觉美女还要说你醒醒一共干了4次_01
大奶子美女帮我口交最后狠狠内射
白嫩漂亮的短发美女和男友啪啪时没一会男的就射了看美女的表情好像很不满意太浪费了
偷拍颜值爆表身材一级棒的美女看完微信有事要走被情人拦住先站着干一次又在床上狠狠内射一次才同意
素人约啪系系列之度假胜地搭讪出水芙蓉小女神
丝袜控恋物癖山哥酒店啪啪穿着性感蕾丝情趣内衣的商务伴游逼逼非常性感
偷拍身材修长漂亮的大学美女酒店私会网友时还被迫换上黑丝情趣服干嫩的连逼毛都没长全
桑拿选秀之狂操超高颜值36E大白奶西西里的表妹干的美女说我想天天给你操我要高潮了
情趣酒店水滴摄像头偷拍健壮男和美女洗完鸳鸯浴激情啪啪对白清晰
约炮80斤巨乳白嫩美女一边干还一边手机玩自拍_02
约炮80斤巨乳白嫩美女一边干还一边手机玩自拍_01
美女如云的餐厅高级坐厕偷拍镜子让美女们前后失守很有撸点
快点插进去干我KTV卫生间大战跳脱衣舞的骚货720P完整版
各种动作大战超性感漂亮的学院派长腿丝袜高跟美女奶子坚挺绝对的极品
偷情节巨制内射无缝咖啡丝袜高跟极品外围女
家庭摄像头偷拍猥琐男偷约单位气质美女少妇家中偷情还问有没有和别的男人做过女说都没有男人和谁做
大肉棍啪啪肉丝长腿大骚屁股微漏脸清晰完整版
2017最新高富帅小鲜肉微信约炮不老童颜美眉瞳孔啪啪这粉嫩小穴这么多年一点没变啊
8_黑客破解家庭摄像头监控喜欢用老婆化桩品的花美男和逼毛非常性感的媳妇啪啪
7_哈喽KT情趣套房TP眼镜仔的女友貌似很饥渴还没有脱好就把他按到鸡巴吃得很有味_02
6_哈喽KT情趣套房TP眼镜仔的女友貌似很饥渴还没有脱好就把他按到鸡巴吃得很有味_01
5_古堡主题酒店TP楞青大鸡巴小伙动作威猛干得女的胡言乱语套也没戴直接内射
03_萝莉主播柠檬鸭店挑男公关挑了个不错的小帅哥开房两人都没带证件只好野战对白有趣
02_高挑性感的美女主播按照网友要求直播半夜穿高跟鞋超短裙故意勾引摩的司机野战全程对白真是便宜了那个司机
01_高挑性感的美女主播按照网友要求直播半夜穿高跟鞋超短裙故意勾引摩的司机野战全程对白真是便宜了那个司机1
cosplay角色扮演被强操的蛇喰梦子性感厚丝袜推倒在床上猛操全程高速不停歇
野模曾珊宾馆被摄影师潜规则生理期只好玩嘴抱着脑袋把嘴当逼洞猛插口爆
03_红帐房全视野偷拍魔鬼身材的极品长腿兼职模特异地私会网友酒店住了2天不知道被干了多少次
02_红帐房全视野偷拍魔鬼身材的极品长腿兼职模特异地私会网友酒店住了2天不知道被干了多少次
01_红帐房全视野偷拍魔鬼身材的极品长腿兼职模特异地私会网友酒店住了2天不知道被干了多少次
03_啪啪20岁制服开裆小白领射得一塌糊涂
02_晚会相识极品C奶女神酒店露脸啪啪高清完整版
01_晚会相识极品C奶女神酒店露脸啪啪高清完整版
03_情趣酒店TP有点搞笑的裸睡情侣退房前来一炮男的射好多女的擦起让他闻一闻
02_情趣酒店TP有点搞笑的裸睡情侣退房前来一炮男的射好多女的擦起让他闻一闻
01_情趣酒店TP有点搞笑的裸睡情侣退房前来一炮男的射好多女的擦起让他闻一闻
03_名门夜宴偷拍系列两个颜值不错的美女被色影师套路拍广告偷拍洗澡
03_会展中心气质美女高媛媛爆操172CM好身材高颜值的知性美女
02_喷血推荐-红帐房偷拍在婚庆公司工作的情侣布置完婚房后感觉环境太浪漫自拍后竟然在婚床上操起逼来
01_喷血推荐-红帐房偷拍在婚庆公司工作的情侣布置完婚房后感觉环境太浪漫自拍后竟然在婚床上操起逼来
香港夜场搭讪的一个美女带回酒店啪啪
维吾尔族的美女被我上了
酒店叫了两个白虎妹子双飞
和公司年轻的会计偷偷出来开房
狠操性感漂亮的乌克兰巨乳少妇,干的鬼哭狼嚎,操的太猛穿衣服时还想再干,美女就是不让了!
大鸡哥酒店啪啪性感的丁裤高跟三线小野模无套内射小淫穴
02_吐血推荐几个香港咸湿佬摄像师给逼逼嫩的一摸就出水的极品白虎裸模拍写真
01_吐血推荐几个香港咸湿佬摄像师给逼逼嫩的一摸就出水的极品白虎裸模拍写真
02_偷拍白嫩漂亮的美女私会网友时脱掉裤子被发现是一线天无毛白虎逼研究了一会后被狠狠爆操2次
02_哈喽KT情趣套房偷拍饥渴的少妇下午和单位同事开房貌似射了几次还没有满足
01_偷拍白嫩漂亮的美女私会网友时脱掉裤子被发现是一线天无毛白虎逼研究了一会后被狠狠爆操2次
01_哈喽KT情趣套房偷拍饥渴的少妇下午和单位同事开房貌似射了几次还没有满足
不要嘛,不要嘛!嘴里说着不要心里很想操的女神级性感黑丝美女被撕烂丝袜边操边拍,国语!
02_偷拍气质漂亮的大胸美女被偷吃性药的情人干的直叫操你大爷
01_偷拍气质漂亮的大胸美女被偷吃性药的情人干的直叫操你大爷
02_名门夜宴偷拍系列两个颜值不错的美女被色影师套路拍广告偷拍洗澡
01_名门夜宴偷拍系列两个颜值不错的美女被色影师套路拍广告偷拍洗澡
最新流出美女如云的餐厅高级坐厕第8季多角度肉丝白领姐姐的小穴很有撸点
约炮美容院骚老板娘到钟点炮房啪啪爽完自拍发朋友圈720P高清无水印完整版
02_偷拍性感水嫩的大屁股小细腰大学美女和男友逃课开房一个小时连着干了2次
01_偷拍性感水嫩的大屁股小细腰大学美女和男友逃课开房一个小时连着干了2次
02_会展中心气质美女高媛媛爆操172CM好身材高颜值的知性美女
01_会展中心气质美女高媛媛爆操172CM好身材高颜值的知性美女
猥琐男喊小美女去吃饭,她不去男的就干她,操一会后又问去不去,美女还不去,男的又狠狠的干.对白清晰,超搞笑!
素人约啪职场新人求职潜规则之中出面试高颜值水嫩小美女肤白乳美动情缠绵
02_偷拍刚下班的长裙美女和同事一起酒店偷情刚干完第2次好像接到老婆电话赶紧草草了事的走了
01_偷拍刚下班的长裙美女和同事一起酒店偷情刚干完第2次好像接到老婆电话赶紧草草了事的走了
再操哥和极品爆乳粉木耳白嫩女神体验车震刺激抽插操女神国语对白
名门夜宴偷拍系列模特黄X拍内衣广告被偷拍近景拍摄还来了个前来试镜的模特
02_偷拍丰满白嫩的气质美女性欲真旺私会小鲜肉情人时不停的索要足足干了3次才放过小鲜肉
01_偷拍丰满白嫩的气质美女性欲真旺私会小鲜肉情人时不停的索要足足干了3次才放过小鲜肉
探探上约到极品美女平面模特可儿,胸好腿好屁股翘,不经常做爱逼很粉嫩连续爆操2次,侧面108高清版!
普通话对白精哥鸡巴抹点按摩精油后人刚开苞没多久小太妹的嫩逼720P高清无水印
酒店情趣大圆床TP猥琐锅盖头男战斗力不够强要靠用手来满足骚女
02_主题酒店偷拍颜值爆表身材一级棒的美女看完微信有事要走被情人拦住先站着干一次又在床上狠狠内射一次才同意
01_主题酒店偷拍颜值爆表身材一级棒的美女看完微信有事要走被情人拦住先站着干一次又在床上狠狠内射一次才同意
轻吻商务系列之颜射银行女白领高清无水印完整版
国际旅游小姐亚军爆乳美女谭X全套不雅性爱视图流出无套疯狂爆操粉嫩小B
02_主题酒店偷拍小胖哥不远万里到异地私会微信女网友见面就开操住了一天竟狠狠操了4次累得都快虚脱了
01_主题酒店偷拍小胖哥不远万里到异地私会微信女网友见面就开操住了一天竟狠狠操了4次累得都快虚脱了
很有文艺范的气质美女开始很正经没一会脱掉衣服伸开双腿说：不行,你快点,用力,我喜欢,天啊,我要!
豪5000元约校花级女神美女酒店性爱,隔着内裤抽插,这身材样貌简直是极品中的极品！
广州出差认识的酒店前台服务员川妹子李X露脸开房啪啪720P高清无水印
名门夜宴偷拍系列摄影师和女助手套路偷拍女模贾X换内衣洗澡这模特喜欢往内裤里塞卫生纸
丽江旅游认识的90后美眉绝世美B夏佳第2部108P高清无水印完整版
偷拍气质漂亮的短发美女被男友快速抽插要射时突然不让干了,担心用力太猛把套套干破起来检查下!
新疆梦郎和铁粉酒店3P哈族美少妇少数民族性欲强啊看看下面毛就知道
真实自拍-趁朋友出差勾引他刚结婚没多久的漂亮老婆,沙发上操玩一次不舍的走又在床上干
最新流出美女如云的餐厅高级坐厕第4部美女穿丝袜的动作好放纵
大鸡巴草翻性感E奶肉丝妹普通话对白
大鸡巴哥和学院派女神玩刺激的在餐厅的厕所里啪啪自拍108P高清无水印
屌丝小混混穿着短裤拖鞋去接穿着性感白领女友下班看周围没有人直接在电梯里啪啪
醉酒女同事被男同事尽情地玩弄_02
醉酒女同事被男同事尽情地玩弄_01
周末和公司的漂亮女文员去宾馆开房
终于搞定了公司新来的女同事
宅男撸管必备极品御姐诱人的大胸小蝴蝶逼一摸就出水_02
宅男撸管必备极品御姐诱人的大胸小蝴蝶逼一摸就出水_01
与网上认识的某公司的女白领宾馆操逼
淫货穿着真空透明内衣和司机玩观音坐莲高潮喷射
与美女老板娘在家里啪啪啪
学校舞蹈系长得挺漂亮的美女酒店约炮，从床上干到浴室_02
学校舞蹈系长得挺漂亮的美女酒店约炮，从床上干到浴室_01
帅气小伙酒店开房电召个身材颜值不错的小姐
人不是很漂亮口技还行
情侣爱爱自拍
女神被大屌征服娇喘连连
女神级的白领被领导灌醉带到酒店开房用啤酒瓶插逼逼
某美容美体会所内部员工培训视频,真人示范丰胸美乳教学
绝世精品白虎妹妹
美乳女神思瑞被大鸡巴猛男爆插粉嫩小穴大声淫叫
美女与男友出租房内啪啪啪自拍
酒店约炮离异出来卖的少妇_02
酒店约炮离异出来卖的少妇_01
王东瑶和纹身锅盖头男友摄像头自拍这男的毒龙钻功夫不错
后入美女
酒店叫的长得还不错小姐干完后还可以洗鸳鸯浴_02
酒店叫的长得还不错小姐干完后还可以洗鸳鸯浴_01
极品粉嫩大奶子露脸妹子家中自拍
花高价钱与极品3线小模特酒店约炮
某电视台化妆师与土豪酒店开房
極品嫩模微博女郎欣楊KITTY大膽微視頻7V無毛嫩B打炮視頻流出
大奶美女给包皮男友口交完还要给他乳交
性感美女风景区拉着男友到公共卫生间疯狂操B自拍
网红脸蛋可爱小女友和长屌男友啪啪被颜射吞精
情侣情趣酒店开房啪啪啪被监控摄像头偷拍_02
情侣情趣酒店开房啪啪啪被监控摄像头偷拍_01
旅馆偷拍小情侣开房啪啪啪
极品嫩鲍白嫩女神与两个猛男小树林激情野战玩3P
和单位新来的女大学生开房
短裙小美女边给男友打电话边让猥琐大叔狠操_03
短裙小美女边给男友打电话边让猥琐大叔狠操_02
短裙小美女边给男友打电话边让猥琐大叔狠操_01
呆哥小悠妹妹和闺蜜双飞露脸自拍
华裔美女与大屌老外在阳台上操B_02
华裔美女与大屌老外在阳台上操B_01
趁姐妹俩喝醉偷偷把妹妹给干了
高跟学院美女被换着花样操_02
高跟学院美女被换着花样操_01
超清纯漂亮的大学美女被男友偷偷带回寝室狠干
把女同事迷晕后直接带到宾馆好好玩了一晚
英国小伙梅斯国内嫖妓这部貌似未经小姐同意偷拍的
样子猥琐的眼镜胖科长还挺会玩的啪啪前先让漂亮媳妇挑个丝袜网袜穿着干
土豪买了50万保险基金和好友暴力3P银行理财经理_02
土豪买了50万保险基金和好友暴力3P银行理财经理_01
微信约到的一位材苗条的美女到宾馆啪啪
破解家庭摄像头偷拍白领姐姐洗完白白风扇吹身子
极品白虎微博红人糖糖对着镜子暴插菊花
美胸模特浴缸私拍被摄影师袭胸摸逼
揭阳短屌肥男和极品黑丝女友啪啪女的呻吟非常给力
监控偷拍这姐吃着大鸡巴是在用手机玩自拍么貌似开始就吃到了屌毛
高学历御姐型性奴芝芝被干爸爸无套内射无毛小肥逼
趁女友睡着用假屌插她的小逼
E奶美女与男友啪啪啪自拍
大款汤先生酒店约炮会所坐台女_02
大款汤先生酒店约炮会所坐台女_01
表哥玩良家系列之成都国贸大厦化妆专柜老板娘要求很特别
91小航性感小骚猫的双胞胎妹妹
IT精英小彬哥网约高素质平面模特兼职外围女_03
IT精英小彬哥网约高素质平面模特兼职外围女_02
IT精英小彬哥网约高素质平面模特兼职外围女_01
周末在家里享受性爱的乐趣_02
周末在家里享受性爱的乐趣_01
周末和女朋友在出租屋自拍_03
周末和女朋友在出租屋自拍_02
周末和女朋友在出租屋自拍_01
珠宝店新来的迎宾小姐
新交的女友面对镜头很放松一看就是老司机了_02
新交的女友面对镜头很放松一看就是老司机了_01
小妹妹不错大宝键一条龙服务
与隔壁的女邻居偷情_04
与隔壁的女邻居偷情_03
与隔壁的女邻居偷情_02
出租屋针孔偷窥小姐招嫖第6季胖哥搞完整口鲜橙多
女朋友困的不行了还把她叫起来做爱
后入新交的女友用手机偷拍视频_02
后入新交的女友用手机偷拍视频_01
出租屋针孔偷窥小姐招嫖第5季大结局
内裤哥偷拍良家少妇_02
内裤哥偷拍良家少妇_01
酒店厕所近距离偷拍裙底
出租屋针孔偷窥小姐招嫖第4季纹身哥观音坐莲
高级会所找的极品小姐_02
高级会所找的极品小姐_01
出租屋针孔偷窥小姐招嫖第3季接待纹身哥
公司新来的美女财务_02
公司新来的美女财务_01
出租屋针孔偷窥小姐招嫖第2季干部玩狗趴式
动车偶遇的美女去酒店干一炮再说_02
动车偶遇的美女去酒店干一炮再说_01
大保健会所培训前列腺手法02含后臀调理
大保健会所培训前列腺标准手法01
出租屋针孔偷窥小姐招嫖第1季貌似来了个大干部
出租屋和女朋友干炮偷拍_03
出租屋和女朋友干炮偷拍_02
出租屋和女朋友干炮偷拍_01
安徽蕾蕾最新性爱视频流出_03
安徽蕾蕾最新性爱视频流出_02
安徽蕾蕾最新性爱视频流出_01
成功约到鸽子妹妹出来开房了_03
成功约到鸽子妹妹出来开房了_02
成功约到鸽子妹妹出来开房了_01
白花花的奶子太诱人了
白虎女友被我肏的时候笑得很开心_02
白虎女友被我肏的时候笑得很开心_01
最近很红的91骑士哥应邀双胞胎姐妹花一块玩_02
最近很红的91骑士哥应邀双胞胎姐妹花一块玩_01
中秋宅男打飞机福利国产女神级美女主播紫薇呻吟超诱惑
淫荡少妇在宾馆和2位男士玩3P大战，全程普通话对白
洋老外开房操泰国沙滩上认识的良家_02
洋老外开房操泰国沙滩上认识的良家_01
无套内射大屁股逼逼粉嫩的护士制服少妇_02
无套内射大屁股逼逼粉嫩的护士制服少妇_01
眼鏡经理和服务生MM房間打炮被爆光
国产拳交女王周晓琳超大号针筒注射花生牛奶_02
国产拳交女王周晓琳超大号针筒注射花生牛奶_01
美国人气爆棚的华裔小钮一边啪啪一边同步自拍_02
美国人气爆棚的华裔小钮一边啪啪一边同步自拍_01
混血哥大战曾经的美女班花，操得骚货大叫爽死了求你快点操我_02
混血哥大战曾经的美女班花，操得骚货大叫爽死了求你快点操我_01
国内罕见公司女商务自慰潮喷三次后高潮痉挛了
国产顶级AV稀有极品拳交女王周晓琳性感黑丝快乐呻吟_02
国产顶级AV稀有极品拳交女王周晓琳性感黑丝快乐呻吟_01
国产酒店满足水草茂密性欲强烈蓝衣情人
大奶少婦白天在家被恨肏
国产大白天跟漂亮女友做爱
跟身高175的妹子啪啪啪高清_01.mp4
大奶騷貨張開雙腿騷穴被深肏至底.mp4
性感大长腿短裙小模特,没穿内裤直接撕破丝袜狂干,呻吟给力
小姨子和男友吵架後來我家休息,趁老婆睡著在床上偷偷乾了她
小女友吃着汉堡也不放过我喊着要大爷鸡巴操
小老板爆操极品黑丝小情人肉棒和道具配合搞的妹纸淫叫不止呻吟是亮点犹如AV女优听声就硬方言对白
香港G奶影视模特李宓儿性感透视丝袜酒店私拍诱惑
无套爆操黑丝淫叫好爽使劲操
卫生间小美女趴在洗手台激情后入开操
微信约炮平面模特极品比基尼美女,露脸口交
最新流出97年九头身美女依依
样子猥琐瘦高个按狼友的要求直播啪啪有求必应
这小骚B比她姐姐都抗操.刚说完妹子大叫：姐夫,要到了,高潮了
长发气质佳大学生美女和炮友宾馆开房一对车头灯非常赞
在宾馆3P极美的老婆，骚货身材不错
淫荡小女友被19公分大鸡巴男友彻底征服
约炮清新可爱性感的高中学生妹,抓着鸡8很认真的在舔
约啪极品身材红衣美少女蒙眼跪舔享受激情后入爆操美妙娇喘呻吟
约操白嫩女友无套顶操超棒身材小骚女娇喘呻吟
浴室淋浴房激情性战极品爆乳骚女友完美S身材后入啪啪猛操连续撞击
瑜伽教练兼职外围女嘉嘉酒店私拍
珠海某高级私人会所啪啪湖南妹子这小姐也太不专业居然干着还玩微信
尤物大屌啪啪20岁制服开裆小白领射得一塌糊涂
学院派女神翘课和富二代男友开房真会玩舔脚趾屁眼射了好多
新加坡极品外围女KIKI被连续狂操2次,奶子粉嫩嫩的,真漂亮
网友约炮颜值还可以的兔女郎小旅馆玩3P轮流草
沙发上大干刚大学毕业的女友,操的有点猛好像把她干哭了
青花瓷旗袍肉丝模特美女无码露脸
狂操推销保险的气质短发职业女精英,又连干了2次,为了一份保险也是拼了
酒店爆操性感漂亮的E罩杯大D奶Lisa学妹和马来西亚纹身美女
黑丝劈腿靠墙超爽近景抽插
刚开始还装矜持不让碰,骨子里就是个小骚货
白嫩丰满的小穴简直是极品,干完还想干
172CM气质长腿美女连体衣诱惑,每次进入时美眉都偷笑更想大力操她,干破2双丝袜,浪叫声让人受不了
江苏商学院性感女神级美女买了个苹果7plus手机才同意开房
家里沙发啪啪极品黑丝美女
极品风骚美少妇偷偷私会情人,太敏感鸡巴进去就狂叫
会所坐台女,大鸡巴操的她受不了,侧面清晰露脸拍摄
花了不少钱操的比某明星漂亮百倍的性感美女
猴急的小伙进房间就迫不及待扒掉大胸女友的胸罩强制性来个胸推后又扯掉裤子暴力抽插
黑丝女同事下班后约朋友一起酒店玩3P
和网友约炮颜值还可以的兔女郎小旅馆玩3P轮流草
气质美女被男友各种姿势不停的操,终于满足的笑了,极品
东莞酒店某高级会所VS技术控海军制服妹子罕有的说了几句标准的中文
大款胖哥和逼毛性感的骚情人按摩浴缸激情啪啪羡慕死屌丝
98年白嫩漂亮邻家学妹制服诱惑,干完妹子累的睡着了趁机又操了一次,毛毛稀少
E奶超风骚极品外围女空姐诱惑,肥臀大奶,还是无毛小BB
173CM高挑性感大美女高级酒店被土豪干的受不了了
97年大二情侣宾馆开房女友不同意床上乱躲不让操
95年处女小护士美眉开苞
95后性感漂亮大学美女和老外网友见面吃饭被灌醉带回家
宿舍各种姿势温柔的插插新泡的花都夜总会女领班
小旅馆嫖妓偷拍身材不错的少妇型小姐翘臀美乳水蛇腰
微信约炮在富士康打工的贵阳骚妹子
网红主播铁锤姐姐浴室直播猜猜往逼里面注射了什么狼友纷纷要求姐夫玩肛交
调教了两个月的女友终于解锁了所有姿势
上海美女单挑2猛男玩3P,突然射到脸上,气的打起来了
最喜欢她帮我吹啊吹高清露脸
强女干了你单位聚餐后和女同事开房成了她的胯下之奴
漂亮白领姐姐一边玩手机一边自慰闻一闻自己的的骚逼什么
女神主播思瑞最近貌似很缺钱大姨妈来了也不休息被大JJ搞出来好多血块
你射好多有母膏塔官二代与地产女神马X筠
某银行上班的气质白领女上位说干的舒服吗
某大学情侣酒店扮演护士急救病人,说我要叫出来了
新作-非常骚的小骚
内射女大学生应该被不少人日过
先吹后棉袜足交丝足服务很爽
舞蹈系女仆
国产淫乱二女伺夫搞完年轻年轻貌美的小老婆再随便应付一下糠妻
高中生小情侣逃课去宾馆开房打炮
大奶子萌妹子和干爹激情啪啪,搞得干爹都累趴了
丝袜女人快来吧
丝袜巨臀肥熟女
95小嫩模巴洛克之夜无码露脸内射特写
中年男女开房啪啪老司机就是会玩经典招式黄狗射尿
偷拍年轻漂亮的美女被男友故意引诱
让人有一种想抱着她后人的冲动妹子貌似来月事了
某会所瑜伽教练兼职外围女嘉嘉酒店私拍
精品特色宾馆偷拍胸大性感的气质美女
健身房认识的翘臀小美妞
韩国少妇与情夫性爱视频与自拍照
肤白貌美的高颜值性感美女被男友在床上各种姿势折腾抽插
床上干完又拉到卫生间干,太能折腾了,美女生气了
白虎小肥逼网红美女可爱小胖丁和长屌炮友情趣酒店约炮
熟女露脸3P合集3
最喜歡看性感E奶妹跳完艷舞再狂操她口爆吞精
日本人妻偷情2
約炮正妹女主播把她困在浴缸.幹到她無路可跑
有錢小哥摩鐵約砲G奶貴婦影片流出
平台约得学校老师第三部
新加坡情侶自拍打砲影片流出
内射了这个嫩逼，最后爱液流出，很爽
露脸约炮离异美少妇3P操爽她
台灣無碼萱萱-按摩棒推銷員
酒店爆操女神级性感黑丝大长腿美女撕破丝袜插的大叫
極品尤物黑絲正妹被壓在沙發上狂幹
極品大奶空姐一下飛機就被土豪接去摩鐵無套幹砲
花大錢約到極品36E大奶妹打砲爽度真不是蓋的
公子哥無套抽插極品美乳家教老師
台灣刺青兄弟和cosplay女友開房做愛
台灣本土=老婆小孩不在家~偷吃離婚小姨子
台灣~你在幹嘛現在就在錄了哦
本土自拍玩弄我的長腿女神級炮友
【台灣】刺青眼鏡哥的25歲女友，素顏賣力含屌
【台灣】當兵的男友休假回來當然要來場激烈的
广东大奶骚妇被爆操露脸
百貨櫃姐啪啪啪被男友偷拍流出
170長腿網紅主播賣力演出活春宮
暑假到了台灣高中情侶趁家人外出工作在家打炮
上海戲劇學院校花性愛影片被渣男流出
色影師與極品完美模特的翻雲覆雨.無套內射
超级骚B口活女王
情侶自拍在家無套狂插.極品大奶女友射一堆
年輕小伙帶妹子到摩鐵激情啪啪啪
摩鐵私約大戰迷你裙極品巨乳妹子
美麗名模被迷姦影片流出
老闆出差打給飯店服務叫個紅衣大奶妹來打一砲
彩色丝袜后入爱爱
公子哥調教極品美乳啦啦隊長.變換各種體位使勁操
(台灣大奶妹)被男友入肛嬌喊屁屁好痛
富少花錢搞上極品巨乳模特當作玩具無套玩弄
多年來老公已與小三秘書在外築愛巢
性感黑丝爆乳抹奶油超诱惑太招操
床边沙发椅子上草遍整个房间，呻吟浪叫不断
性感的大长腿美女酒店被小情人强插进去说：走开,我不想要
性感大长腿短裙小模特,没穿内裤直接撕破丝袜狂干,呻吟给力
性感白嫩美臀身材无毛白虎B，3P恋足肛交极品大尺度视图
Madame-Thirsty-(2016)
性爱椅无套爆操中出内射流白浆
穿着性感红色透明内射内裤高跟发骚语言挑逗把围观的群众全撩得要葫芦娃
筱慧《與女神的朦朧夜》
小姨子和男友吵架後來我家休息,趁老婆睡著在床上偷偷乾了她
小野模宾馆私拍内置遥控跳弹塞下体摄影师咸猪手边搞边拍干的妹纸娇喘淫叫阴毛好浓密
小熙公主夫妻主调教骚奴，淫语不断，从沙发玩到床上夫妻激情啪啪
Loves-Whirlpool
小区超市老板娘经常光顾混熟后约到宾馆啪啪
穿着性感黑丝正和网友聊天时被下班回来的帅男友看见怒打屁股后狠狠爆插
小女友阴毛浓密水多性欲强,无套抽插感觉有点痛
小女友吃着汉堡也不放过我喊着要大爷鸡巴操
小妞言「跟男友拍很正常」正能量获赞完美露脸
小模特老公出差从白天操到黑夜内射2次爽翻天情趣丝袜换着淫叫爽操
Infinity-Sex-Scandal-Episode-6
小美女阴毛浓密私处粉嫩嫩就是菊花惨了点儿
厨房全裸捆绑道具插BB边玩游戏边被插自拍小视频集
小美女被男友带去参观朋友新房时体验刺激把她衣服扒光在厨房啪啪
小老板爆操极品黑丝小情人肉棒和道具配合搞的妹纸淫叫不止呻吟是亮点犹如AV女优听声就硬方言对白
小伙宾馆嫖妓露脸,貌似吃过壮阳药了,玩的挺猛小姐都有点顶不住了
享受极品黑丝长腿空姐的口舌服务
Infinity-Sex-Scandal-Episode-5
享受的表情和销魂的淫叫声真让人受不了,鸡巴真是不争气
超漂亮极品女神级美女主播镜头前手指抠穴自慰大秀高潮呻吟淫水直流
香港爆乳妹空姐男友手机遗失火爆性爱自拍外流
香港G奶影视模特李宓儿性感透视丝袜酒店私拍诱惑
先教她如何胸推再操B,大咪咪被我操的直晃全程露脸
Forbidden-Sex-Wet-Dream-(2016)
无套内射烟台96白嫩美小骚穴
超級嬌小萌學妹誘揉乳頭,,難得的小福利,,獨家原片
无套内射极品粉嫩美鲍,娇喘呻吟,,数数看用几个姿势做爱
无套爆操黑丝淫叫好爽使劲操
我的騷貨女友做愛要求自拍秀剪刀手,口交波推女上位無套內射
我草你妈的你怎么射我背上91自拍爆艹极品小少妇
Disappearance-Missing-Wife
纹身姐妹极品双飞被大屌猛男挨个轮着操翘美臀轮操美穴疯狂内射
超级尤物主播St缓缓黑丝诱惑魔鬼身材
纹身哥同城约炮离异欲女少妇啪啪朋友在旁边拍摄方言对白
卫生间小美女趴在洗手台激情后入开操
猥琐眼镜摄影师KK哥给高挑国模丝丝拍SM写真趁机把她给上了
猥琐男套路服装店老板娘人长的挺漂亮的喝的烂醉如泥呼呼大睡被带回住所啪啪啪
Long-Ping-Ha-Rak-(2015)
尾随少女到酒店让她自慰诱惑推倒做爱
超级美艳姐妹花被土豪带到五星级酒店啪啪,长得真是太漂亮了
微信约战童颜小网红终结版,挺翘的小屁股太性感了
微信约炮平面模特极品比基尼美女,露脸口交
微信约炮模特巨乳姐姐附聊天记录艳照高清完整版
微信RMB约炮高挑长发高气质院校援交妹还给毒龙主动女上位坐插
Little-girl-tasty-peeping-(2016)
超火微博绿茶婊极品张一彤自拍淫荡啪啪视频
网友定制震蛋加棒棒玩娃娃音林美的骚逼无套内射叫快点要掉床上了
最新流出97年九头身美女依依
最新高难度抽插黑丝高跟外围女
自慰插浪穴高潮白浆淫语挑逗完美露脸
Like-Father,-Like-Son-(2016)
样子长的很像香港演员大傻哥的猛男和大奶老婆啪啪
样子猥琐专搞美女啪啪月入1万五的空姐
样子猥琐瘦高个按狼友的要求直播啪啪有求必应
样貌比有些明星还要漂亮,高潮全在对话上
Personal-Promotion-Techniques-(2016)
终于把婚庆公司美女策划经理搞到手了,趁她洗澡时偷偷装好摄像头拍射全过程
逼毛整理的很好看的网红女主播和美团外卖小哥啪啪
中午休息时间学生情侣回住所激情打炮“男我要射了,女射吧”有激情对白
真实巨乳空姐黑丝制服，开档无套后入
真扫兴,良家少妇正在偷情快高潮时突然接到老公电话,挂完电话又迫不及待的操起来了
Lan-Kwai-Fong-2-(2012)
这长长的指甲我很担心把逼逼弄破了
爆乳翘挺,69式深喉爆精裹射
这样玩下去肯定会肿的
这小骚B比她姐姐都抗操.刚说完妹子大叫：姐夫,要到了,高潮了
这次狂操了50分钟干到死去活来,都被操哭了,声音都叫哑了
长相很是清纯的嫩模到了床上却很骚真是极品啊
In-the-Room-(2015)
长腿翘臀大学性感美女,开裆黑丝高跟极度诱惑,按在沙发上后入爆操,呻吟娇喘
鲍鱼好大啪啪啪水声好骚
长发气质美女被刚认识没多久的朋友送了个名牌包包后带到酒店啪啪
长发气质佳大学生美女和炮友宾馆开房一对车头灯非常赞
长的挺漂亮眼镜美女主播穿着情趣装椅子上自摸秀喜欢不要错过
长得真漂亮,可惜了,打手枪比备片
In-the-Meeting-Room-(2016)
长得像奶茶妹的嫩模酒店私拍摄影师让她手穿着丝袜自慰
豹纹美女在家太寂寞用胡萝卜自慰不过瘾特别想要随便约了个胖男赶紧来操她
在女友的闺房午睡朦胧中被她舔硬了鸡巴骑在上面搞醒了
在宾馆3P极美的老婆，骚货身材不错
越操越苗条了越来越骚湿的不行想3P站立后入嫩穴嘴里还吃假鸡巴
约战连体开档商场女神，各种花样玩个够下部
Infinity-Sex-Scandal-Episode-2
(傲娇兔兔),民国学生妹,东北妹子脾气大跟屌丝杠上了哈哈听妹子爆粗骂人真过瘾
淫蕩漂亮大學生與男友性愛自拍,各種口交操逼,活真好~(5)
淫荡小女友被19公分大鸡巴男友彻底征服
淫荡浪叫沙发桌子床上操个遍
淫荡爆操妩媚浪叫爆浆喷射
Good-Day-for-Sexy-Video-(2015)
约炮浙江气质短发美少妇酒店开房草到她表情疼苦呻吟不断
百变女神魅心穿着性感黑丝寒冷的夜里开着嗨乐在路边上演马路天使车里插爆浆
约炮网红大长腿美女倩倩,撕破丝袜沙发上各种姿势狂操
约炮清新可爱性感的高中学生妹,抓着鸡8很认真的在舔
约炮良家少妇，调情中慢慢脱光衣服上位，在我胯下婉转呻吟
约炮江波亮极品女神开档黑丝肥臀外围模特射黑丝上
Her-True-Story-Part-1-(2015)
约炮极品女神级留学研究生,美女真敞亮不戴套各种姿势随便操,
白肤美女主播小提子最美酒店约炮土豪粉丝啪啪这粉丝喜欢草嘴呻吟给力
约炮到一个穿黑丝吊带情趣内衣少妇
约啪极品身材红衣美少女蒙眼跪舔享受激情后入爆操美妙娇喘呻吟
约啪抖音APP上认识的97年女白领狠狠后入说插到底了会爆裂呻吟给力
约了个大学妹子酒店开房,最后被爆操全部过程流出,长得真漂亮
Healing-Mate-(2014)
约的丰满大奶白虎美女酒店开房，一同狂干累的小伙全身汗津津
安全期无套抽插骑着猛操操出白浆淫荡浪叫
约操身材超棒长腿野模先肉丝船袜足交玩完灰丝一顿爆操受不了求快点射
约操白嫩女友无套顶操超棒身材小骚女娇喘呻吟
约操96后银行女职员淫荡小骚货,长屌无套爆插都给操尿了
元宵重磅福利骚到骨子里的深航空姐新片来袭
Good-Movie
御姐兔女郎Cosplay极品御姐女神前凸后翘
浴室淋浴房激情性战极品爆乳骚女友完美S身材后入啪啪猛操连续撞击
浴缸虐操极品身材披肩美少女
与同居女友性爱大片早起被女朋友强上干到求饶
Good-Looking-Nurse-(2017)
与兼职模特琪琪电影院厕所激情
21岁饥渴丰满主播勾引31岁快的司机车震主播不想给车费
与93年可爱大乳女友女仆装酒店激情做爱国语对白
瑜伽教练兼职外围女嘉嘉酒店私拍
淫语浪叫J8好大使劲干我
FemaleWars-TheManWhoMovedIn(2016)
淫语勾引狼粉“我给你舔让你射我嘴里”淫荡对白
【丝袜美腿系列】极品S级长腿高跟蕾丝美女与男友激情啪啪,多姿势爆操,经典裤哥站式操,风骚浪叫
淫水流不停呱唧呱唧的水声好兴奋,高潮不断,爆精内射
珠海某高级私人会所啪啪湖南妹子这小姐也太不专业居然干着还玩微信
正干着还给男友发微信,太刺激了直接被爆操
EroticTwinKillers
浴室激情啪啪水手制服靓妹
约炮丝袜高跟女神附聊天记录淫照
与朋友性感漂亮的人妻宾馆偷情,真漂亮,垂涎已久终于搞上了床
尤物大屌啪啪20岁制服开裆小白领射得一塌糊涂
一晚上约了两位小姐姐,一位是男朋友不在的邻家小姐姐,一位是陌陌刷的长发小姐姐
夜店认识的性感白嫩美女喝了几杯酒后带回来半推半就给上了
Desire&aKnife(2014)
约了个身材不错的妹子酒店开操.干的太猛差点要哭,呻吟声太骚太浪了
颜值爆表的极品网红白富美完整版
学院派女神翘课和富二代男友开房真会玩舔脚趾屁眼射了好多
性感中国旗袍辣妈和大鸡巴猛男自拍啪啪被颜射一脸
性感漂亮的美女中学老师再送屄,上次操爽后这次又主动送上门来了,操的直喊痛说：你慢点,痛
DadsFriend(2016)
性感蕾丝情趣内衣肉丝趴着屁股做俯卧撑插插
要死的节奏，吃了壮阳药满脸绯红的排骨哥和水柔姐妹女儿玩4P乱伦大战普通话对白
星哥酒店约炮黑丝女仆大学生炮友
新加坡极品外围女KIKI被连续狂操2次,奶子粉嫩嫩的,真漂亮
小航性感小骚猫的双胞胎妹妹，目测样子和身材比姐姐赞啊
小骨架细腿女神呻吟动人
BreakingLadies
五星酒店大干某校园178CM超漂亮的大长腿排球校队嫩妹下部
颜值萌神主播糖豆豆：脱完，奶子少，好尴尬
猥琐眼镜哥第三部花钱约炮强吻小师妹
网友约炮颜值还可以的兔女郎小旅馆玩3P轮流草
外贸公司人力资源HR极品风骚气质女主管,阴毛稀疏超敏感,刚干一会就啊,啊淫叫不止,说：射我嘴里
BareSkin
淘宝95嫩模第4部白百合先自慰一下被无套内射
沙发上各种姿势狠草肉丝开裆外围女呻吟给力
沙发上大干刚大学毕业的女友,操的有点猛好像把她干哭了
沙发猛操性感高挑的甜心紫真珠.肤白美乳真漂亮
燃情美少女粉红高跟爆乳各种姿势啪啪
APharisee(2014)
情爱教练卫生间大战身材性感苗条的红色比基尼泳装美女,太骚了，让“别出来”,狠狠的内射她
性感蕾丝情趣内衣美女先给男友吃鸡巴然后被后插普通话对白
第一次连操带语言调教,第二次在洗手间把妹子干哭了强迫说：我喜欢被操
青花瓷旗袍肉丝模特美女无码露脸
强插174CM丰满漂亮的90后巨乳少女,巨乳长腿超性感
朋友出差和他白嫩美骚媳妇酒店开房把床单都弄脏了
Apaba(2000)
奶子非常漂亮有个唇印的会所小妹
长得有点像某女星杨X的网红女主播情话首次在平台直播啪啪快枪男实力出镜
陌陌认识的艺校小琴次日约炮呻吟超级大被投诉
狂操推销保险的气质短发职业女精英,又连干了2次,为了一份保险也是拼了
居家地板啪啪98年极品嫩妹普通话对白
酒店约炮服装店老板娘晶晶大战一晚上
AnythingForYou(2014)
酒店落地窗后插极品黑丝开裆外围女
新平台老虎直播八两金土豪哥哥SM啪啪美少女有钱人真会玩对白清晰
酒店狂操20岁翘臀高挑长腿学生妹,美女真骚语言勾引说：痒,下面好痒,好舒服
酒店爆操性感漂亮的E罩杯大D奶Lisa学妹和马来西亚纹身美女
性感漂亮美女混熟后在厕所啪啪,空间狭小施展不开带到酒店各种干她
AngelLadies(2016)
极品披肩美腿骚妹性感白衣+诱惑黑丝玩转换装体验性爱情趣无套抽插淫叫妩媚
新婚豪乳主播老公的包皮鸡巴太吓人了观众让主播先用瓶子插逼然后再啪啪
极品黑丝高跟年轻豪门女家教
黑丝劈腿靠墙超爽近景抽插
國產精品逃課系列仰慕大雞巴的技校小妹
给95年处女小护士美眉开苞普通话对白版
Affair(2016)
高颜值极品大洋美女,身材样貌堪称极品中的极品
高就酒店干性感白嫩的国标舞老师,练过舞蹈就是不一样,身材匀称,叫起床来也不一样
刚开始还装矜持不让碰,骨子里就是个小骚货
干的真狠润滑油就用了2次,大长腿太性感了
大一女生邊跟男友電話邊啪啪啪騷逼淫蕩對白
AdditionalPackage(2016)
持久爆操无锡少妇
现在的直播越来越屌了貌美女主播勾引司机车震
超嫩超紧,搞了半天才进去
白嫩丰满的小穴简直是极品,干完还想干
AV女优系列之商务模特金泽文子
ActressSexScandal2
喜欢玩手机的舞蹈系大一羞涩极品妹子
178平面模特看拍摄风格应该是大神混血哥的作品
172CM气质长腿美女连体衣诱惑,每次进入时美眉都偷笑更想大力操她,干破2双丝袜,浪叫声让人受不了
170cm长腿大奶丝袜高跟模特女
ABurningWoman(2016)
怎么不说话了，美女主播让狼友先不要打飞机看她和闺蜜躺着被猛男轮流草
95年大四爆乳美女毕业后与男友最后一次开房,各种高难度姿势干的美女直喊好爽
2网友大夏天为了挑战刺激竟约奶子粉嫩皮肤超白的极品美女在野外小溪里铺上凉席3P,还是正宗的蝴蝶B
1448LoveAmongUs(2014)
半夜勾引河南摩的司机野战有屌丝观众建议去墓地玩被女主播拒绝了
交流社区话题高管婷婷电脑桌前被长屌男友后入猛操
江苏商学院性感女神级美女买了个苹果7plus手机才同意开房
健壮男和美女洗完鸳鸯浴激情啪啪
见面后疯狂操B,场面激烈震撼,一般人真受不了
레이디닌자길들이2007
家中又一次爆操97年大奶美女,沙发,茶几上轮流操
白嫩的性感美女主播按照粉丝会员要求的动作
家中健身球各种姿势草酒吧坐台小姐有钱人真会玩
家里沙发啪啪极品黑丝美女
销魂艳舞超爽刺激娇巧美妞阴毛浓密性欲强被大屌各式姿势爆操
极品长靴短裙小情人被土豪疯狂抚摸性感小翘臀后扒掉内裤狠狠爆操
러시아엄마
极品女神开档黑丝肥臀外围模特射黑丝上
白虎主播白雪周末又去勾引男技师帮自己扣B第二部
极品老婆坐上面拼命的摇啊摇
极品风骚美少妇偷偷私会情人,太敏感鸡巴进去就狂叫
鸡巴可以与内裤哥婉美大屌哥和高素质大学生兼职妹自拍
饥渴少妇搞硬正在耍手机老公鸡巴过性生活
또다른
白肤美艺校靓妹洗白白拿起个小吉他乱弹琴仔细看她有点像之前的网红肉嘟嘟
会所坐台女,大鸡巴操的她受不了,侧面清晰露脸拍摄
会所享受长裙黑丝按摩毒龙口爆小姐有些不够专业一边玩手机
会所嫖妓穿着白丝袜玩69普通话对白
동창회의목적더비기닝
换上情趣服玩弄后疯狂操她,长得真漂亮,可惜了
S级长腿高跟蕾丝美女与男友激情啪啪
花落天真最新大作-极品舞蹈系大长腿女神
花了不少钱操的比某明星漂亮百倍的性感美女
护校女友穿着情趣女仆装和男友在宿舍探讨动作姿势小伙还挺厉害的短时间连出两次
户外露乳诱惑娇喘呻吟“好舒服啊”卫生间浴室镜裹屌无套爆操
내친구의엄마
湖南小天鹅高级会所偷拍特别讲究的老外往小姐嘴里喷香水
KTV公主被灌醉口爆,操了一会爽的配合起来还把鸡巴舔干净
湖南清纯漂亮的长腿嫩妹挑战25CM超粗大鸡巴自拍
猴急的小伙进房间就迫不及待扒掉大胸女友的胸罩强制性来个胸推后又扯掉裤子暴力抽插
红帐房偷拍鸡巴很长的年轻小伙带打牌输了没钱还的小区少妇酒店肉偿
红帐房全视野偷拍喜欢健身清纯美女被健身教练各种动作操30多分钟还不射
내친구의아내
红蚊帐主题情趣套房TP壮实小伙和爱美的骚货女友开房做爱前不停化妆
G奶主播小奶瓶会员福利展示刚刮完毛毛的逼
狠狠的内射了上学时追求的S级女神魔鬼身材美女,骚的真是让人受不了
很饥渴很主动的美眉上位骑坐鸡巴
很会玩的眼镜情侣各种姿势有点重温玉蒲团的感觉
내남편의가정교사
很不错的美女被操痛不让干了,男友拔出鸡巴后想了下又强行把美女拉过来继续操
97年沈阳小性奴爽的一个劲狠狠地草她的小嫩逼第二部
黑丝性感美娇娘按摩口活服务2合一
黑丝女同事下班后约朋友一起酒店玩3P
黑丝女神美女酒店被恋足控情人揉逼,足交后撕破丝袜啪啪
黑客远程控制电脑摄像头偷拍白领姐姐换衣服
나는야한여자가좋다
和小表弟啪啪直播,貌似男的鸡鸡有点小没把她操爽.全程国语
96年清纯漂亮美女为了增加人气特意直播和男友啪啪福利
和宵夜喝的有点高的女同事去酒店开房中途去卫生间打电话回家报平安
和网友约炮颜值还可以的兔女郎小旅馆玩3P轮流草
和四川小美女谈价，谈好就去星级酒店开房大战，美女魔鬼身材
好又多商场周大福珠宝专柜少妇服务员宾馆开房鸳鸯浴啪啪
금지된알바
国内嫖妓容颜不错的丰满少妇开着嗨乐各种姿势草
美女和网友刚见面就到酒店啪啪,操完后赶紧回去担心男友发现
气质美女被男友各种姿势不停的操,终于满足的笑了,极品
气质大学美女和好久没见的异地男友开房时被用力太猛操痛后下床不让干了
旗袍辣妈和大鸡巴猛男自拍啪啪被颜射一脸
금섹스의늪-무삭특별판
刚开完趴的胖哥真会玩让女友穿着学生制服骑在上面啪啪
刚结婚的小少妇和情人偷情一天就被操了3次,干的高潮不断大喊
东莞酒店某高级会所VS技术控海军制服妹子罕有的说了几句标准的中文
大胸美女问男的你是喜欢我还是你女友.生气了拿口红往男脸上画,被操说我不行了
구노이치VS드래곤2010
90后白虎村姑和鲜肉级男主播户外野战
大四美女为了能够顺利毕业被系领导在酒店潜规则,干完一次又干,这是要把她小穴干肿走不了路的节奏啊
大款胖哥和逼毛性感的骚情人按摩浴缸激情啪啪羡慕死屌丝
出租屋打炮时不料被室友提前安装的摄像头偷拍,2人竟完全不知道并且干的相当激烈
不老童颜美眉瞳孔啪啪这粉嫩小穴这么多年一点没变啊
결혼반지2007
保守的暖男和妹子温柔啪啪,一只一个姿势,完事后让妹子叉开双腿,拿纸巾温柔给她擦干净分泌物
16岁可爱萌妹子(小妖精)一女二男3P大战
99年网红极品小嫩模,皮裤美女进门就想要,调情高手,下面真紧
98年白嫩漂亮邻家学妹制服诱惑,干完妹子累的睡着了趁机又操了一次,毛毛稀少
96年的外围女嫩模龙XX这小蛮腰可真细
96年超靓女神妹子丝袜足交啪啪,洪水泛滥,嘴里喊着：不要,不要.身体却拼命迎合
결혼말고연애
按着按着吃起鸡巴来了,还主动女上位摇摆到高潮
上海小美女半夜不穿内裤露胸在路边勾引小伙啪啪
爱漂亮的小美女正在化妆被迫不及待的中年男子拉到床上啪啪.gif
E奶超风骚极品外围女空姐诱惑,肥臀大奶,还是无毛小BB
E杯巨臀混血足球宝贝ADA酒店被狂操的高潮不断
D奶翘臀东航空姐女神的呻吟
壁越しの恋人
clarkcn哥和好友3P朋友圈里的高校女教师一边玩一边拍
入行没多久明星脸蛋的美女主播
175cm丰乳肥臀济南外围雪慧
173CM高挑性感大美女高级酒店被土豪干的受不了了
172CM气质长腿美女连体衣诱惑,每次进入时美眉都偷笑更想大力操她
170CM性感长腿高跟丝袜美女挑逗小情人
거친섹스성숙한아내
170CM大学美女又一次被网友约到酒店见面时被迫换上情趣开档丝袜各种爆操
情趣黑丝高跟,美臀又白又嫩
98年性感苗条的大长腿高中生被操的高潮不断
97年大二情侣宾馆开房女友不同意床上乱躲不让操
96年性感连衣裙美女见网友时连胸罩都没戴被玩弄的直喊好爽
거짓말쟁이
某平台白肤美女主播小提子最美酒店约炮土豪粉丝啪啪
95年大四爆乳美女毕业后与男友最后一次开房
95年处女小护士美眉开苞
95年白嫩美乳模特呻吟给力
95年白嫩大奶美女做爱时发现男的在拍摄立马下来不干了
강간좀비정욕2010
美女开始有点抵触后来彻底征服了
两个老铁约炮样子看上去很嫩的90后妹子去棋牌宾馆玩3P
95嫩模第4部白百合先自慰一下被无套内射
95后性感漂亮大学美女和老外网友见面吃饭被灌醉带回家
90后小哥露脸轻SM调教啪啪护校女友
69式口交玩的嗨船上情趣内衣按倒无套一顿爆操露脸
갈아바타2010
看见嫩穴疯狂爆舔后再狠狠抽插内射,年龄不大奶子又挺又大
【网曝门事件】抖音一姐莉哥伺候虎牙高管视频
3P露臉少婦兩根雞巴壹起來雙洞齊開疊羅漢內射場面堪比島國AV
2人翘着屁股轮流操完后同事又教她朋友如何自慰
《椰子哥》小骨架细腿女神
가죽채찍
洋米糕亞洲買春記顏值蠻高的中國苗條援交女
酒店约炮零零后网红主播小姐姐模仿AV自拍小电影
轻吻小姐的美腿和逼逼看模样貌似个专家
宿舍各种姿势温柔的插插新泡的花都夜总会女领班
性感蕾丝情趣内衣美女先给男友吃鸡巴然后被后插
가족의재구성
新片居家地板啪啪98年极品嫩妹普通话对白
九零后骚年小哥双飞两个逼逼没有长多少毛的姐妹花又舔又插太幸福了
鸡巴太大怕搞出事只能打打擦边球四川话对白
小旅馆嫖妓偷拍身材不错的少妇型小姐翘臀美乳水蛇腰
享受极品黑丝长腿空姐的口舌服务穿着空姐制服开档后入不停抽插
YuyamiDahlia2011
我要哥哥给我，养生馆卫生间里和穿着性感所谓的上课老师啪啪
全民直播时代农民工兄弟带着样子淳朴的打工妹到山顶荒废的凉亭野战普通话对白
少妇啪啪朋友在旁边拍摄方言对白
微信约炮在富士康打工的贵阳骚妹子
小少妇老公不在去她家操边接电话别坐莲身材保养的不错
微信约炮平面模特极品比基尼美女露脸口交
2012년모든여성
微信朋友圈买保险送特殊服务的大姐普通话对白
全程露脸女主播喝多了还一边喝一边直播啪啪被小胖猛插跳的那段裸体艳舞确实很骚
微博最新流出高贵气质极品美少妇激情自拍视频
网红主播铁锤姐姐浴室直播猜猜往逼里面注射了什么狼友纷纷要求姐夫玩肛交
网爆门事件疑似东森主播李X伦自拍做爱视频流出比AV女优还棒
万元一夜的兼职外围女酒店玩学生制服诱惑
2011년마지막7일
完美身材也就这样了诱人后入喜欢在后面操的请看有对白
清纯小妹子直播,长相甜美
外企洋高管嫖妓用皮带绑双手暴力后插颜喷
调教了两个月的女友终于解锁了所有姿势
深圳酒店和朋友一起操97年学生嫩妹
身材火辣的大奶美女被操的高喊
2009전체Movi
身材丰满,奶大肤白的美女,被干的直喊
清纯小美女和炮友啪啪，女上位特别厉害内射精液都不流出来貌似要来月经了换上姨妈巾
射了好多哦别动初恋哥VSE罩杯的大胸湖师大艺术系花
上海美女单挑2猛男玩3P,突然射到脸上,气的打起来了
与外籍男友浴室激情大鸡巴差点没把她小嘴撑爆
骚货去开房看见大鸡巴就顶不住好主动的被插一直说好大好舒服
2005의착취
内射靠着椅子上被草不断淫叫啊老公要射我逼逼里去
强烈推荐清纯可爱高颜值大美女主播身材性感乳房饱满坚挺光屁屁练跳绳三角地带超诱人对白清晰
午休把单位的少妇姐姐带回宿舍穿上性感丝袜高跟啪啪
最喜欢她帮我吹啊吹高清露脸
偷拍两个女同开房磨豆腐看地上的奢侈品两个应该家境不错
清纯秀气的学妹喝醉后被同学蹂躏,发育的真好
형사기구-그놈의-얼굴
艺术学校小女生干完还要回学校练琴
气质美女主播和狼友互动她的逼洞又小又嫩估计还没被开发过
青岛酒店跟一初中美女老师疯狂爱爱
强女干了你单位聚餐后和女同事开房成了她的胯下之奴
骑士哥酒店约炮极品黑丝高跟艳舞瑜伽妹
张家口职高妹
한국-포르노-영화-필기-여성-2016
啪啪前先让漂亮媳妇挑个丝袜网袜穿着干
其它国家年轻学生妹居家自慰流出个个都有女优的潜质4V4
普通话对白放假了把单位的出纳姐姐带到宿舍偷情
漂亮白领姐姐一边玩手机一边自慰闻一闻自己的的骚逼什么
鸡巴插着逼还手指抠屁眼听呻吟小姐吃不消
云南-露脸鹏祥航空姐强势来袭。
한국-포르노-영화-친구의-어머니-2017
胖哥情人节约炮丰满良家少妇酒店激情干到少妇说好舒服受不了了
漂亮主播蜜桃Q妹直播視頻
趴气窗偷拍青春期白嫩妹纸洗澡自摸用淋浴头自慰
女神主播思瑞最近貌似很缺钱大姨妈来了也不休息被大JJ搞出来好多血块
约得科学老师，肛交内射操出白浆，并求饶多次
한국-포르노-영화-친구-연인-2016
女神思瑞手机直播和眼镜胸毛男啪啪据她说是个送了很多礼物的粉丝
漂亮妹子穿着情趣黑丝直播手淫年轻肉体淫荡表情
这位主播妹子脸蛋清秀甜美尤其难能可贵的是一对巨乳
约操美颜乳
한국-포르노-영화-자매들의-스캔들-2017
年轻小情侣在没有装修好的新房啪啪这女友身材真不错
你射好多有母膏塔官二代与地产女神马X筠
内射清纯女生味呻吟很给力
浴室调教清纯少妇
한국-포르노-영화-음식-체인-2014
内裤哥撕烂丝袜爆操173CM黑丝玛利亚
皮肤水嫩清纯可爱小美女直播自慰大秀年龄不大奶子可真不小,还有舞蹈功底
脑残的女大学生想做网红穿着丝袜自拍自慰视频看她逼逼
某银行上班的气质白领女上位说干的舒服吗
某论坛内部群搞群P聚会,两对夫妻换着老婆干,国语
与炮友宾馆爱爱
한국-포르노-영화-엄마-친구-3-2017
某酒店头牌,身材样子都一流
皮肤不错的美女主播拿着大针筒给自己灌肠直播最后喷了,好像很爽的样子
美院系花兼职商务模特第2部一边看球一边玩
某大学情侣酒店扮演护士急救病人,说我要叫出来了
美乳女神思瑞穿着性感情趣内衣和狼友互动下面貌似流血了床单都弄脏了
性感极品女神黑丝诱惑
한국-포르노-영화-시간-감금-2015
皮肤白皙的美女主播,各种撩人的姿势和网友进行互动
美容院老板娘搞上瘾了再次约炮这次吃了颗伟哥一晚干了她四次说她没体力了
新作-非常骚的小骚
한국-포르노-영화-숨겨진-카메라-기본-본능-2016
留学生为了生活费接了老外的单子来做
漂亮的美少妇穿着情趣装打炮机插穴自慰流了不少水
刘苏苏系列第一期据说是某区电视台的工作人员
内射女大学生应该被不少人日过
酒店与性感极品丝袜纯天然大奶美女玩角色诱惑
酒店啪啪极品黑丝小姐
한국-포르노-영화-섹스-첫사랑-2017-년-초
酒店开房约炮网红脸蛋混血童颜巨乳美女2近景拍摄
女神鹿少女剧情演绎妈妈今天没空给患病爷爷擦身和爷爷乱伦口爆吃精对白搞笑
美女被男友开车带到乡村小路要玩野战,美女不愿意
先吹后棉袜足交丝足服务很爽
极品丝袜美女被男友狂插高潮脸蛋身材很棒
和女友啪啪借助家具研究新动作
한국-포르노-영화-섹스-라이프-4-2017
和高素质大学生兼职妹自拍
牛仔短裤美女自拍跳艳舞香蕉自慰视频后约小情人到公园林荫小道啪啪说：好多水,哥哥我要,你的好大,干死我啊！
小龟头被粉穴搞得红红的女女的呻吟非常给力
舞蹈系女仆
在洗手间一边和王经理打电话一边开草高
한국-포르노-영화-섹스-1의-삶-2017
我的小情人乡镇的科学老师肛交内射，特别骚
年轻小情侣啪啪秀女的很漂亮,年纪不大奶子却不小多体位插穴
性欲越来越强下面一插就泛滥要加个小黄瓜
国产淫乱二女伺夫搞完年轻年轻貌美的小老婆再随便应付一下糠妻
性感黑丝诱惑纹身男友浴室干到床上手持近景拍摄
给95年处女小护士美眉开苞普通话对白
한국-포르노-영화-란제리-맨-2015
情趣内衣装身材不错的师范学妹快速抽浪叫
年龄不大的可爱萌妹子一女二男3P大战，可惜了好白菜都让猪拱了对白有趣
酒店炮战高颜值白丝袜网红兔女郎呻吟给力
高中生小情侣逃课去宾馆开房打炮
定制震蛋加棒棒玩娃娃音林美的骚逼无套内射叫快点要掉床上了
한국-포르노-영화-딥-러브-2012
驴仔堂胖叔和两个包养的小姐妹玩3P戴眼镜的姐姐真是焖骚
大学美女酒店打炮时被男友提前安装的摄像头偷拍
大奶子萌妹子和干爹激情啪啪,搞得干爹都累趴了
打野战中途遇上爬山遛狗的大哥在旁边飘过居然无视他俩
玩药测试视频第2部，真的很嗨，狂吃鸡
한국-포르노-영화-단골-시니어-(2017)
吃完宵夜把淫骚女白领带到出租屋啪啪草到她说脚软站不住了
城中村出租屋嫖妓鸡巴大搞得小姐有些吃不消
丝袜女人快来吧
仓本C仔约炮江波亮极品女神开档黑丝肥臀外围模特射黑丝上
宾馆啪啪良家少妇辅助一下才能满足她
한국-포르노-영화-내-아내의-변명-2016
在校女同学漂亮身材又好，操完逼给我舔真是舒服到极点
魔鬼身材网红鹿少女无码露脸制服啪啪看完记得喝瓶营养快线补补
丝袜巨臀肥熟女
看到骚逼忍不住要淫猥一下鲍鱼大大的
向导亲自推荐两个素质美女玩双飞
한국-포르노-영화-나의-아내의-비디오
C仔最新作品之饭岛C仔哥貌似最近胖了不少
明星颜值的极品大奶白虎妹子和鸡巴还挺大的纹身小伙啪啪这男的之前玩过不少嫩妹子
185cm九头身长腿香港妹
95小嫩模巴洛克之夜无码露脸内射特写
92年女医生背着未婚夫主动送上门让我无套草
周末没课拉着小女友回宿舍干了一炮
한국-포르노-영화-나는-당신을-가르쳐-줄거야-(2017)
小旅馆约操刚出来做兼职的水嫩性感小美女
约朋友一起爆操前几天刚泡到的98年水嫩漂亮表姐妹
中年男女开房啪啪老司机就是会玩经典招式黄狗射尿
纤细美腿长发飘逸的清纯制服小姐姐被各种爆操
한국-포르노-영화-가루지기-스터디-(2017)
微信约附近小区身材性感的大奶人妻旅馆啪啪
极品混血大奶网红曼曼吖和粉丝炮友在楼梯间打奶炮喷射到奶子上
外貌清纯的保险推销吴小姐为了大保单上门和变态客户玩SM自拍
偷拍年轻漂亮的美女被男友故意引诱
特别敏感的漂亮大眼美女酒店和新男友约会
台湾豪乳美眉和男友分手后被骗到酒店灌倒后开房啪啪草到尿尿
한국-포르노-영화-The-Photographer-2017
粗屌男和娇嫩女友自拍啪啪小逼逼口爆吞精最后表情好搞笑
荒地里啪啪天公不作美下起了雨撑着伞也要继续草
身材性感苗条的舞蹈系大学美女紧身牛仔裤趴在床上屁股太诱人
让人有一种想抱着她后人的冲动妹子貌似来月事了
全程露脸和炮友口交各位体位啪啪貌似又哭又笑
强行爆菊花时,美女求饶：求求你,这样不行啊
한국-포르노-영화-Beastie-Girls-2016
啪啪让人有一种好菜让猪啃的感觉
高颜值性感学院派美女主播半夜户外露出勾引两个帅哥吹箫
年轻情侣开房体验性爱乐趣这男的估计吃药了女的喊累他还没有爽
某会所瑜伽教练兼职外围女嘉嘉酒店私拍
每次刚操一会就拔出来,妹子生气了终于在第3次射了
露脸声控福利对白刺激
한국-포르노-영화-2017
约战兼职服装拍摄的97年舞蹈系大长腿性感美女
感觉这男的样子猥琐
酒店约操某艺术学院美术专业极品性感美女芊芊
和刚拔完火罐的少妇偷情少妇逼毛浓密性欲强
酒店叫了位漂亮美少妇干到快射时故意尿尿弄软后又让她吹硬干
한국-포르노-영화-2016
酒吧邂逅172CM御姐BB粉嫩诱人
戴着个眼镜样子很闷骚的一坊素颜丫头
时尚妹子开房啪啪妹子玩着手机摸完逼手也不洗吃葡萄
精品特色宾馆偷拍胸大性感的气质美女
精品炮椅房偷拍中年男领导在炮椅上把美女下属操的受不了
精品酒店偷拍气质性感的高颜值美女
한국-포르노-영화-3-분-파트너-2017
精品酒店电视房偷拍穿的不错的长发妹子
带24岁失恋女同事野钓散心妹子喝醉了车里休息大哥只好车里草尸
精品宾馆偷拍性感漂亮的长裙高跟美女白领
健身房认识的翘臀小美妞
家中沙发上先把肥臀性感的漂亮美女
极品气质美女私房照和健壮猛男激情视频流出
한국의-포르노-영화-와일드-(2011)
和95年师范美眉酒店开房自拍妹子对着镜头有点害羞
窗外偷窥邻居大学生美眉洗澡大胸细腰
韩国小帅哥酒店与身材不错的美乳女友一字马啪啪妹子表情貌似有些疼苦
韩国少妇与情夫性爱视频与自拍照
韩国大学生妹子和男友公寓啪啪貌似鸡巴太细日逼不够爽要爆菊
한국의-포르노-영화-두-어머니-2017
搞完掰开小逼逼好好看看里面的构造
被性经验丰富又会玩的男友戴上情趣狗链套开档黑丝连体袜后狠狠爆操
高颜值170CM性感黑丝大长腿美女酒店被各种爆操
肤白貌美的高颜值性感美女被男友在床上各种姿势折腾抽插
粉嫩系国模猫女学生制服酒店大尺度私拍
到时间了别操太久,人家会说我的
한국의-포르노-영화-One-On-One-2017
大长腿韵味十足操的全程啊.啊.啊.啊.淫叫不止
白嫩美乳美眉和年轻帅哥炮友啪啪
大长腿美女按照胖哥要求换上情趣兔女郎装先口爆一次再被狠狠的插入
床上干完又拉到卫生间干,太能折腾了,美女生气了
不知道为何妹子爆粗骂个广东佬
表妹不耐操没一会说：好爽啊,你快点给我啊
한국의-포르노-영화-2017
被男友操跑到下面后又被抱到床上狠狠干了2次,肤白貌美
白嫩豪乳少妇女主播勾搭中巴司机户外停车坪玩车震
爆操背着男友出来偷情的高颜值巨乳美女
白虎小肥逼网红美女可爱小胖丁和长屌炮友情趣酒店约炮
台灣情侶露臉自拍被男友外流了
台灣前男友報復外流影片
한국의-포르노-영화,-몹시-괴롭히다-2017
台灣女警性愛
手机直播年龄不大漂亮学生妹扣逼自慰秀逼逼还很嫩喜欢的不要错过
台灣年輕夫妻老婆第一次嘗試口爆射完後馬上跑去吐掉
台灣迷姦-桃園
台灣麻豆女友愛叫床+從頭叫到尾
젊은-자매는-참기-힘든-맛을-입는다
台灣妹子和男友邊聽音樂邊打炮
台灣留澳女大學生CCR影片外流口交肛交有夠會玩
熟女露脸3P合集3
台灣教育大學李曉佩和男友的私密影片流出
台灣叫外送茶來的是正妹很可以
재결합-2-2016의-목적
台灣極品大奶妹不囉嗦說幹就幹
台灣洪曉雲工地強暴無碼做愛
骚逼自慰呻吟
最喜歡看性感E奶妹跳完艷舞再狂操她口爆吞精
終於無套上了隔壁攤的老闆娘
終於搞上極品黑絲美尻妹無套中出她
영화-트랩-2017-한국어-포르노-영화
知名紋身小模性愛自拍影片流出
手机直播年龄不大看着很清纯的美女主播漏奶漏逼小秀
知名美乳模特和有錢乾爹開房,還給人無套中出
日本人妻偷情2
約砲昔日極品大奶校花女友真是令人回味
全露脸办公室调教骚货同事
영화-달콤한-섹스
約砲剛從高中畢業的逆天長腿嫩妹
清纯小美女被我调教
約炮正妹女主播把她困在浴缸.幹到她無路可跑
約極品正妹玩角色扮演在摩鐵無套抽插她
约啪喜欢聊天大神吻哥与声音很甜美的轻少妇造爱
아름다운-아내
誘人的黑絲大奶混血妹被帶到摩鐵大幹一場
手机直播美女双秀互相舔奶子逼逼道具跳蛋自慰喜欢不要错过
有錢小哥約砲極品大奶妹玩角色扮演順便無套內射
有錢小哥摩鐵約砲G奶貴婦影片流出
千变万化的姿势重新上传
有錢土豪哥包養的高顏值美乳正妹
섹스-3의-한국-포르노-영화-생활-2017
有錢公子哥摩鐵無套狂操白絲小仙女真帶勁
手机直播看着挺清纯的漂亮长发萌妹子全裸漏奶漏逼
淫蕩妹子假裝車拋錨了.其實是想和人無套打野戰
平台约得学校老师第三部
一回家大奶性感老婆就張開雙腿.等我無套內射
兄弟倆一起無套上了極品大奶妹還拍片留念
섹스-2의-한국-포르노-영화-인생-2017
無套約砲寂寞氣質人妻射了她一肚子
手机直播夫妻啪啪大秀69互口最后口爆不要错过
新加坡情侶自拍性愛影片流出
新加坡情侶自拍打砲影片流出
年轻小妹骑在上面草男友感觉这女的应该做过小姐
女神调教男M足交想被我们调教吗
사랑의-행방
香港房地產女神性愛影片遭流出
手机直播夫妻户外车震啪啪秀喜欢不要错过
無套內射藝校極品美乳妹.激情淫聲不斷
内射了这个嫩逼，最后爱液流出，很爽
無套內射極品巨乳冰山美人
無套狂插黑絲巨乳小隻馬.爽度百分百
사건-두-자매-2017
無碼A片-台灣自拍
手机直播大白天野外夫妻啪啪秀各种姿势
網紅F罩杯大奶女神就是要無套抽插她
露脸约炮离异美少妇3P操爽她
偷偷跟女友回宿舍激情無套內射
偷偷搞上了好兄弟的大奶氣質老婆.無套抽插她真是舒服
보험-여왕-그녀의-사업-비법
大胸眼镜妹和年轻男同事在山洞房激情
直播逼逼毛很浓密超多的少妇主播喜欢的不要错过
特色酒店偷拍连炮椅都不认识的清纯美女躺在床上只顾玩手游
台灣無碼萱萱-按摩棒推銷員
露脸骚货学妹床上潮吹调教
台灣偷拍姦夫淫婦激情做愛
법의-욥-2017에-나오는-여동생
台灣情侶旅館開房~男生把女的大腿拉開當作在操作龍神號一樣
美女主播苏然全裸椅子上手指疯狂扣逼自慰很是诱惑
酒店爆操上海第一公厕骚女大学生,从床上操到卫生间又干到客厅
酒店爆操女神级性感黑丝大长腿美女撕破丝袜插的大叫
露脸气质熟女被我调教
小旅馆蚊帐内健壮小伙开着高音量电视操逼
법무부의-수녀님
極品尤物絲襪美乳妹無套性愛影片流出
收费房洗澡假阳具自慰看完要搞两瓶营养快线补补才行
露脸极品清纯女神沙发上性爱
極品尤物黑絲正妹被壓在沙發上狂幹
極品矇眼美乳妹很喜歡被幹.完美身材真不賴
極品美乳小模被有錢乾爹壓在沙發上狂幹
맛있는-섹스의-비밀-동거인-2017
極品美乳小模被潛規則.無套抽插影片流出
身材很好年龄不大可爱萌妹子小米粒聊天露B无毛很嫩
女主播玩角色扮演小兔子給有錢乾爹無套抽插內射
極品大奶空姐一下飛機就被土豪接去摩鐵無套幹砲
極品36E空姐無套內射影片流出
露脸风骚少妇被我调教
Lustful-Gisaeng-2017
飢渴的小騷貨喜歡吞精液被呼巴掌
身材很好美乳妹子全裸小秀逼逼毛扎个辫子喜欢不要错过
花了三千塊上了極品美乳妹子真是爽
花大錢約到極品36E大奶妹打砲爽度真不是蓋的
花大錢搞上學院派巨乳女神.當然要無套插好插滿
露脸大四艺术生被我调教
포르노 향단
韓國出差好運氣睡了淫蕩巨乳空姐人妻
身材超好巨乳大眼妹子直播道具自慰大秀逼逼粉嫩水很多很是诱惑
公子哥約砲極品白皙美乳小妖狐
公子哥無套抽插極品美乳家教老師
公子哥綑綁極品巨乳E罩杯寶兒.無套幹到哀哀叫
本土自拍在摩鐵裡面拯救失學少女
큰 깡패 자매
本土自拍在廚房把大奶妹子幹得啪啪響
台灣大學生野外登山打炮，女的身材真好
台灣刺青兄弟和cosplay女友開房做愛
身材不错大奶妹子椅子上撩开内裤跳蛋道具自慰呻吟浪叫不断很是诱惑
台灣本土女孩一邊看毛片一邊插
친구 어머니
台灣本土巨乳女教師奶子超大
骚情少妇和炮友啪啪用了很多姿势中间吃点东西补充能量继续干
台灣本土邊吃藥邊打砲
台灣本土=老婆小孩不在家~偷吃離婚小姨子
忍不住在饭店里面把美女啪啪了
台灣=人妻砲友角色扮演護士裝增加約砲情趣
친구 딸의 맛
台灣=很有意思的一部影片~狼友不要錯過
人见人爱的白肤美艺校靓妹洗白白拿起个小吉他乱弹琴仔
台灣=好會搖~巨乳砲友的激情約砲
台灣~你在幹嘛現在就在錄了哦
双飞两个豪乳姐妹花一个舔一个草幸福死了妹妹长得很萌
춘화 시스 터즈
本土自拍約砲絲襪美乳小隻馬.無套抽插體外射精
明星脸蛋豪乳美女主播和小鲜肉炮友啪啪很给力完美露脸普通话对白
酒店舞蹈系学妹被我调教
本土自拍玩弄我的長腿女神級炮友
露脸办公室御姐被我调教
酒店SM双飞骚货闺蜜
초대 소녀
本土自拍監禁巨乳少女幹的她直喊不要
本土自拍和極品大奶人妻偷情真是舒服
【台灣】刺青眼鏡哥的25歲女友，素顏賣力含屌
老婆白富美闺蜜被我捆绑调教
护士肉丝足射上
젊고 유쾌한 어머니
酒店紅牌極品尤物出場.當然要幹爆她
本土自拍帶酒店妹出場.帶到摩鐵無套內射
【台灣】當兵的男友休假回來當然要來場激烈的
浪妹学生装自慰
广州猛男大战离异少妇骚女欲女约起
요정의 울음 - 감독의 컷
本土淫蕩小秘書最喜歡無套肛交還要求射裡面
美女主播又一次勾引司机干她,司机不敢操,妹子说师傅求你干我一炮,我给你双倍车费
本土情侶在家無套啪啪啪.妹子的爽到不要不要的
广东大奶骚妇被爆操露脸
美女自拍福利小视频大白奶子很是诱惑道具自慰不要错过
【台灣】感謝南向政策，砲兵團不用出國即可在本土大玩南洋妹
애인 아내의 남자
高清白虎，无毛逼，无套插入
爆乳豐臀蓮花蜜穴~人間極品
百貨櫃姐啪啪啪被男友偷拍流出
美女主播户外马路边直播观众刷礼物让她对着路过的司机袒胸露逼相当刺激
【台灣】雲林鄉村外籍新娘缺錢借貸，債主拍片當抵押品的影片流出
수라의 여자
花大錢帶酒店紅牌出場，當然要無套內射她
美女不要这样，戏精网红刘婷演绎借口不会用遥控器骗酒店服务员小胖进房间扑倒强搞
把害羞的極品妹子從床上幹到浴室
170長腿網紅主播賣力演出活春宮
美女网红哆啦自拍福利视频性感开裆黑丝自摸道具自慰很是诱惑不要错过
22歲的清純商務美少女小穴操起來特別緊
아내를위한 초대
台南召妓全紀錄~長X女大學生
驴仔堂夏天胖哥哥啪啪极品高颜值黑丝女神，口爆，抠逼画面配合呻吟很有撸点
送喝醉女友回家想做愛順便幹她一砲
暑假到了台灣高中情侶趁家人外出工作在家打炮
绿帽戴起来网络疯传女子与小王啪啪，男友电话查房女子机智乱怼对话真心刺激
世界杯赌球发了一点小财去桑拿会所找个口活不错的小姐开心一下先口爆再草逼
성별 변화
撸管推荐万人迷样子淫骚的主播魅心野外路边穿着黑丝护士服路边自慰喷了好多水
上了大學的巨乳乾女兒沒想到那麼緊
上海戲劇學院校花性愛影片被渣男流出
上海極品音樂老師私約援交影片流出
새 아버지
上海極品女神英文老師被後入無套抽插流出
亮丽纹身主播妹子,身材长相都一流
沙发上爆插北京漂亮小美女婷婷,各种姿势狂操,尤其是抱起来干的美女受不了的淫叫声超刺激!
色影師與極品完美模特的翻雲覆雨.無套內射
色情應召站叫的20歲大學美乳妹子真是緊得沒話說
大奶头老婆洗澡合集1
两姐妹一起玩又是舔咪咪又是掰逼逼好希望自己也能加入她们
车震白富美少妇
超级骚B口活女王
测药实录，夜池搭配爱如潮水效果杠杠
사촌 자매 사랑의 금단의
色老外約炮本土美乳正妹打砲實錄
老头子的小娇妻完结篇
讓清純大奶老婆試試3P的快感
情侶自拍在家無套狂插.極品大奶女友射一堆
情侶自拍在家激情無套啪啪啪.分手後被渣男流出
빅 참치 헌터 겐소 스마일
青澀少女第一次下海被乾爹一晚幹三次
快过来舔逼现在的主播花样真多在KTV里直播啪啪
簽保險之前先要打一砲~大奶人妻
年輕小伙帶妹子到摩鐵激情啪啪啪
摩鐵約砲淫蕩大奶OL要射在裡面喔
비즈니스 캠퍼스 커플
摩鐵約砲色色的貧乳妹做起愛來可真騷
看着就很饥渴的吸精熟女夫妻啪啪秀多种姿势换着操最后口暴喜欢不要错过
摩鐵約砲極品美乳白富美女神.無套爆操爽翻天
摩鐵私約大戰迷你裙極品巨乳妹子
面罩哥一次上了兩個極品大奶妹.射了一大堆
보딩 하우스 걸스
美艷175CM極品三線演員潛規則任由製片玩弄
巨乳网红身材超好女主播直播摸奶扣逼大秀
风骚小妹叫声淫荡
美麗名模被迷姦影片流出
看样子像坐台小姐转行做直播的女主播奶子又圆又挺BB正对镜头逼毛长的不错与狼粉聊天国语对白
旅館偷拍慾火難耐的小哥無套上了熟女
반환
兩個色大叔無套抽插把美乳妹子操得快虛脫了
萝莉主播柠檬晚上出击勾搭上个演杂技的同龄饥渴小伙玩母子乱伦对白精彩
老外援交台灣極品氣質正妹.被他爽翻天
老闆出差打給飯店服務叫個紅衣大奶妹來打一砲
第一次约96女孩的视频
高雄楠梓黃姓男子睡高中生繼妹
미망인 과부
開車載20歲的大奶女友到戶外打野砲無套內射
巨乳丰满少妇换装漏奶漏逼秀不要错过
惊现报复门事件男友报复劈腿女友将啪啪私拍视频流出各场所快速无套抽插好体力高清私拍
酒店開房激情狂幹黑絲大奶女公關.還能玩69
彩色丝袜后入爱爱
맛있는 성관계
近距離拍攝無套抽插極品美乳女友真是過癮
近期最淫乱的直播母女儿子3P乱伦节操碎满地看得出这妈妈年轻绝对是个大美女
姐姐不在家姐夫看淫片欲火浑身强上小姨子呻吟超大超刺激
今天我生日女友說要扮女僕讓我幹一炮
公子哥調教極品美乳啦啦隊長.變換各種體位使勁操
爆射甜美叫声活一流小太妹
로맨스 어머니의 친구
公寓约操穿美少女战士服的性感黑丝美女,先干小穴再用丝袜美腿夹着鸡鸡操,最后射高跟鞋里.国语!
极品眼镜御姐和有点变态的异性装炮友啪啪口爆吐白浆样子非常淫骚
极品女神主播一副娃娃脸豪乳这对大扎能玩到虚脱自慰插穴嗯嗯的呻吟声听的心痒痒对白清晰
跟老闆出差叫個大奶妹子啪啪啪消消火
(台灣大奶妹)被男友入肛嬌喊屁屁好痛
爆操安师大研究生
러브 어페어 부부의 카풀
高雄黃媽媽新貨到~俄羅斯金絲貓~索價二萬
极品女神级卡哇伊美女主播,胸型漂亮发育的超大,圆润的一手拿不住
极品美女主播各种诱惑大尺度大秀喜欢的不要错过3
刚认的大三美乳超棒身材干妹妹是用来干的排卵期无套直接爆操差点内射淫荡浪叫高清私拍
富少花錢搞上極品巨乳模特當作玩具無套玩弄
暴操黑丝大长腿
NextDoor 시스터즈
富少搞上巨乳小模怎樣抽插她都都可以
极品美女主播各种诱惑大尺度大秀喜欢的不要错过2
极品巨乳网红芭比来月经浴室洗澡自拍下面逼毛浓密很有撸点
白富美熟女露脸在酒店被我调教
多年來老公已與小三秘書在外築愛巢
교회 자매
SM调教最新36D巨乳萌娘
极品巨乳女主播96年美女赵晓晓人这么瘦却有这么一对绝世好奶
极品高颜值性感美乳女主播和2个小鲜肉直播啪啪,每人只能搞一次,有个男的哀求半天硬是搂着屁股又射一次!国语
調教粉嫩妹子露臉愛愛無毛小鮑魚太漂亮了
帶清純女友回家激情無套啪啪啪
나 너무 지나친 진실
帶極品淫蕩女友回家從浴室幹到床上激情無套啪啪啪
极品短发零零后女主播真够拼的大冷天和炮友景区野战先用农夫山泉消消毒
极品鲍鱼白虎美女主播约网友一起在主题公园直播啪啪,这美穴太吸引人了,被男的干的受不了蹲那不给干了!国语
大我六歲的淫蕩女秘書，一次次的高潮失禁到噴水，老子射後不理
大奶人妻受不了金錢誘惑答應拍片.任人抽插3P性愛
大奶妹想進演藝圈被無套內射潛規則
돌아올 수없는 세 사람이 끝내지 못함
火爆网红鹿少女地下车库车坏请帅哥修车，车内激情啪啪对白清晰呻吟刺激
混血儿网红再次开播,一边和网友互动,一边脱衣服
超會叫床的~臉蛋身材一流G奶網紅主播刷跑車就可約砲
長髮極品妹子換上學生服看得硬到受不了.幹到她不要不要的
뜨거운 한국어 포르노 영화
国产精华超清漂亮美女酒店开房有气质身材苗条很会玩国产中的精品
婚后的良家年轻小少妇还继续玩直播露脸洗澡全过程身材好圆润饱满的奶子真不错肯定让你兴奋
短发气质美女穿着护士制服和炮友先口活后做爱逼逼很嫩叫的好淫荡
朋友生日派对上认识的一个不错的美女
国产KTV包间淫乱派對B吸烟B开瓶抖奶最后在附打炮视频
广州漂亮大奶女友口技真的是一流啊奶子大皮肤白骚的很
隱形淫魔之勇擒貴利雙柴-[粵語中字]
公司高管潜规漂亮妹子,自己躺在床上一动不动,指挥妹子衣服脱光了上来伺候
东北气质漂亮的美女主播新年送福利邀请网友一起直播啪啪,妹子太瘦小被爆操后又用道具狠插,搞的受不了了!
气质性感的白领美女被男友带到酒店后要啪啪,美女不愿意被男的强行一件件脱掉衣服,抠到快高潮时才狠狠操!
高颜值长发美女聚餐喝多后被一起吃饭的朋友带到酒店慢慢脱光衣服狂操后又尽情玩弄!
总统套房大战94年某直播平台担纲主播极品黑丝气质网红女神大蜜!
高颜值女神极品大奶网红芭比和炮友啪啪男的太猛把她操的不要不要的
雍女傳
高价约炮极品大长腿外围女模修长身材镂空网袜暴干呻吟娇喘干的叫爸爸普通话对白
后入狂操淫荡小少妇连续后入抽插极品美乳小骚妇
戴着眼镜样子很淫骚的良家气质美少妇背着老公兼职女主播赚装修费
周日大二美女到男友出租屋打炮时不料被室友提前安装的摄像头偷拍,2人竟完全不知道并且干的相当激烈！美女的毛毛真旺盛！
苗条性感的漂亮美女酒店炮椅上被男友各种高难度动作狂插,女说：我看见你那个东西特别恐惧,怕你找不到洞插!
丰满大奶子骚逼富姐一下找两个男人玩3P两根鸡巴轮流插有对白
藝壇風雨錄-[粵語中字]
对白清晰稀有洞穴情趣酒店偷拍女同开房貌似春哥的女背背口活非常厉害
很有文化范的一对带眼镜小夫妻直播啪啪网友刷够礼物后口爆颜射淫骚媳妇
大眼睛清纯漂亮妹纸趁周末人少独自去宿舍的公共浴池洗澡直播肤白BB粉嫩还会呼吸清晰对白
东北某院校大胸美女翘课与情人宾馆偷情第二部完整版!吃鸡巴时说：平时不敢和男友这样玩.被操的边喊痛,边说舒服.对话很精彩！
正点留学妹妹性爱视频被老外男友放到网上白虎MM小穴好漂亮
蛋叔用大鸡巴口爆29岁少妇一边草不停叫爸爸还一边和闺蜜打电话_clip
頤和園-[國語無字]
大学生兼职女主播官人我要玩逼逼和狼友分享经验
长相清纯的美女酒店自拍
很漂亮的穿黑丝情趣内衣的知性美女展示小骚穴逼毛有点旺盛
酒店偷拍让人打得遍体鳞伤的小混混绑着石膏和女友啪啪大力猛操妹子呻吟不止
带你体验桑拿会所特殊服务现场选秀有模特有佳丽点个江西168大波美女服务真心到位呻吟刺激对白精彩
露脸与大学生兼职妹子激情啪啪最后给鸡巴拍照留念
伊波拉病毒_1996
大肚腩胖哥简易窝棚嫖妓两人老婆老公的叫得很亲热临走往别人屁股狠狠打了一巴掌
在一次朋友聚会上认识的性感美女
韩国19禁天体野营真人秀节目全裸上演尺度屌爆!高清
打扮成小喵咪的萌妹子真的是童颜巨乳奶子小逼都很极品还不停摇摆假尾巴诱惑狼友
清纯可爱的爽嫩女友在床上操的很凶猛，叫的一塌糊涂,粉嫩逼逼好多水露脸
超清纯白嫩外企少妇被领导潜规女神级超美为保工作被领导狂操不停
酒店偷拍东北漂亮大学生美女白天不让操说没兴趣晚上被男友一顿打桩式猛干
亞馬遜的眼淚-[韓語中字]
國産5P大戰3龍2鳳對白清晰
福利性感黑丝外围女女主播给网友介绍她的自拍小电影
陌陌约炮97年童颜巨乳火山视频里的小网红洋洋穿着情趣内衣草
在微信附近的人认识的美女,活很好
气质性感的女神美女与男友闺房自拍性爱分手后被曝出,长的小家碧玉,没想到闺房之乐却那么丰富
酒店炮房偷拍金链哥和单位长发美乳少妇激情各种姿势把妹子操舒服了
性戲觀墮落-[粵語無字]
把暗恋已久的高挑170CM大学美女灌醉带到酒店先把她洗干净刮完毛再猛烈的抽插
国产大奶美女
约啪抖音APP上认识的95年女白领狠狠后入说插到底了会爆裂呻吟给力
酒店偷拍爱漂亮的小美女正在化妆被迫不及待的男友拉到床上啪啪,没把女的操爽
KTV约炮丝袜女神韩小希
2018新晋娇嫩网红美少萌雪雪糕翘挺白嫩美乳无毛嫩逼美鲍我给满分完美身材摸乳揉穴超诱惑
性‧激情‧錄影帶-[國語中字]
商务酒店约炮叫床声音娇滴滴的好身材美乳白领小姐姐
豪乳女主播半夜和别克车司机路边树林打野战这动作姿势不输AV大片对白精彩
刚结婚的出脸可爱美女主播背着老公玩黄播还给狼粉拿婚纱照看跳骚舞用矿泉水冲逼特别会玩看这BB没少被干国语
身材和奶子都不错的妹子
身材不错的美女,草的很爽
最火爆事件Thailand女DJ不雅视频流出相貌可以奶子真是极品圆又大像个气球
情趣宾馆水滴摄像头监控TP身材苗条男女啪啪刚干完还要打飞机再让美女吹
交換貞操-[韓語][中文字幕]
男友偷录与极品白嫩大奶漂亮女友做爱女的真的很漂亮屌丝有福了
与酒吧坐台小姐健身球上做爱第2部这么玩貌似很危险不小心就会导致鸡巴骨折
肤白奶大萌妹子女神和男友造爱直播含着大鸡巴各种姿势啪啪啪
国产土豪双飞，貌似玩不过来
陌陌上约到的风骚离异少妇美女口活功夫不错做起来特别骚,叫声让人更兴奋普通话对白
样子清纯的学院嫩模酒店制服大尺度私拍摄影师看着她的逼问她是不是很久没干过
酒店特色房偷拍气质性感的漂亮小美女洗澡在浴缸被胖男友操完后又在床上继续干,这么漂亮的美女可惜了.国语!
偷窺無罪之誘人犯罪
风衣哥酒店约炮美女,还没脱衣服女的就上来撩草了
超漂亮美女主播身材很棒逼逼挺嫩道具JJ抹上润滑油自慰大秀不要错过
美乳女神销魂篇女上疯狂无套骑操扭动淫液白浆浪叫高清
草完以后美女还想继续
样子可爱的90后美眉给大屌包皮男友吃鸡巴颜射一脸浓浆糊
性感漂亮的牛仔短裤大学美女和校外情人酒店偷情,刚进房间就迫不及待的脱衣服,男说：等下操哭你.接连干了2次!
半夜小旅馆嫖妓颜值不错的气质小姐一边看着手机AV一边草她发出了奇怪的声音
色慾檔案之性-Salon
最近很火的长沙御姐性爱自拍再次来袭,极品的表情和呻吟声
小旅馆情趣大圆床偷拍艳福不浅的眼镜胖哥居然有个这么好身材漂亮女友真让人羡慕
高颜值越韩混血美女自拍福利视频第二部先口再啪啪啪
紫萱彤儿双女露脸精品大秀，我的女神彤儿又让紫萱抠坏了呻吟浪叫
性感黑丝长腿骚炮友发浪极限勾引被大屌无套淫荡暴力抽插爆裂黑丝最后冲刺好猛国语对白
主题酒店羽毛房偷拍-气质漂亮的美女好像是被男友骗到酒店后要啪啪,美女不同意,左哄右骗最终还是没逃掉被爆操内射!
G罩杯丰满肉感美女@雨瞳Yoyo无圣光VIP会员视频
主题酒店偷拍-纹身哥和女友可爱漂亮的女闺蜜偷情,玩了个新花招吊起来操,搞的美女受不了生气了不让干了,强行操完!
三剑侠与飞机妹_1993
主题酒店偷拍-看上去年龄不大很漂亮的清纯美女被猥琐男哄骗到酒店后狠狠干了2次,年龄那么小怎么受得了!太嫩了!
高颜值外围女素质女主播勾搭开黑车的中年大叔车里无套啪啪尖叫呻吟
包养两个极品大学妹子，星级宾馆打炮自拍，每天这样伺候真是爽到不行
温馨主题房苗条白肤美乳妹纸与男友一起洗个鸳鸯浴回床上各种啪啪啪干了2炮干完俩人貌似讨论妹纸茂密的阴毛
微信附近的人搜索到的性饥渴骚女主动上位亲吻有一种被强搞的感觉
人肉玩具_1999
租我房子的天上人间上班的19岁娇小巨乳妹普通话对白
玩操吊钟大奶眼镜熟女饭店包厢户外海边浴室床上都玩一遍熟女不太听话对白淫荡搞笑
高颜值女神美女公园散步时被人尾随搭讪挑逗后在凉亭啪啪,说：快点操啊,操死我,用力干我.有人啊!
酒店炮房偷拍中年男和情妇偷情舔逼热身休息过后梅开二度动作凶猛
网红CutieQueen超嫩BB作品女神级的尤物大长腿鲍鱼受不了硬的好想操，白嫩娇躯心动的要肾虚了
在宾馆把女友下体刮成白虎在干
长发女白领被猥琐男套路晕倒扒光各种玩弄阴毛性感啪啪啪没搞几下就射精了
约炮软件认识的艺校在读极品女神妹纸开房啪啪啪呻吟声特别大像杀猪一样嘴里还说爽
情慾三角-[韓語][中文字幕]
牙科医院护士美眉和网友去唱K被下药灌倒拔下小内裤玩逼流了好多淫水
高颜值大乳晕漂亮萌妹子全裸床上舔奶子自摸BB粉嫩呻吟诱惑喜欢不要错过
偷拍长发少妇和网友酒店见面时突然网友朋友进来要3P,少妇不同意被狠狠的爆插
主题宾馆偷拍中年大叔约样貌身材很不错的美女人妻偷情,担心满足不了还带了道具,没想到竟连续操了3次!
调教黑丝女友
性感漂亮的网红思瑞美女出名后自拍求包养自慰视频外泄,肥美漂亮的小穴被丁字裤来回摩擦
情难自制-[粵語中英字]
索菲-某网站售卖888元超大尺度假鸡巴插逼自拍视频
高颜值大美女各式性感内裤逼里还吊了根卫生棉不是一般的骚
丰满欲女少妇和帅老公收费房直播啪啪这骚货估计很难满足
酒店约啪黑丝性感女神
时尚气质的美女玩完手机又做面膜不让操,急的小伙没办法趁她睡着后偷偷干,搞猛了把她操醒了!
寂寞少妇强上情人
情癲大性-[粵語][中文字幕]
会所800元爆操刚破处不久的99年超漂亮小虎牙美女,下面很紧,爱不释手干完一次玩会手游接着操.国语!
高颜值白富美女神主播声音甜美奶子硕大阴毛稀疏私处粉嫩诱人包一晚不知道多少钱
粉穴美女主播户外直播超短裙，里面真空开档丝袜，一路秀到家
光头纹身男爆草大奶少妇,最后还想口爆
170超爆魔鬼身材+极品爆乳D奶+性感灰丝长腿+喷血诱惑配乐疯狂女上骑操站式后入抽插猛操淫荡浪叫
勾引美貌少妇自拍
呻吟超给力91旷世极品空姐浴缸激情啪啪玩高难度动作普通话对白
东莞四哥带丝袜小旅馆嫖妓系列红衣妹子第二视角拍摄口爆撸射对白清晰
青春學堂-[韩语]-[中文字幕]
非常骚的高颜值漂亮女主播和搭档开车去小树林各种虐小B,各种诱惑套路网友红包
大奶子骚气主播双人啪啪秀先拿道具按摩器玩爽了再开干逼逼挺粉嫩喜欢不要错过
城中村小旅馆嫖妓生意失败出来卖的气质富态大奶子少妇高清双视角拍摄
青岛大学在读研究生情侣宿舍性爱自拍尺度很大啊口交69式女生身材好
超漂亮性感的白嫩气质小少妇脱掉内裤在客厅地上被爆操内射.粉嫩馒头逼!
上海闵行区某英语培训学校身材一流脸蛋漂亮的女学生与外教老师嘿咻
变态眼镜哥请隔壁租房白领小姐姐吃宵夜偷偷下药放倒带到旅馆开房啪啪
青春-[韓語][中文字幕]
半夜拉着女友野外开干
清纯漂亮98年美女见网友被灌醉后尽情玩弄,还往逼里打东西,最后狠狠内射
方言对白戏精网红刘婷精彩演绎街头被债主逮着没有钱换睡一觉抵债对白精彩
非常屌的妹子在商场烟酒专柜一边卖东西一边直播福利真不少狼友的礼物没白刷
白嫩性感的高颜值大奶美女被强壮纹身男专挑高难度动作爆插,皮肤雪白,逼毛旺盛,叫的淫荡,国语!
去银行办理房贷结识的业务经理老公出差约她到宾馆开房
白嫩大波美女主播甜甜鏡頭前自慰挑逗狼友高潮噴水爆菊太刺激了對白淫蕩.mkv.gif
把老婆的闺密给草了
南洋十大邪术_中英字
美女惨遭领导套路在床上被随意玩弄这双美腿可惜了
对白淫荡网红美美精彩演绎公公提前回家带着铁链和媳妇玩SM啪啪“再用力来两下射里面”
“来呀官人”高颜值美女主播透视大红古装情趣衣身材一流与屌丝男啪啪玩强奸模式高潮喷水清晰对白精彩
小旅馆蚊帐内健壮小伙开着高音量电视操逼最后女朋友摆弄套套的精液
美國各H站人氣爆棚的華裔小鈕
疑似三亚希尔顿酒店美女千金怡怡6316约炮刷爆朋友圈大尺度视频流出是海天盛筵2018还是炒作
精品流出高颜值性感外围美女刚洗完澡就被土豪拉到沙发上激烈爆操,大长腿无毛嫩穴!
莫比乌斯-[HD][720P]
留美大眼白虎美眉李美静午休和洋屌男友啪啪深喉大粗屌被呛表情怪异
平面模特兼职外围女范范和有钱大鸡巴嫖客宾馆约炮2普通话对白
对白超诱惑气质大学生兼职主播酥酥收费房大尺度表演看着她性感的逼逼让你撸不停
“给我找个长的好看一点的，不要大叔”高颜值美女主播真空按摩馆直播引诱技师小伙啪啪啪对白很精彩
漂亮淫荡的中国留學生当着男生室友的面和老外啪啪啪室友玩游戏表示已习惯一切
恋夜美女主播有点像刘涛,连体情趣道具狂插粉嫩骚逼出白浆,奶子有足球那么大
裸条借贷，身材很火辣的嫩妹自拍抵押视频,颜值还不错奶子真大
蓝发美女主播极品巨乳两个大奶子夹着自慰棒很是诱惑全裸自慰大秀
滅門慘案_2借種-[粵語雙字]
酒店偷拍排骨男第一炮很猛干得美女嗷嗷叫第二炮萎了女的马上变死鱼了
大黑鸡巴包皮哥酒店开房啪啪网红脸蛋大波波外围女普通话对白
酒店偷拍眼镜小胖偷情已婚少妇对男的战斗力挺猛,先舔B在操速战速决
酒店偷拍极品模特身材高颜值美女与年轻小伙激情一顿爆操呻吟给力
漂亮清纯在读高三学生骨子闷骚在家抠b自慰小穴嫩粉诱人
漂亮性感少妇与老公家中做爱自拍视频玩起情趣内衣叫声连连
酒店炮房偷拍秃顶大叔和情妇偷情啪啪,操完一次还不满足又勾引大叔操第二次
蜜桃成熟時3-蜜桃仙子
精品酒店偷拍时尚气质的美女玩完手机又做面膜不让操,急的小伙没办法趁她睡着后偷偷干,搞猛了把她操醒了!
亚裔眼镜哥和女神级老婆宾馆玩电击太刺激了电的哇哇直叫高潮不忘展示一字马
“好多水哦好滑啊”不多见的极品纹身大美女主播小穴嫩的犹如初生的婴儿淫叫声音让人心痒这嫩的出水小穴性生活不多对白清晰
漂亮美女正和闺蜜打电话讲到一半时被男友拉到房间操B,刚开始干发现在拍摄躲被窝里不出来了,想尽一切办法最终干了她!国语
会议桌干OL语文老师快速后入爆操嗓子叫哑了蒙眼淫叫“J8好粗快肏我”
小旅馆偷拍纹身情侣嗨呦女的上位摇得很卖力
黑客破解家庭摄像头监控喜欢用老婆化桩品的花美男和逼毛非常性感的媳妇啪啪
滿清十大酷刑之楊乃武與小白菜
女友闺蜜宵夜喝高了被带到酒店开房穿上丝袜肆意玩弄
女神级性感漂亮女秘书给经理送文件时被诱惑潜规则,边干边用手机自拍,蝴蝶小嫩B让人超有欲望,狂插到高潮,表情淫荡真是风骚美女！
你在说什么鬼国内专搞良家的胖老外公交车站搭讪个打工妹粗大的鸡巴让她表情销魂
韩国极品苗条身材清纯小美女和男友分手啪啪自拍被曝光深喉射嘴里玩的真开
高颜值大二韩国清纯美女和男友在家啪啪被各种动作爆插,表情既享受又痛苦！
猛男誕生記-2008
奶子非常漂亮的高颜值韩国美眉浴室自慰呻吟下面的毛毛浓密性感
美女下课后穿情趣女仆装诱惑小伙,被狠狠的爆操2次
小旅馆珍稀粉红房偷拍度假的姐弟恋情侣临走时看这小伙的洋打扮还挺装逼的
高价约炮外围港妹女神温文尔雅长发肤白坐起爱来特别激情火辣多体位爆操
小旅馆偷拍体力不错的小伙和泡到的少妇偷情貌似说的是湖南话
盲山-[國語無字]
两个高颜值气质大学美女酒店直播赚外快时担心声音太大门外有人偷听,不时要到门口看看!太漂亮了,逼逼真干净
聊了大半个月才上的极品美女
大陸淫蕩紋身女迎戰外國大屌深喉內射叫聲實在是太銷魂了聽呻吟就射了估計被幹的太爽了
干练短发搞销售的职业女性屁股又肥又大啪啪爆操呻吟给力说给她操迷糊了淫荡对白非常精彩
小旅馆情趣圆床偷拍午休偷情的中年男女男的一边搞一边看手机里的AV女的上位摇得很卖力
脸蛋漂亮身材超好的粉嫩妹子在沙发上口交被男的颜射一脸还笑
恋夜长发美女主播和纹身男友一起直播现场造人被干的浪叫不止呻吟好听
滿清十大酷刑之赤裸淩遲
小哥周末在家调教小女友
性感大奶网红曼曼和泡友玩SM滴蜡那性感的馒头小逼手指摸几下就出水水
微信约炮高中大奶萌妹，黑丝露脸情趣边做边脱，多姿势性爱浪荡呻吟淫荡对白
微信约操长得有点像明星李X璐的性感大长腿短裙小模特,没穿内裤直接撕破丝袜狂干,呻吟给力!
小旅馆大红床偷拍年轻小哥和女友轮流上位慢摇弄得床吱吱的响
聊斋艳谭之幽媾
酒店花了1200叫来的妹子,边谈人生边干
威胁不小心被拍了裸照的性感大胸美女装扮成应招女郎主动送操,淫叫声太大突然有人敲门!
极品长发美女心情不好和2朋友在大排档拼酒喝醉被带到酒店轮流换着操,妹子太嫩了,胖男的真能干!
土豪用69姿势把女的搞的爽歪歪
天堂素人系列-性感漂亮的白嫩邻家学妹制服诱惑,干完一次妹子累的睡着了趁机又操了一次,毛毛稀少!
兩個女人的故事-[韓語][中文字幕]
酒店爆操美容院认识的白嫩气质整形师,聊了1个多月终于约出来了,不仅漂亮还很耐操把男的都快累虚脱了！
身强体壮的大爷带着两个小少妇去宾馆开房啪啪一边微信视频给网友看
好多人想操的不老童颜阅男无数BB还是那么粉嫩的极品网红瞳孔啪啪啪自拍呻吟刺激“不要不行干死了”国语对白
酒店偷拍战斗力极强的小伙把性感漂亮的大胸美女玩到高潮时再快速抽插,操的美女淫叫不止高潮不断!
扬我国威大战英国气质短发巨乳女教师,刚干一炮就受不了了要走,再商量也不愿意干了!
金瓶風月-[粵語中字]
会所800元爆操刚破处不久的99年超漂亮小虎牙美女,下面很紧,爱不释手干完一次玩会手游接着操!
淫虐爆操蜂腰美乳极品身材美女主播-无套抽插直接内射中出骚逼-爆精射好多-好逼都让狗操了
中出肉丝开裆拉拉队长
花1500叫了个小妹，全程享受高质量服务
华酒店偷拍超性感的女神级白嫩美女与男友和他朋友一起旅游时2人商量后让他朋友操了美女一次!
激情邊緣-[未刪剪版][國語][中文字幕]
酒店爆操身材瘦弱腼腆学生妹体位玩遍了干的很猛很激情妹子小体格有点招架不住了
精品推荐覗魔系列的最新作品，颜值网红美女被灌醉后弄到酒店脱衣玩弄
玩游戏认识的极品高挑性感美女被操的时间太久受不了大叫：不行了,天啊,太大了,快用力操我,高潮了!
高颜值气质学院派女神美女把情人舔硬后还被强行插嘴,干的受不了了才操她的小嫩逼!
謊言与性2-[HD][720P]
高颜值女神级美女趁男友不在家又一次微信约小区帅哥家中偷情,沙发,床上猛烈狂操,这次把美女快干瘫了!
宅男女神超高人气童颜巨乳主播三胖戴着黑框眼镜好像AV里的老师
高颜值极品女神大胸美女吃夜宵时被暗恋已久的男同事故意灌醉蹂躏啪啪,逼逼毛少肥厚堪称极品!
特色房偷拍性感漂亮的短发大学美女和久未见面的男友刚到房间就解开他裤子求操,干完一次又一次,真激烈!
高级洗浴会所干胸大貌美性感的开档黑丝人气辣妈,看表情最后被操的实在受不了了,狠狠内射!
華麗的外出
刚开始女的有点害羞不让搞，后面主动喊：快点来操我
重磅福利母女全裸直播女儿一副模特身材小穴超级粉嫩-妈妈风韵犹存光看逼似姐妹
特色房偷拍气质性感的白领美女趁中午吃饭时间私会情人先舔到高潮在操,干完穿好衣服要走时又被爆操一次!
干完一次不够，女的喊着要再来一发
东北口音对白空虚富姐酒店开房洗澡勾引来送酒的服务生飘窗前看着夜景激情啪啪
花街狂奔_[粵語中英字]
单身派对上认识的女神级别的大学生女孩，性格可爱无死角小仙女
最近很火的网红刘婷天台勾搭个说四川话正在晾床单的打工仔啪啪妹子嫌他鸡巴不够硬
精品酒店偷拍高挑性感的长裙美女见网友时刚聊一会就被男的压在身上不停狂操,美女受不了了挣扎不开2腿乱蹬!
带丝袜小旅馆嫖妓系列红衣妹子第二视角拍摄口爆撸射对白清晰
大型超市老板千金96年172白富美女神宝儿捆绑喷潮喊：干我,不要了,再不射要把我玩坏了!
紅色假期黑色婚禮
大庆哥和朋友的骚媳妇沙发干到床上还抱起深入听呻吟骚妇爽死了
性感白皙的美女主播
江苏酒店爆操高颜值性感黑丝大长腿美女,魔鬼身材,翘臀爆乳,没太诱惑在沙发上撕破黑丝直接开操,最后在茶几上内射她!国语
出租屋内把睡熟的女友草醒了
狗仔隊之模特兒賣淫實錄
同时迷倒2个妹子一起玩弄沙发和床上分别玩弄
性感黑丝高跟大长腿美女在客厅被各种高难度姿势爆操,想着法的玩她,真漂亮!
现在的主播胆真肥美女主播(R8和姨夫)大白天直接把车停在路边给司机舔鸡巴露出个逼逼很性感
爱思小仙女思妍最新大作飞天小女警
情趣酒店偷拍情侣
複仇者之死_[國語中字]
韩国KTV包房提供的美女性服务精液可以射嘴里
戏精网红刘婷精彩演绎表演系毕业生为了当女主角被剧组导演潜规则对白精彩
喜欢干之前与妹子唠嗑谈心酒店约炮商务公关女模特普通话精彩对白
国产乱伦超真实叔叔把刚成年的侄女给哄上了床，还打开视频给狼友看
国产良心大作“我不是妓女我是免费的肉便器”白丝精厕使用示范打造国内第一肉便器
方子傳
说服空姐女友当着朋友的面做爱朋友只负责拍摄女的很漂亮
台湾93年MM淫乱3P高清视频女的很漂亮听叫声就想射她一脸
精品主题酒店偷拍紧身牛仔裤美乳妹子看似外表清纯被操了3次还嫌不够继续要,累得男友躺在床上实在操不动了!
西装哥开车接女朋友下班，这女友也真饥渴大白天的让男友把车停在路边车震
韩国演艺圈土豪潜规则女星偷拍第32部都是高颜值极品好身材美女高清
擋不住的風情_[國語中字]
超正网拍麻豆,紧致的馒头逼真是太敏感了多次高潮看表情
精品酒店情趣房偷拍两个社会小青年带着两个美女轮流在大床上啪啪感觉纹身哥特别猛
黑丝高跟美女少妇带女闺蜜和情人玩3P,接到老公电话说：半个小时后回去.客厅被2人插完带到床上操!
高级酒店大战包臀短裙丝袜大长腿美女,操完一次换上情趣黑丝连体服继续干,身材正点又漂亮!
奶子坚挺漂亮的黑丝大长腿美女被微信网友故意灌醉带到酒店疯狂玩弄啪啪后又把刚用过的套子放她嘴里!
文艺范的气质美女刚做主播为了增加粉丝量约网友家中啪啪,良心女主播全程不要求送礼物一直激烈狂操到最后!
双飞2个颜值可人肤白貌美的22岁极品淘宝模特,轮流换着操,嫩的要出水!
赤裸人性_[粵語][中文字幕]
最新出品极品嫩模小巩俐自慰完给摄影师吹箫
最新跨年作品巨乳空姐黑丝肉丝激情内射
主题酒店偷拍-逼毛旺盛的长发美女不到3个小时就被情人操了2次,男的真会玩,鸡巴要多长才能干到她!
东北特色淫荡对白最有气质的东北少妇绝对够骚斯文眼镜长发黑丝酒店激情爆草最后撸射进嘴里
精品大学城附近公寓偷拍挺能干的一对高挑情侣各种姿势干了一个多小时女的高潮快乐呻吟
极品美乳模特紫萱内部定制大尺度视频坐在摄影师的肚子上对着逼逼拍
超激版韓片肉蒲團_粵語中字
秦先生第22部完美作品-气质女神白富美露脸，口交多姿势爆草，草胸你见过吗
气质漂亮的极品小少妇和老公一起约好友玩3P,各种姿势接连爆操,受不了了想走!
女友性感漂亮的小表妹聚餐时喝醉了带到酒店扒光衣服玩弄后准备操她时担心事后被发现只能射她脸上
不扣鈕的女孩[粵語中英字]
女的刚开始有点不愿意，在小哥各种挑逗下终于被草了
网红豆芽妞剧情演绎6号技师按摩服务客人加钱要求啪啪最后口暴对白清晰
某艺术学院高挑性感极品美女在车上就已经迫不及待的把内裤脱掉,刚插进去就大叫：再快点,操我,深一点,操死我!
大神出差花重金搞到的极品美女!
兰博基尼大美腿御用车模
八仙饭店之人肉叉烧包_1993
狂草性感小女友，各种姿势轮番上
360摄像机偷拍情趣酒店偷拍,小胖哥直接把女的干了
精品特色酒店情趣房偷拍猥琐卷毛哥后射呻吟很大好身材女友
主题酒店偷拍小情侣,男的差点把女的干哭了
愛人-2005[韓語中字]
与高挑性感的女生爱爱
假日酒店约炮黑丝袜美女
和美女啪啪,各种撩人姿势一起来
会展中心气质美女高媛媛爆操172CM好身材高颜值的知性美女
AV青春夢工廠_國語簡中
胖哥路过城中村偶遇坐在电动车上等客的漂亮妹子100块有找
奶子超大的中年良家少妇正和情人啪啪时突然接到老公电话说：和朋友在外面吃饭.刚干第3炮说：太痛,我不行了!
摸醒我，我就干到你想尿尿,极品黑丝性感美女被操的哭叫：我想尿尿,用力操我,你操到我G点了!
猛操白嫩性感的漂亮美女,看到鸡巴吓得妹子说：我感觉你就像A片里的一样,你的太大了,真受不了了!
肌膚滋親_[韓語中字]
黑丝超短裤淘宝长腿美女模特约我逛街时一直挑逗我,带回家后主动脱下短裤跪在沙发上翘起屁股求操!
火爆网红鹿少女剧情演绎打工妹午休被小偷潜入没有财被胶布封口绑手劫色爽到叫哥哥
好摄之徒首发-摄影师与完美模特翻云覆雨呻吟给力
公司性感小姐姐淫荡骚浪美臀翘-皮肤白皙性感小美女骚的不行扒下黑丝椅子上猛操
国模丫丫和摄影师啪啪视频流出戴着个眼镜被干的样子还挺闷骚的
謊言_(韓國禁片)_中文字幕
公司的同事,趁着假日把她给办了
勾搭夜场DJ美少女偷情做爱狠操极品馒头逼,无套抽插操白浆爆精内射
搞了个渔网小美逼
高挑漂亮的22岁在校大学美女鸡巴在后面操着,男友不停发信息问她在哪,大叫：喜欢大叔操我!
大神王老板未流出过作品会所大战会玩一字马的网红脸蛋童颜大眼妹1080P高清无水印
非常屌的网红女主播小曼全国约炮之旅空姐制服与喜欢插屁眼的有钱粉丝户外车震对白有趣
大神调教女神,穿上红丝袜再爆操
穿着薄丝袜超短裙的美女主播小雨酒吧和2网友粉丝见面喝多后被带到酒店2人轮流操不知被干了多少次!
出差南京约到的一个美女,小逼水多活好
床_BED[韓語中字]
城中村嫖妓转悠了半天还是觉得穿风衣的妹子漂亮跟她进房来一炮
东北口音90后大鸡巴小伙和丰满女友白天直播啪啪玩69
趁着下属出差去他家里把她老婆慰问了
趁朋友出差约他性感漂亮的女友来家做客,期间不停挑逗终于就范,床上客厅不停爆操,女说：我有点不好意思.国语!
参加侄子家长会结识的超美幼师小姐姐lady酒店约炮一夜情
女教授的隐秘魅力-[韓語中字]
不要拍快关了，帅气表弟和大奶子白虎美眉激情啪啪呻吟刺激
把微信聊了一个多月的外企公司性感女秘书带到酒店,花样太多把妹子操生气了哭也不是喊也不是!
360摄像头偷拍酒店情侣啪啪过程
99网红极品小嫩模
情色馬拉松-[韓語中字]
19岁大学生情侣放假家里磕炮不戴套干女的下面好多淫水啊没插几下就泛滥了普通话对白
很年轻的白虎小主播
身材非常好的女模特
新加坡富二代性爱录像流出
香港奇案之强奸國粵語中字
淫蕩書生眾美女國語中英文字幕
慾火狂情完整版國語中字
终极猎杀國粵語中字
周末把女友草的很开心
东北口音主播二嫂户外直播勾引司机被司机往死里操无套内射司机说减十块钱给你买个避孕药
90后妹子镜头前现场直播激情4P大战轮流被操的直叫爽
女学生,少妇和我3P,先和少妇一起把她搞爽,哀求着：求求你快操我.干完她后又把少妇操了!
极品模特近距离私拍
危情1993國粵語中字.mpg.jpg
殺夫完整版國語中字
日日夜夜國語中文字幕
男与女
白嫩漂亮的95年性感小姨子趁姐姐不在偷偷和姐夫在家啪啪
手机直播猥琐胖哥剧情演绎强上舞女却不让喜欢不要错过
极品网红大兔兔性感演绎黑丝情趣内衣按摩店小姐给熟客提供特殊服务小鸡巴射了她一屁股精液
逼逼很有型的漂亮白丝少妇上班时间偷偷到情人家偷情,骚的连内裤都没穿,毛少又能叫!
宅男撸管推荐刷跑车福利吴音音露脸啪啪不是一般的精彩
魔鬼天使國粵語中字
赤裸天使國粵語中字
暗夜國語中文字幕
风吟鸟唱出品极品美乳嫩模奶茶妹被摄影师震棒玩逼给摄影师口爆
两个农村留守骚妇小姑子和嫂子勾引生产队里的护林员一起在野外小树林双飞对白淫荡刺激
精品两男两女户外小山坡4P野战两个男的轮流战双女其中一个去上面放哨
约炮校花开房肏的很爽
气质漂亮的美女人妻公司聚时被同事灌醉带回家中疯狂玩弄后强力抽插
聊斋艳谭之艳魔大战02
《寡妇的男人》字幕佳作好几位女主值得回味呀01
样子清纯的气质美少女为了能入娱乐圈主动献身给娘娘腔的导演不戴套泄欲
制服小美女和粉丝炮友啪啪男主有点猛哦能内射一半在B里然后叫女主口暴一半吞精
90后性欲极强的妹子和大鸡鸡农民工兄弟随便垫个东西就在户外野战呻吟贼淫荡
气质漂亮的极品小少妇和老公一起约好友玩3P,各种姿势接连爆操,受不了了想走
神似蔡依林的黑丝长腿客服接待极其容易高潮骚到不行淫叫老公你操死我了老公
聊斋艳谭之艳魔大战01
欲女舒琪
96年可爱漂亮的白领护士下班后和病人家属酒店偷情,在床上被爆操一次后洗澡时又被狠狠的狂干,真能叫,国语!
网红脸E奶美女主播和大鸡巴炮友啪啪乳交口爆老汉推车
精品户外直播大美女糖糖勾引眼镜大叔到公园小树林野战矿泉水洗鸡巴口爆劈腿啪啪
最新流出嫩模苏欣冉酒店被摄影师edison玩逼后入翘臀
大屌哥和女朋友做爱穿上性感的情趣内衣不戴套干
《寡妇的男人》字幕佳作好几位女主值得回味呀02
印度色戒中文字幕钟丽缇
漂亮萌妹子学生制服漏奶漏逼尿尿秀不要错过
两个90后小情侣刚发育成熟就出来直播啪啪赚钱小伙鸡巴还挺大的
乳头有些奇怪的白嫩美女主播一边跳蛋搞BB一边与狼粉聊天貌似钱到位了可以约炮可以微信发福利清晰对白
人见人爱的白肤美艺校靓妹洗白白拿起个小吉他乱弹琴仔细看她有点像之前的网红肉嘟嘟
清純小美女和炮友啪啪，女上位特別厲害內射精液都不流出來
身材不错戴着墨镜的女主播含大鸡巴各种姿势啪啪
年纪不是很大的女主播和木讷男小树林打野战直播男的被蚊子叮了一腿包
淫童-国语中字
性感漂亮的留学大眼妹白虎美女李X静被鸡鸡粗大的情人爆操的淫叫不止,看她痛苦并快乐的表情真想操她!
魔鬼身材的大学生开播和网友互动
漂亮黑色长发妹子直播露逼秀喜欢的不要错过
男材女貌的大学生情侣性爱自拍女女的样子很淫骚
沙漠110逼毛茂盛性欲强女友蓝色网格丝袜做爱喷潮叫着大爷操逼逼
香港三级兽性新人类2失忆性行为
美乳女神2018版小鸟酱Kotori黑丝高跟冰屌插穴粘白浆淫叫高潮
蜜儿夫妻8月新作,半夜在家直播时诱导会员送礼物说：把你们的礼物走走我就好好干.结果累得蜜儿说让我歇会在干!真心漂亮
美女主播晚上勾搭陌生卷发男户外啪啪口爆很给力男女都露脸
女神级白嫩性感的瞳孔大美女家中首次手机直播操逼内射视频秀,干净粉嫩的极品穴让人激情高傲,欲罢不能
乳神张雪馨被几个摄影师围观拍照修长美腿馒头逼
上海完美身材骚浪学妹放假饥渴难耐飞回来激情打炮
香港三级沙胆英(邵英英陈萍)
身材性感苗条的舞蹈系大学美女紧身牛仔裤趴在床上屁股太诱人,男友为了干爽她先在屁股上射一次再爆操
美少妇王漂亮和胖哥炮友啪啪逼逼太小坐两下就出血了要用胡萝卜搞一下再继续
萝莉主播柠檬路上勾搭两个同龄大学生处男宾馆开房3P其中一个秒射
偷情人妻浴室冲凉口活后入，到床上穿上黑丝诱惑，舔鸡巴主动上位被我后入干的呻吟浪叫720P高清无水印
极品国模真希与摄影师激情啪啪呻吟给力
身体互换.中字
清纯艺校小美女想入演艺圈做模特被摄影师带到豪华酒店和胖大款一块3P
东北口音女主播大热天中午和摩托车佬小树林野战貌似连续在这宝地搞了几天
90后女主播真够拼的大冷天和包皮炮友景区野战先用农夫山泉消消毒
就要开学了美女月儿公路边车上露三点抠逼自慰勾引闺蜜老公摸她的奶子和逼逼
气质女神白富美露脸，口交多姿势爆草，草胸你见过吗
巨乳女神李梓熙与摄影师激情奶炮脚交后入式啪啪
新江山美人
露脸皮肤白皙，舌尖上的功夫一流，极品奶子被草的乱颤，听她呻吟都想射
夫妻档主播多体位啪啪啪淫语浪叫狼友们有福了
HD大神直播2男2女4个小青年群P叫春不断场面不输岛国AV对白清晰
巨乳系酷似杨紫的美眉和狼友唠嗑问她外阴颜色怎么那么黑原来是喜欢穿紧身裤惹的祸
精品酒店偷拍球衣美女和大叔啪啪，草完不知道为何吵架了
苗族G奶气质女神长腿少妇,白色包臀连衣裙超诱惑,操她时还教我怎么从后面干才会更爽
香港漂亮姐弟luan伦作品爱很烂
楚楚动人的漂亮黑丝美女被情人操的高潮不断,大叫：好厉害,我想找个男的和你一起操我
居家风骚少妇勾引外卖小哥肏她的BB
非常屌的90后白虎村姑和鲜肉级男主播户外野战太多蚊子了只好去人家的毛坯房里脱光了继续干
大奶主播约经常刷跑车的粉丝到游乐园户外啪啪玩危险动作对白清晰
露脸才是王道大庆哥工厂楼道爆艹银行职员副经理真骚，干的骚货直叫好爽
酒店偷拍保险公司帅小伙上班时间带性感短裙美女同事啪啪,淫叫：我要的是高潮,用力,舒服,要爽死了!
日本三级湿濡的女人中文字幕
假期驱车约操98年极品爆乳靓妹高跟黑白丝各式乱操
很久没见过这么极品的美乳粉嫩骚逼了没忍住连续撸了4次今晚得搞两瓶营养快线补补
大奶女主播夜晚勾搭滴滴司机路边车内啪啪女主播下面很干啊插了很久也没有出水对白清晰
90后美女主播勾搭个屌丝包皮很长的小哥KTV啪啪对白有趣
公司性感小姐姐淫荡骚浪美臀翘皮肤白皙性感小美女骚的不行扒下黑丝椅子上猛操
日本三级处女关系中文字幕
街头搭讪魔鬼身材性感美胸小野猫,长裙里竟光着屁股,床上操完趴在天窗又被狠狠内射,最后满足的打扫战场
豪乳美女主播莎莎和帅哥小树林打野战和狼友探讨性经验
屌炸了30多岁的极品骚妇主播花了一百块找来两个零零后学弟户外口交啪啪
高颜值性感女神美女家中私会土豪情人玩女仆情趣制服诱惑,从床上干到梳妆台上,操的真不轻,呻吟大叫
假日的城中村真繁荣大白天小巷到处坐着等客的妹子，挑了个漂亮少妇出出火
无耻之徒床戏集锦3
高颜值女神级美女趁男友不在家又一次微信约小区帅哥家中偷情,沙发,床上猛烈狂操,这次把美女快干瘫了
各种挑逗外卖小哥秒硬,还给操喷了说不要了,好痛,你鸡巴太大,射我逼里,喂饱我
儿子你妈被草了花族教主勾搭个工厂打工仔到野外高压电架下打野战
大奶少妇约会司机炮友到马路下面的桥洞啪啪真服了这哥天气那么冷户外还能硬
国模沐心被摄影师用电动棒棒玩逼对白清晰
后入良家素人震蛋玩逼
高颜值极品女神大胸美女吃夜宵时被暗恋已久的男同事故意灌醉蹂躏啪啪,逼逼毛少肥厚堪称极品
大白天直接把车停在路边给司机舔鸡巴露出个逼逼很性感
白嫩大眼萌妹温泉直播让人摸奶摸逼，还给别人打飞机这小哥不知道有没有幸福来敲门的感觉
99年女主播网吧勾引楞青小伙在大厅拔下裤子就吹受不了拉到厕所激情啪啪
富姐公交站等老公被过路司机搭讪坐顺风车被下迷药拉到偏僻处车震对白有趣
抽插肥臀艺术系学妹骚叫“太深了”高清完整版
女老师
把工作中眼镜女朋友操了
白丝透视装口爆肉丝骚学妹安全期无套暴力骑着操
嗷好痒啊高颜值网红兔兔精彩演译老师给学生妹补习性教育课现场示范对白精彩
超薄黑丝高跟性感大学美女在沙发上玩手机时被情人狠狠爆插,干完一次被迫换上情趣睡衣从后面操的嗷嗷叫!
傍晚穿梭在城中村的小巷站街妹子纷纷出来搭讪跟了个漂亮妹子进去搞
城中村搭讪的运动服站街妹子，被带到旅馆的长租房里交易干之前看看逼
苹果未删减版
19岁大学生情侣放假家里磕炮不戴套干女的下面好多淫水啊没插几下就泛滥了
18岁的少女野外展示她的白虎嫩B
4个90后小青年4P大战，两个嫩妹轮番被两个小伙干对白清晰
47岁性感中国旗袍辣妈和大鸡巴猛男自拍啪啪被颜射一脸
呆哥边操情人妹妹边给青岛情人打电话直播做爱过程
年轻的小姨子3未删减
90后白嫩大胸美女和男友一起到义乌做外贸时偷偷到酒店与客户开房
开着豪车开直播出去约炮
爸爸快来看我洗澡萝莉主播吃完火腿肠和爸爸草逼哈哈爸爸问女儿最近赚了多少钱
边打电话边给我口交，我抠她骚逼到潮喷水好多给我弄射了电话还没断
丈夫把老婆眼睛蒙住铐在墙上,让好友别说话去奸淫她被发现后又被强行玩3P
和大学女友的闺密在公园里偷情
巨乳双马尾妹子漏逼视讯秀喜欢不要错过
很久没回家的萝莉主播柠檬网吧勾搭帅哥哥说喜欢人家的鸡巴然后去人家家里蹭热水澡
一手调教翘课可爱型师妹由处女变淫娃
湖南清纯漂亮的长腿嫩妹挑战25CM超粗大鸡巴自拍,猛男用尽全力不停抽插,没想到竟然坚持下来了,最后还被射颜！
模特白虎车模雨含与男友XO视频流出激情啪啪无套爆射
出轨同学会
《偷窥438》PEEPING __ 1080HD 【Chi-Eng SUB】2017突破尺度禁忌华语情色文艺片 偷窥欲望 洞悉人性
土豪酒店各种花招玩稚嫩漂亮的大学干女儿,妹子被折磨的一次次高潮
巨乳棒球帽女孩看着就想肏
大胸女主播小可爱一线馒头逼和几个猥琐帅哥聊天问哥觉得自己帅不
2018年越南国民经济学院女大学生秋雅琪不雅视频泄露风波
大屌哥城中村出租屋嫖妓鸡巴大搞得小姐有些吃不消
强上女友新婚闺蜜,裤子没脱完就直接开操,干的太猛直喊痛
超清纯漂亮巨乳女神郑艳丽
97护士服学妹，想肛交但学妹太紧，只能推油爆操就喜欢她的浪叫
火爆網紅鹿少女車庫請帥哥修車然後激情啪
很年轻的中学生情侣开直播爱爱
周末约操美术学院大一极品美乳小情人迫不及待扒开性感小内内快速抽插
小鲜肉酒店撕破超性感漂亮女孩的肉色丝袜就开干
丰满大波一线馒头逼学院派模特宾馆私拍
长相身材都还不错的美女主播激情热舞
清纯可爱的美女主播
高铁女神冰冰浴室大尺度自拍
周末和女友在出租房干炮
晚上找女友过来帮我口交
朋友不在家的日子
大奶子乳交太舒服了射了很多
快点来操我,19岁萝莉主播喝大啤喝高了吧和男友操逼直播
极品高素质颜值美女一对坚挺的竹笋乳幻想一下用大鸡巴插她的小淫穴再咬一口她的奶子一定爽死了
女朋友在家里帮我口交
沙发上肏水很多的少妇
露脸之骚女神口交乳交骚逼被工具插的高潮迭起
洋老外米糕最新流出东莞长平酒店双飞两个90后工厂打工妹
高颜值白嫩萝莉萌妹和大叔粉丝开房约炮貌似干了两炮对白清晰
非常嫩的小BB被肏的很爽的
婉美褲哥的胖土豪啪啪極品黑絲性感美女
高颜值性感美女为了增加收入不惜夜晚和男友一起表演啪啪视频,打赏越多操的越猛,小穴好像都被干肿了
小女友阴毛浓密水多性欲强无套抽插感觉有点痛
小鲜肉表哥搞良家系列曾经的班花貌似怀了，鸡巴太大怕搞出事只能打打擦边球四川话对白
日本三级-租客的无奈
打工妹兼职女主播勾引健身教练到女厕操逼本来是要在户外干的有绿化工在种树
白嫩大波妹和狼友互动完和乡下帅锅锅到小树林野战啪啪啪
大款汤先生酒店约炮俄罗斯美女娇娃的高跟美腿丝袜高清完整版
和刚下班的银行小白领在洗手间一边和王经理打电话一边开草
极品亚裔白嫩大二美女不服气挑战26CM大鸡巴,结果干到一半疼的受不了要走,缺被扯着头发强行狂操完！
性病初愈去会所玩个90后的小姐前后各射了了她一次
绝对是校花级的女神洗澡的表情真可爱
極品白虎主播貌似磕了藥有點嗨和豪車司機在野外車裡瞎搞
洋老外米糕最新杀回东莞作品再次约炮2年前那个极品白虎花花逼逼依然很干净
娇小漂亮的大二美女被土豪男友开车带到乡村小路要玩野战
韩国经典3级
开车和90后馒头逼女友到山边小路野战骚货下面一插就冒淫水
高颜值四川美女主播和摇一摇炮友直播啪啪这炮友真厉害把她插喷了
百变女神魅心地下停车场喷血表演足球宝贝女护士女杀手这时进来停车准被吓一跳
极品馒头小B被疯狂抽插内射
酒吧聚会没带钱包的性感漂亮美女混熟后在厕所啪啪,空间狭小施展不开带到酒店各种干她
细长鸡巴快速抽插刚刮完逼毛的漂亮小媳妇出白浆
某直播平台90后极品小情侣家中啪啪直播给网友观赏,猛男为了钱把女友干喷水后继续干
白肤美艺校美女主播好想用手捏一下她那完美的奶子看看是不是真的
牛人冒充导演忽悠大学女生拍露三点写真
新流出洋老外越南公园狩猎19岁兼职学生妹
近距离拍摄草女朋友的小嫩B
济州岛性感之夜2018中文字幕
高中妹子又趁著大人外出，在家房間偷偷的自慰
逼毛都没长几根样子很嫩的女主播和鲜肉帅哥啪啪被颜射不少狼友问包夜约炮价钱
美丽模特兼职外围女丽丽酒店和大款激情
约炮混血美女大战300回合
非常风骚的女友每天都要干她一次.avi.mpg
约操96后银行女职员淫荡小骚货长屌无套爆插都给操尿了淫水流不停
饥渴丰满少妇主播晚上出击勾引个像猪肉佬的胖司机路边车震
超水嫩18岁美女主播范宝直播套路网友刷礼物奶子坚挺修长美腿BB很粉嫩
酒吧偶遇前女友旧情复燃开房做爱意乱情迷竟没带套
美女副驾驶位勾引男友,说你干嘛那么用力,操死我了
韩国三级我的性感蠢女儿2018中文字幕
偷拍超性感漂亮美女和男友,女闺蜜一起旅游被男的狠狠操了一番
高颜值白虎女主播和纹身粉丝炮友啪啪高潮尿失禁喷了炮友一身淫水有点不好意思
逼逼没长几根毛毛的辫子女主播拿着自拍杆和男友啪啪
探探约炮御姐范的轻熟女老师
大美女思瑞黑絲高跟前所未有的高清大尺度零距離特寫
最近很火的风吟鸟唱大神啪啪啪性感模特小美女琏菡米老鼠纹身很卡哇伊小蛮腰肥臀阴毛浓密久战沙场
96年性感大学美女洗完澡就被按在盆池上狂操
高颜值网红新人主播妍宝宝出名后酒店援交土豪啪啪自拍曝光,胸大貌美,插的狠叫的更厉害,绝对极品!
非常年轻的少女开直播被肏
大学时期的女同学好不容易约到宾馆，床边沙发椅子上草遍整个房间
在出租房狠狠地草女友
御姐清清和摄影师酒店激情啪啪呻吟表情超给力
韩国三级入伍前夕中文字幕
高颜值网红兔兔精彩演译老师给学生妹补习性教育课现场示范
北京彪哥居家真皮大床激战紧身牛仔裤学院派舞蹈系妹子呻吟刺激
宾馆偷拍穿着风衣的漂亮连衣裙美女见网友时不让操,小伙软磨硬泡没办法最后直接抱到床上强干
东北大神彬哥约炮辍学出来赚外快的学院大波美眉性感开裆黑丝淫水泛滥
98年毛没长全的女神小嫩逼迫不及待脱掉衣服坐在上面操
颜值女神主播一对大波揉来揉去抛媚眼各种挑逗狼粉刷礼物.mkv
长得有点像某女星杨X的网红女主播情话首次在平台直播啪啪快枪男实力出镜对白清晰
出差约到一个少妇开房泻火
大屌小鲜肉与害羞的极品白嫩女友高清自拍细腻口活好
淫骚空姐最新流出穿着睡衣和91大屌炮友啪啪貌似被射了两次以上
操99年武汉幼教美女小小制服定制版,边吃鸡巴边和男友讲电话
长屌哥啪啪村里发廊新来的洗头妹子乡下姑娘样子是土了一点身材很不错
某直播平台给力情侣半夜直播啪啪
极品36H罩杯性感大美女醉酒睡着后被各种玩弄最后还射到超级大奶上
狗爷城中村嫖妓系列环境还不错的养生会所炮房啪啪御姐范的学院美眉干完气喘吁吁
帅气表弟和大奶子白虎美眉激情啪啪呻吟刺激
约啪酒店的年轻大堂经理
极品主播和炮友啪啪啪，高潮冲刺直喊射逼里.flv
最近聊天平台很火的范大小姐大尺度诱惑把自己整得跟范冰冰似的估计花了不少钱
巨乳空姐黑丝肉丝激情内射
狗爷城中村发廊嫖妓双飞两个年轻妹子250元物廉价美对白有趣
激情足交揉B啪啪啪女主身材超好微漏脸叫声无比淫荡
沙發玩艦娘海藍制服裝美少女
性感漂亮的姐姐自慰不满足想要被操偷偷掀开表弟被子吃硬JJ后坐上面淫叫
很可爱的萌妹子和网友聊天.mkv
真實咪J-KTV套路灌醉可愛的校花級香港妹酒店開房啪啪粵語對白
职场新人求职潜规则内谢中出
聚会的目的3.中字
約山東某大學背著男友出來援Y交的學生妹
广东女主播半夜勾引河南摩的司机野战有屌丝观众建议去墓地玩被女主播拒绝了
对白清晰白领兼职女主播和纹身男友宿舍直播啪啪
褕情已婚倆孩子的媽媽廚房後入狂艹
约啪酒店大堂經理制服篇
聊斋艳谭之灯草和尚高清
极品小处女的馒头穴太嫩了
女神思瑞最近很缺钱啊月经刚走就和大黑JJ土豪啪啪
夫妻开直播和网友互动频繁
陪女友逛完街回出租屋大肉棒抽插內射小臊肉茓
法国三级_我亲爱的课程.中字
劇組面試98年北京簽約氣質嫩模,身體太嫩了
大奶美女主播穿着网袜和粉丝炮友在户外小山坡野战这样的位置很容易被人发现的
东北农村小男人被32岁巨乳嫂子在厨房挑逗啪啪
高挑身材的模特级E奶表妹自拍洗澡诱惑，圆润的奶子多毛的骚穴欠操
水晶小白跟女友在出租屋无套内射
香港喜剧夜生活女王之霞姐传奇
土豪幹爹內射99年大一幹女兒含含,嫩茓宛如童B
97年白嫩漂亮的大胸美女约同学到家里按照网友的要求和设定的动作现场表演做爱
90后开车郊区野战车震,叫好舒服,我是贱B骚包
外表清純的眼鏡學生妹被大力啪啪
美乳禦姐兔女郎極品粉木耳
日本三级重逢禁忌之爱
清純甜美小美妞被社會男友狂舔粉嫩沐耳,舔出白漿
女神兔兔開車路上隨便搭讪兩個大叔前往KTV開包間打炮
素人约大蜜范女神约拍全记录02
素人约大蜜范女神约拍全记录01
偷拍公交上的美女露出小内内了
小姨子的诱惑.导演版
和丰满的女友在出租房疯狂插b
深入女人心完美身材,大j8狂抽猛艹
三寸金莲女主播按观众要求把会所健身教练勾引到附近公园口爆啪啪这教练吃奶的样子真猥琐
婚介认识的离异小学语文老师怕同事认出蒙着眼睛玩
元旦請單位漂亮同事吃火鍋,接著酒吧猜色子趁機M倒
新员工.中字
我的表妹
潛規則巨乳絲襪腿模莉莉
挺甜美清純的妹子勾引滴滴司機,車上給司機口暴
水嫩山東辍學小太妹和社會紋身哥造愛播BB太嫩了
极品嫩穴后门吞玻璃珠
人肉打樁機抽插上班白領
校友的目的
精品学院短发清纯女生第一视角爱爱02
精品学院短发清纯女生第一视角爱爱01
未婚情侶准備買房子結婚造愛值播賺房費
完美炮美女和炮友造愛值播,被炮友故意捅了下菊花
刘经理中午午休和女下属穿着黑丝开裆在办公室来一炮普通话对白
我妻子的101次婚姻.中字
小夫妻造愛值播,全程第一視角,騷貨被舔的呻吟不斷
销售美女为了业绩和客户在阳台打了一炮
财经学院美女
超高質量粉沐耳嫩模接私單拍攝,價錢太高了,不讓插進去,只能在外面摩擦射出來,這B真的太嫩了
步行街潮流精品服装店的短发气质美女老板娘
完美的搭档.中字
99年雙馬尾泳衣蘿莉調教
96年絲襪制服兔女郎莉莉
眼鏡哥和自己漂亮小媳婦激情造愛,爲了值播拼了,要去吃藥,小媳婦騷的很
小媳婦看起來年齡沒多大,極品一線天小穴
极品巨乳高颜值女神小奶油被大鸡巴后人一线馒头逼
年轻的岳母
00後短發氣質清純學生妹下海02
00後短發氣質清純學生妹下海01
雲南小姑娘主播短裙開檔棉襪,約了個眼鏡小哥河邊玩野戰,臊B天生白虎沒毛
雲南無毛白虎小姑娘主播小樹林羞恥開播,菊花臊茓都不放過
高颜值气质可爱大学美女被朋友M倒脱掉短裤狂操
朋友的姐姐2
护士制服角色扮演COS超诱惑极品美臀丰臀多姿势爆操淫荡浪叫沙发桌子床上操个遍
花大价钱搞来的无码录制女神兔兔KTV淫乱4P路途中车上被大叔抽水
花季少女无毛白虎逼上一撮黑毛据说性欲旺被机吧插手指抠
花钱约炮强吻小师妹
混血浴室
身体轮廓的秘密.中字.jpg
极品白嫩少妇私约威猛壮男啪啪穿情趣制服窗前椅子上后入爆操爽翻了
极品车模兼职完美身材带回家激情抽插黑丝美腿诱惑十足“天呐干死我了亲爱的”浪叫呻吟真嗲激情抽插
极品风骚美少妇偷偷私会情人,太敏感鸡巴进去就狂叫,爽的直喊
极品美乳女神鹿少女演绎性感护士装诱惑病人草逼大J8无套抽插爆射
极品美女主播各种诱惑大尺度大秀喜欢的不要错过
极品模特聚餐喝醉被带回酒店干完后不过瘾又狠狠玩弄接着操担心被发现又把她衣服穿好
极品嫩模小巩俐自慰完给摄影师吹箫
床上希望热量中出~即使在寒冷知念真樱
极品网红芽菜姐剧情演绎淫骚后妈与猥琐四眼儿子阿文不伦之恋对白精彩
我的嫂子是我的女人.jpg
极品身材小仙女琳琳第二部包臀短裙很性感,掀开就开操
极品性感黑丝女友宾馆中慢慢调情玩弄，好爽的一个度假
继二嫂之后又一牛逼大奶主播人生小骚妇户外景区给两个民工模样的人吃鸡巴
加钱都不让操的气质漂亮按摩技师少妇费了半天功夫好说歹说终于给我口爆了!国语对白!
家庭摄像头真实偷拍-淫叫声很大的少妇偷情,男问我厉害还是你前夫厉害女大叫不能射里面,操痛了
自由夫人.中字.jpg
假日约炮美女
角色扮演母子乱伦妈妈穿连体豹纹珍珠情趣T裤在健身球上练瑜伽儿子着急直接插入呻吟销魂“儿子好棒”对白淫荡
教你怎么让女孩起床分开腿直接操她约炮身材苗条漂亮妹纸露脸还光屁股接朋友电话对白精彩
街头搭讪魔鬼身材的性感美胸小野猫,趴在天窗被狠狠内射,最后满足的打扫战场!高清
外遇：我朋友的妈妈.jpg
火遍全国、绝品女神级车模私拍视频、美爆了、摄影师都忍不住要摸一把
精品小旅馆偷拍胖哥胖妹天生一对妹子的毛多到看不着逼说胖哥舔逼样子好可爱
精致美少妇和眼睛哥约炮直播在镜头前插B，诱惑表情特写对白非常有趣！！
酒吧极品好身材混血外围女呻吟超刺激
相互关系2.jpg
酒店爆操初恋音乐系女友第一部从沙发上操到浴缸里干得欲仙欲死
酒店爆操身材性感漂亮的岛国《千与千寻》美少女水濑名雪
酒店激情爆草高挑长腿女神级模特171美腿大奶高跟直接在沙发上换着姿势做露脸自拍这身材是真不错过瘾
酒店开房约炮啪啪单位95年未婚丰满大屁股女同事
酒店狂操四川98年刚毕业上班的害羞小嫩妹,玩的都是高难度动作
母亲的情人.jpg
酒店私約性感美女啪啪直接摁倒在沙發上捆邦蒙眼封口猛烈抽插太刺激了
酒店偷拍F罩杯大胸少妇被干了2次还不满足说都没干你怎么就射了.最后自己自慰
酒店偷拍大胸牛仔短裤美女床上干完后又被男友拉到炮椅上疯狂输出操的淫叫不止
鸡巴大啪啪猛高价约炮外围极品女模特性感公关制服诱惑床上床下来回肏
酒店偷拍性感高挑的大奶美女洗完澡就被男友狠狠的爆操真没少干操了好几炮
妈妈的朋友2017.中字.jpg
酒店约啪高气质坚挺大波靓女露脸提前给准备好黑丝情趣衣多体位爆操干的太猛给肏生气了对白精彩
酒店约炮180CM长腿极品女神
剧情强暴美女系列二
剧情强暴美女系列一
窥视的欲望.jpg
剧情演绎男老师给女学生家庭补课勾引妹子啪啪啪说艹死你爽不爽啊
绝美教师
孔雀东南飞超强豪华巨制剧烈啪啪最后女主都站不稳了
快快接着操我你好大从来没被这么大J8草过酒店窗前爆操青春靓丽美乳学院派美女对白淫荡刺激
快乐的秘密房间
狂草肉丝极品长腿美女少妇逼紧水超多人美逼受罪
老师和曾经是自己学生的媳妇酒店开房直播啪啪大长鸡巴让骚货淫叫感觉呻吟有点假
蕾丝高跟美少女的疯狂性爱夜暴力抽插淫虐打嘴巴美乳翘臀无套猛操浪叫
撩妹约炮风情很有女人味的漂亮人妻露脸穿上黑丝操椅子上干抱起来操到浴室再操回地板
脸蛋清纯骨子很骚的性感美女主播UT宥菈正在直播洗澡时被男友拉到床上各种体位狂操,淫叫：不要,人家好紧啊!
家教高级课程.中字
良家富女爱健身完整版床上很主动的扒光我，口活上位多姿势爆草呻吟
流传极广影响最大的国产3P大作成熟性感美艳丝袜少妇值得一草
鹿少女在椅子上被男友操的大叫小骚B好爽大鸡B操死我
露脸丝袜美脚舔阴足交，鸡巴让这美女这样搞法都弄坏了
露脸主题宾馆约炮看上去很良家的妹子连体黑丝射完一炮歇会又干妹子肤白臀肥丰满肯定败火国语对白
夫妻交换2
第一次经历
慈禧秘密生活·完整版
3D肉蒲团之极乐宝鉴无遮挡码版
冒险俯视偷拍凌乱出租房年轻小情侣激情啪啪啪体位变换多肏的速度快很猛
没长几根逼毛的大胸器网红演绎心机婊女秘书穿着性感勾引老板主动要求坐鸡巴上面
美女看微信被后入,身材不错
美骚妇主播周周和粉丝炮友直播啪啪提供像会所小妹一样的服务
门票有点贵的淫骚御姐型女主播扮成护士和小鲜肉直播啪啪对白精彩
魔鬼身材网红鹿少女情趣内衣厨房做神菜招呼帅哥边草边弄超精彩
某车展结识的旗袍蜜桃臀性感女模
鸡巴抹点按摩精油后人刚开苞没多久妹子的逼逼超粉嫩普通话对白
黑丝女神美女酒店被恋足控情人揉逼后撕破丝袜啪啪!
演员露脸黑丝酒店约炮先冲澡再口交吹舔后激情爆草
SM调教捆绑调教175CM女神
90后情侣家里嘿休
跟团旅游一路聊骚勾搭的拽妹被灌直扒光衣服尽情啪啪啪
白嫩女秘书家偷情这白花花的肉是男人看着都心动
狗爷寒冷冬夜城中村嫖妓相中个刚才外面回来200元的大波妹子
女神级E杯巨臀混血足球宝贝ADA酒店被狂操的高潮不断,身材样貌简直极品中的极品
女神酒店制服大尺度私拍被导演用遥控震蛋玩掰穴看里面
女神网红外围模特思瑞姐真空穿着女人味十足的连衣裙掀起来就啪啪呻吟太好听高潮说“老公你坏蛋不要不要”刺激内射
噢儿子射了下次还这样，母子乱伦骚妈寂寞太久没做受不了穿着情趣服红高跟诱惑儿子
啪啪极品高颜值黑丝女神，口爆，抠逼画面配合呻吟很有撸点
排骨哥小白扮客户约草长得有点像李小璐的长靴短裙小野模
屁股很翘胸很挺的黑丝旗袍美女被大神从后面干的太狠受不了自己拔掉后坐在上面快速扭动到高潮!高清完整版!
普通话说的不准的极品白虎粉逼主播貌似磕了药有点嗨和豪车司机在野外车里瞎搞
漂亮长发无毛逼留学生美眉与野兽一般饥渴的洋男友狂野玩弄啪啪啪暴力颜射
普通话淫荡对白约炮连体镂空情趣装大骚货一个J8不够爽还要加道具淫水泛滥逼紧把套子都要夹掉了
齐逼短裙高跟大长腿美女为了体验刺激夜晚和男友开车到公路上玩车震,车里操着施展不开又到车外干!高清版!
气质漂亮的大学短裤美女背着男友偷偷在宾馆私会男校友偷情时不慎被服务员偷拍,长得漂亮,身材又好,操完又操!
气质漂亮的美女人妻公司聚时被同事灌醉带回家中疯狂玩弄后强力抽插,白嫩漂亮超刺激高清版!
强势回归之KTV约炮丝袜女神韩小希
情趣套房偷拍饥渴的少妇下午和单位同事开房射了几次还没有满足
人力资源女白领被套路灌晕呼呼大睡不省人事被带到宾馆扒光尽情猥亵
某地空姐性欲旺盛坐在鸡巴上还不满足一边操一边还用大功率振动棒搞
性感极品女神金钱攻势下终于带回公寓细腰肥臀各种姿势猛操嫩穴
长发美女聚餐喝多后被一起吃饭的朋友带到酒店慢慢脱光衣服狂操后又尽情玩弄!
约炮极品大长腿平面女模黑丝开裆技术也是一流沙发上啪啪
性感纹身落地窗桌前翘美臀后入猛操浴缸制服诱惑
爆乳美女谭X全套不雅性爱视图流出
样貌身材堪称极品,大长腿超性感,国语！
韩国女星偷拍第32部都是高颜值极品好身材美女
少妇贷款被潜规则一边玩一边被损对白有趣
身材娇小的留学生美女张某与洋男友洗手间啪啪啪这么大的鸡巴还能给深喉各种肏很刺激
身材超棒的极品华裔外围女性感美臀骑坐大洋屌
手机直播美少妇蒙着眼睛夫妻啪啪秀各种姿势换着操不够爽再用个按摩器
双飞高颜值的上海177制服姐妹花普通话对白
素人约啪极品身材红衣美少女绝美肉体蒙眼跪舔享受激情后入爆操美妙娇喘呻吟
素颜大美女给男友劝服来到WC里玩太刺激！腿软完赶紧回来啪啪，这双大长腿
素人约啪最新季极品网红嫩模销魂一夜淫荡爆操妩媚浪叫爆浆喷射
天堂约战极品外围女郎特别骚浪贱皮肤光滑白嫩乳房白又大沙发搞到床上爆操呻吟娇喘特诱人
头条女神曼苏和土豪酒店XXOO视频
土豪5000元约校花级美女酒店性爱,隔着内裤抽插,身材样貌简直是极品中极品
玩转2018极限Tumblr新人激情展示超粉嫩嫩鲍美穴极限雙插黑白风小兔子COS制服诱惑
网红啪啪啪扣逼舔JB操逼
土豪花重金才能约炮的绝色外围嫩模姗姗就打奥特曼捆绑口交操逼高潮飙尿老远
完美腿型身材苗条的黑丝美眉没想到小穴也是如此粉嫩粉嫩的玩起来不要太舒适！
网红哆啦剧情演绎女儿看AV按摩器自慰被爸爸发现推门进去啪啪啪对白淫荡
唯美口活系列喜欢的不要错过
温泉洗浴住宿度假酒店多视角偷拍女顾客解手坐便内的摄像头太有视觉冲击力了
无套爆操黑丝嫩鲍女神爆精内射黑丝肥臀内射一样都不少臀写淫字“用力操我”
无毛白虎萝莉主播穿开档丝袜勾搭个炮友啪啪啪太诱人了
稀有房偷拍性感苗条的女神级大学美女被男友操的太猛不小心把套套干破了,美女生气了不让干第2次了!
覗魔大神最新大作同时迷倒2个妹子一起玩弄沙发和床上分别玩弄
性感的小妞身材很好
性感火爆网红鹿少女水中下药迷倒男邻居自嗨到一半邻居惊醒兽性大发内射欲水横流
胸大性感的漂亮大学美女被操高潮后大叫：好粗的大鸡巴,操死我了,好爽,我喜欢大鸡巴!
颜值超漂亮的网红脸蛋TS美女口爆大鸡鸡样子特别淫骚
洋人小伙国内嫖娼叫了个颜值身材不错的小姐服务到位激情还玩69这洋人得加钱啊
野性十足的美女主播静静勾引单位胖领导小区路边车震这领导的鸡鸡小的可怜
医院98年性感漂亮的美女小护士不慎被同事灌醉带到酒店尽情玩弄啪啪中途还给美女换了双丝袜！
疑似大陆品翘臀嫩模尤物穿超性感情趣黑丝与富二代开房激情啪啪
音乐学院美女KTV唱歌被朋友故意灌晕带回来正玩得来劲时突然说了几句话,吓坏了
淫蕩紋身女深喉內射叫聲實在是太銷魂了聽呻吟就射了女主角估計被幹的太爽了
淫骚小网红精彩演绎老师家访没有家长在家学生和老师啪啪对白清晰
有钱就是任性大神酒店大战情趣马甲黑丝吊带172高挑外企极品女秘书前凸后翘被草到窒息大声尖叫很配合真爽
有钱人高价约炮学院在读青春靓丽美少女援交妹服务到位被各种爆操开始娇滴滴呻吟后来嗷嗷大叫这钱花的值啊
有钱任性玩法刺激约炮音乐学院气质女神到餐厅的卫生间打炮怕听见不敢呻吟
有钱帅哥约炮极品S身形细腰翘臀外围女模按在床边爆操娇喘呻吟好听干完还请喝大补汤
有钱小哥酒店爆操女人味十足高气质苗条爱玩王者荣耀的女神妹床上床下双机位多姿势爆插娇喘呻吟
有纹身的丰满大奶妹喝大了迷迷糊糊的被帅哥带到住所激情啪啪酒后乱性妹子还挺配合叫床声挺刺激貌似是内射
又一次微信约操身材苗条奶子超大的漂亮大学美女宾馆啪啪,全程不休息干完又干,奶大逼紧身材好,极品!
又一位下海到国外拍动作片的旗袍美眉那粉嫩小穴貌似水土不服对洋屌过敏长了很多红点
与性感黑丝开档高跟美腿骚情人开房情趣自拍扛腿猛操呻吟给力
圆床房偷拍文艺气质范的大学美女进房间就被猥琐男迫不及待扒光衣服操,第2次还边干边用手机拍摄!
约会170CM高颜值美女大学生小佟丽娅呻吟刺激对白清晰
约炮东北网友辽宁张眯长发大高个开档黑丝多体位爆操对白精彩淫荡
约炮良家少妇，清纯羞涩道具玩弄，口活还行上位，后入趴着的姿势相当标准，爆草翘臀
约战刚破处不久的90后白嫩可爱小炮友爆乳翘臀玩的嗨多姿势激情爆操小骚货叫的好妩媚完美露脸
在卫生间干朋友漂亮的女友干爽后说：我要,快给我,还要,干死我了
宅男女神极品巨乳网红芭比来月经浴室洗澡自拍下面逼毛浓密很有撸点
这两人真屌巨乳主播骚晶儿和帅哥司机穿着拖鞋就敢开车上路车震对白非常淫荡
芝加哥20CM黑屌连续爆操哈尔滨广东两美少妇抱操直插子宫高潮
壮小哥找个特会玩很骚的黑丝制服小姐泄火先聊天调情慢慢进入主题用手脚先撸射一遍然后在啪啪啪
自拍精选部黑丝性感美娇娘按摩口活服务
自拍与女神级高素质极品大学美女床战,身材高挑气质好,鸡巴插进去就开始大叫：好舒服,B舒服,喜欢被使劲干真是太漂亮了
最猥琐性福眼镜摄影师玩起了女体调教无毛女模特被捆绑在SM设备上各种道具齐上真J8插入搞的女模嗷嗷叫对白精彩
最新2018网红萝莉嫩妹萌白酱(甜味弥漫)VIP付费作品之黑丝学生装自拍杆紫薇无毛一线天嫩逼4V3
最新力作大学网红女神黑丝开裆高跟沙发啪啪
最新微信微拍极品女神精华合集,超多美女各种自拍总有一部是你喜欢的
最新长得神似关晓彤的小嫩模酒店被导演潜规则
气质漂亮的长发美女晚上和朋友撸串喝多后被带到酒店脱掉短裤尽情玩弄后撕破丝袜狠狠抽插!
情侣啪啪秀学生制服先给大长吊男友深喉再各种姿势换着操最后射嘴里
情人节约操公司超级美腿女员工深喉口活超赞爆裂黑丝狂操
骚妇女主播糖糖商场前广场加微信搭讪个大叔去开房激情对白清晰
身强体壮的大神微信约操丰满性感小护士抱起来来各种狂干,妹子受不了了啊,好痛啊,你大爷,不要
太牛X了99年女主播网吧勾引楞青小伙在大厅拔下裤子就吹受不了拉到厕所激情啪啪
探探上约到女平面模特可儿,胸好腿好屁股翘,逼很粉嫩连续爆操2次侧面
偷情超骚大长腿女警花酒店开房操高潮后说爽,快点,你想不想让别人操我
偷偷把朋友178气质漂亮的模特女友约到酒店偷情,粉嫩白奶,超漂亮的小姐姐,干的她不能自拔
师范校花高跟黑丝制服美女各种姿势换着草总有一款打动你
手机直播户外夫妻啪啪秀喜欢的不要错过
手机直播美女主播和帅哥炮友啪啪大秀69互舔多种姿势爆操骚B喜欢的不要错过
覗魔大神最新大作同时迷倒2个妹子一起玩弄沙发和床上分别玩弄
素人约啪第十一季职场新人求职潜规则之中出面试高颜值水嫩小美女肤白乳
土豪约炮95年的大学美女,颜直高身材好,水多多的
外围女酒店无套狂操内射越使劲糟蹋越兴奋对白激情
网红豆芽姐演绎模特小丽酒店面试导演被要求洗澡换上性感情趣内衣潜规则口爆颜射
纹身哥和女友可爱漂亮的女闺蜜偷情,玩了个新花招吊起来操,搞的美女受不了生气了不让干了,强行操完!
无码录制气质短发美女萌小贝和帅哥炮友啪啪逼毛和奶子特性感很有撸点
喜欢你在后面边干我边捏胸爽的受不了极品美乳露脸超短連衣裙女友酒店裡被捏奶奶好爽快被捏爆了啦特配合
小伙约炮极品成熟风情外围女郎长卷发很有范喜欢吃鸡巴阳台边看着夜景开搞衣服都不脱多体位啪啪啪
小胖哥真不容易啊隔三岔五要去开房满足剩女上司还好这次没来嗨的
小帅哥微信约炮极品黑丝靓妹主动坐车来约会奶大肤白水多呻吟销魂
协同铁粉酒店高价约啪高挑骚气制服女公关上下洞齐开轮番啪啪啪招牌动作抱起来干她
性感漂亮的牛仔短裤深圳小姐姐KTV唱歌喝多后被朋友带到酒店手脚绑在床上尽情啪啪拍摄
休閑會所玩弄風騷女技師足交揉逼舔蛋蛋爽的欲仙欲死微漏臉
学姐偷情第二季01
学姐偷情第一季02
颜值不错的美女和墨镜大鸡巴帅哥各种姿势啪啪口活技术好还是没毛逼
洋土豪米糕爆草便利店身材火爆老板娘草得她胡言乱语淫水直流
样子很淫骚的野摸掰穴让摄影师近距离特写拍照貌似很多白带
艺术学校美腿女神上门服务沙发干到床上各种姿势插插
淫操极品长腿肉丝高跟白领肤白腿长猛操深插直入淫穴无套抽插爆精内射
有钱人专搞院校在读的漂亮学生妹宾馆开房跳蛋玩BB让嫩妹纸小脚玩鸡巴有钱人真会玩
与前女友情人节在宾馆啪啪，舔的她嗷嗷直叫，就凭这功夫一直没有断了联系
约了个美女打了一炮
约炮干练短发搞销售的职业女性屁股又肥又大啪啪爆操呻吟给力说给她操迷糊了淫荡对白非常精彩
约炮酒店前台后入狂干
中秋情人节酒店开房长发大美女被男友拉着头发骑马一样狠狠地操爽到她受不了
重温最经典的国产3P大作成熟性感美艳丝袜少妇值得撸上一发
珠海艺术学院性感美女王X瑶勾引闺蜜男友酒店啪啪,黑丝情趣护士装后插式像骑马一样狂干！
主题酒店TP可爱漂亮的小美女假期和异地恋男友见面在酒店住了3天竟被操了7次,就连泡泡面的时候还被干了一次,国语!
主题酒店偷拍清纯漂亮的短发小美女和微信网友酒店住了2天被狠狠的爆操了5次,干的逼逼都有点痛了!
主题情趣房潮男靓妹约啪女的气质佳很漂亮皮肤很白猥琐男一看就是老司机用手各种搞妹纸阴部呻吟不断然后啪啪爽翻了
最近比较火3位高颜值美女大尺度私拍
坐盗市网友投稿把两个按摩技师骗到客房迷倒挨个屌
美容院丰满气质的老板娘陪客户吃饭被灌醉带到酒店猛烈抽插,逼逼又肥又丰满,操的真狠!
模仿岛国迷奸系列的猥琐眼镜男迷晕良家少妇带到酒店爱爱先用道具搞然后再用JJ搞
某大学社会系专业性感漂亮的校花美女与前男友爱爱私拍,分手后被无情曝出,原来漂亮的美女都很骚！
清纯可爱苗条小美女和精瘦哥野外车震直播真厚道操完还给大家看妹子逼逼特写
情侣酒店爆操身材样貌很不错的黑丝小美女,干的太猛把美女操爽后说了句：你是不是很久没做了!
上海酒店口爆强射日本纯天然E杯巨乳美女西条琉璃,胸大够骚够带劲,被干的啊啊大叫!
网红哆啦福利视频演绎支开老公去买醋和小叔子厨房啪啪对白淫荡
猥琐眼镜刘老板以谈公事为由约销售女经理吃饭把她灌醉带到宾馆呼呼大睡扒光各种玩弄还拔阴毛玩
纹身姐妹极品双飞被大屌猛男挨个轮着操超强契合度无套各姿势激情爆操翘美臀轮操美穴疯狂内射
小帅锅约炮90后卡哇伊邻家可爱小正妹娇喘呻吟爆操貌似是内射
性感女秘书超短裙加班时被领导扑倒操爽后说好痒啊你快点办公室就我俩插的好舒服
淫操调教极品初音女神超粉嫩美鲍翘挺美乳无套抽插淫荡浪叫奖励中出
淫荡舔玩肉棒白嫩美臀骑坐J8呻吟扭动无套抽插没忍住内射中出淫穴冰屌插穴高清私拍
有钱人超高价约炮极品外围混血妹丰乳肥臀身材无敌情趣装啪啪啪不射都难
有钱人约会拜金女网红脸骚到极点车里口交挑逗看电影挑逗直接到卫生间里啪啪回到住宿再啪啪有钱太潇洒了对白淫荡
约操极品骚臀纹身女白领女神大屌无套暴力抽插爆裂黑丝白浆丝袜中出
约炮丝袜夜场酒吧网红脸女神，对白很爽很舒服啊阿啊老公我要
这么玩貌似很危险不小心就会导致鸡巴骨折
星级酒店约炮师范毕业不久小学实习老师戴个眼镜闷骚型皮肤光滑白嫩还一起看黄片助兴椅子上激烈啪啪啪
新春重磅福利凤鸣鸟吟流出第2弹模特兼职外围女丽丽和胖哥各种姿势草表情销魂
小彬哥和来收房租性饥渴之年的轻熟女阿姨激情啪啪无套内射
无锡刚上班的小美女和2男同事一起吃饭时被忽悠的喝醉后带回去2人轮流不停的操,一个干一个拍摄!
我朋友花了几千块给这学院派的美女过生日成功忽悠她玩自拍这粉嫩穴说没让人干过我都敢相信
网红美女主播剧情演绎下班忘带钥匙在对面邻居家等妈妈回来时故意勾引邻居啪啪!
网红哆啦性感演绎骚逼发骚把闺蜜熟睡的男友绑起搞硬鸡巴啪啪对白清晰
童颜巨乳美少女18岁高三骚学妹庆祝高考胜利开房激情打炮学生装制服诱惑超棒身材多姿势爆操
私人订制篇潜规则巨乳丝袜腿模莉莉
手机直播宾馆3P激情啪啪秀一个干完另一个继续女的说太刺激了不要错过
强操极品身材骚浪嫩模扒下内裤直接插入强上极品小骚货从床上干到沙发上操爽了非常配合
露脸制服桶袜女学妹，皮肤白皙颜值很高，口活非常溜，躺在床上任我蹂躏玩耍，非常乖巧听话呻吟不断
跨年夜约操京都大学极品骚女大二学妹开档黑丝操玩换装白丝不停猛操美臀小浪逼细腰美臀后入视觉冲击爽操
酒店约操美容院上班喜欢玩自拍的丰满巨乳小美女,性感情趣装爆操2次,痛的哭泣说：我真的受不了了!
酒店与小情人做爱她跟老公电话我也照干你太刺激了国语精彩对白
精品大片酒店玩弄十八岁大奶纯情学妹
经典M腿女上位爆操无套内射中出黑丝纹身小骚狐狸淫水白浆淫荡可射
极品诱惑的美女
极品网红女神鹿少女找邻居帮忙修理淋浴被侵犯,操的高喊好爽,受不了,好痛啊
极品南航空姐情人节约操被各式爆插淫叫
极美高颜值风骚人妻背着老公在家拍AV超淫操逼全方位展示超淫本性体位多样翘挺美乳风骚淫叫完美露脸
很疯狂很屌也很经典的户外直播全程露脸大冬天野外直播啪啪与狼粉有说有笑姐夫鸡巴都冻萎缩
罕有大尺度精品面具男在女神筱慧肉体上做饺子全身乱摸
国内某高校极品大奶校花流出淫荡私拍有些像郭美美
高颜值气质卡哇伊大学长腿美女喝多后被朋友慢慢脱掉短裤不停的狂操,美女迷迷糊糊的还发出了淫叫!
高颜值火爆网红女神鹿少女扮演紫霞仙子从天而降被猛男发现被迫啪啪,我和至尊宝干过,使劲操我,受不了了!
富家公子大价钱宾馆约啪音乐学院网红脸女神身材真好还给毒龙按床上爆操都要干哭了
对白有趣牛人冒充星探忽悠想一夜成名暴富的90后美女拍写真难得一见的白虎嫩逼
动漫COS干物妹小埋黑丝情趣制服蒙眼睛被爆操机巧少女不会受伤尽情抽插
大款有钱专门操好货色邀老铁开房啪啪某航空极品空姐轮着干操完歇一会再干呻吟刺激
把粉色纹身美乳小情人推倒办公桌上蒙眼狠操无套抽插私处特写淫叫妩媚
半透明衬衫诱惑十足浴室操上到床上猛插那叫个爽
超漂亮美女直播脱衣揉胸大奶子非常诱惑,竟然还拉闺蜜一起跳舞摸奶
大屌彪哥宿舍各种姿势温柔的插插新泡的花都夜总会女领班
打炮猛如欧美男优的大神重金约炮极品174高挑大长腿赛车制服女模抱起来爆操干的妹子说不行了
超性感漂亮的S形巨乳极品嫩模被土豪按在床上拼命抽插,难得一见的白虎一线天逼逼.极品中的极品！
中国马杀鸡全套服务太爽了
小姨穿裙子睡觉露出了性感的大白腿掀开裙子鸡巴直接插进去
淫荡的美女和炮友啪啪啪直播然后牛奶送精液
用大屏幕一边看电影一边肏逼
喝醉了带回酒店随便玩
春暖花开天气不错白嫩大波妹和狼友互动完和乡下帅锅锅到小树林野战啪啪啪
床边沙发椅子上草遍整个房间，呻吟浪叫不断
穿着性感红色透明内射内裤高跟发骚语言挑逗把围观的群众全撩得要葫芦娃
穿着性感黑丝正和网友聊天时被下班回来的帅男友看见怒打屁股后狠狠爆插
厨房全裸捆绑道具插BB边玩游戏边被插自拍小视频集
超漂亮极品女神级美女主播镜头前手指抠穴自慰大秀高潮呻吟淫水直流
超級嬌小萌學妹誘揉乳頭,,難得的小福利,,獨家原片
超级尤物主播St缓缓黑丝诱惑魔鬼身材
超级美艳姐妹花被土豪带到五星级酒店啪啪,长得真是太漂亮了
超火微博绿茶婊极品张一彤自拍淫荡啪啪视频
逼毛整理的很好看的网红女主播和美团外卖小哥啪啪
爆乳翘挺,69式深喉爆精裹射
鲍鱼好大啪啪啪水声好骚
豹纹美女在家太寂寞用胡萝卜自慰不过瘾特别想要随便约了个胖男赶紧来操她
(傲娇兔兔),民国学生妹,东北妹子脾气大跟屌丝杠上了哈哈听妹子爆粗骂人真过瘾
百变女神魅心穿着性感黑丝寒冷的夜里开着嗨乐在路边上演马路天使车里插爆浆
白肤美女主播小提子最美酒店约炮土豪粉丝啪啪这粉丝喜欢草嘴呻吟给力
安全期无套抽插骑着猛操操出白浆淫荡浪叫
21岁饥渴丰满主播勾引31岁快的司机车震主播不想给车费
【丝袜美腿系列】极品S级长腿高跟蕾丝美女与男友激情啪啪,多姿势爆操,经典裤哥站式操,风骚浪叫
约炮丝袜高跟女神附聊天记录淫照
约了个身材不错的妹子酒店开操.干的太猛差点要哭,呻吟声太骚太浪了
要死的节奏，吃了壮阳药满脸绯红的排骨哥和水柔姐妹女儿玩4P乱伦大战普通话对白
颜值萌神主播糖豆豆：脱完，奶子少，好尴尬
性感蕾丝情趣内衣美女先给男友吃鸡巴然后被后插普通话对白
长得有点像某女星杨X的网红女主播情话首次在平台直播啪啪快枪男实力出镜
新平台老虎直播八两金土豪哥哥SM啪啪美少女有钱人真会玩对白清晰
新婚豪乳主播老公的包皮鸡巴太吓人了观众让主播先用瓶子插逼然后再啪啪
现在的直播越来越屌了貌美女主播勾引司机车震
喜欢玩手机的舞蹈系大一羞涩极品妹子
怎么不说话了，美女主播让狼友先不要打飞机看她和闺蜜躺着被猛男轮流草
半夜勾引河南摩的司机野战有屌丝观众建议去墓地玩被女主播拒绝了
白嫩的性感美女主播按照粉丝会员要求的动作
白虎主播白雪周末又去勾引男技师帮自己扣B第二部
白肤美艺校靓妹洗白白拿起个小吉他乱弹琴仔细看她有点像之前的网红肉嘟嘟
S级长腿高跟蕾丝美女与男友激情啪啪
KTV公主被灌醉口爆,操了一会爽的配合起来还把鸡巴舔干净
G奶主播小奶瓶会员福利展示刚刮完毛毛的逼
97年沈阳小性奴爽的一个劲狠狠地草她的小嫩逼第二部
96年清纯漂亮美女为了增加人气特意直播和男友啪啪福利
90后白虎村姑和鲜肉级男主播户外野战
16岁可爱萌妹子(小妖精)一女二男3P大战
上海小美女半夜不穿内裤露胸在路边勾引小伙啪啪
入行没多久明星脸蛋的美女主播
情趣黑丝高跟,美臀又白又嫩
某平台白肤美女主播小提子最美酒店约炮土豪粉丝啪啪
两个老铁约炮样子看上去很嫩的90后妹子去棋牌宾馆玩3P
看见嫩穴疯狂爆舔后再狠狠抽插内射,年龄不大奶子又挺又大
【网曝门事件】抖音一姐莉哥伺候虎牙高管视频
酒店约炮零零后网红主播小姐姐模仿AV自拍小电影
九零后骚年小哥双飞两个逼逼没有长多少毛的姐妹花又舔又插太幸福了
全民直播时代农民工兄弟带着样子淳朴的打工妹到山顶荒废的凉亭野战普通话对白
全程露脸女主播喝多了还一边喝一边直播啪啪被小胖猛插跳的那段裸体艳舞确实很骚
清纯小妹子直播,长相甜美
清纯小美女和炮友啪啪，女上位特别厉害内射精液都不流出来貌似要来月经了换上姨妈巾
强烈推荐清纯可爱高颜值大美女主播身材性感乳房饱满坚挺光屁屁练跳绳三角地带超诱人对白清晰
气质美女主播和狼友互动她的逼洞又小又嫩估计还没被开发过
其它国家年轻学生妹居家自慰流出个个都有女优的潜质4V4
漂亮主播蜜桃Q妹直播視頻
漂亮妹子穿着情趣黑丝直播手淫年轻肉体淫荡表情
皮肤水嫩清纯可爱小美女直播自慰大秀年龄不大奶子可真不小,还有舞蹈功底
皮肤不错的美女主播拿着大针筒给自己灌肠直播最后喷了,好像很爽的样子
皮肤白皙的美女主播,各种撩人的姿势和网友进行互动
漂亮的美少妇穿着情趣装打炮机插穴自慰流了不少水
女神鹿少女剧情演绎妈妈今天没空给患病爷爷擦身和爷爷乱伦口爆吃精对白搞笑
牛仔短裤美女自拍跳艳舞香蕉自慰视频后约小情人到公园林荫小道啪啪说：好多水,哥哥我要,你的好大,干死我啊！
年轻小情侣啪啪秀女的很漂亮,年纪不大奶子却不小多体位插穴
年龄不大的可爱萌妹子一女二男3P大战，可惜了好白菜都让猪拱了对白有趣
驴仔堂胖叔和两个包养的小姐妹玩3P戴眼镜的姐姐真是焖骚
魔鬼身材网红鹿少女无码露脸制服啪啪看完记得喝瓶营养快线补补
明星颜值的极品大奶白虎妹子和鸡巴还挺大的纹身小伙啪啪这男的之前玩过不少嫩妹子
极品混血大奶网红曼曼吖和粉丝炮友在楼梯间打奶炮喷射到奶子上
荒地里啪啪天公不作美下起了雨撑着伞也要继续草
高颜值性感学院派美女主播半夜户外露出勾引两个帅哥吹箫
感觉这男的样子猥琐
戴着个眼镜样子很闷骚的一坊素颜丫头
带24岁失恋女同事野钓散心妹子喝醉了车里休息大哥只好车里草尸
窗外偷窥邻居大学生美眉洗澡大胸细腰
被性经验丰富又会玩的男友戴上情趣狗链套开档黑丝连体袜后狠狠爆操
白嫩美乳美眉和年轻帅哥炮友啪啪
白嫩豪乳少妇女主播勾搭中巴司机户外停车坪玩车震
手机直播年龄不大漂亮学生妹扣逼自慰秀逼逼还很嫩喜欢的不要错过
台灣洪曉雲工地強暴無碼做愛
手机直播年龄不大看着很清纯的美女主播漏奶漏逼小秀
手机直播美女双秀互相舔奶子逼逼道具跳蛋自慰喜欢不要错过
手机直播看着挺清纯的漂亮长发萌妹子全裸漏奶漏逼
手机直播夫妻啪啪大秀69互口最后口爆不要错过
手机直播夫妻户外车震啪啪秀喜欢不要错过
手机直播大白天野外夫妻啪啪秀各种姿势
直播逼逼毛很浓密超多的少妇主播喜欢的不要错过
美女主播苏然全裸椅子上手指疯狂扣逼自慰很是诱惑
收费房洗澡假阳具自慰看完要搞两瓶营养快线补补才行
身材很好年龄不大可爱萌妹子小米粒聊天露B无毛很嫩
身材很好美乳妹子全裸小秀逼逼毛扎个辫子喜欢不要错过
身材超好巨乳大眼妹子直播道具自慰大秀逼逼粉嫩水很多很是诱惑
骚情少妇和炮友啪啪用了很多姿势中间吃点东西补充能量继续干
人见人爱的白肤美艺校靓妹洗白白拿起个小吉他乱弹琴仔
明星脸蛋豪乳美女主播和小鲜肉炮友啪啪很给力完美露脸普通话对白
美女主播又一次勾引司机干她,司机不敢操,妹子说师傅求你干我一炮,我给你双倍车费
美女不要这样，戏精网红刘婷演绎借口不会用遥控器骗酒店服务员小胖进房间扑倒强搞
驴仔堂夏天胖哥哥啪啪极品高颜值黑丝女神，口爆，抠逼画面配合呻吟很有撸点
撸管推荐万人迷样子淫骚的主播魅心野外路边穿着黑丝护士服路边自慰喷了好多水
亮丽纹身主播妹子,身材长相都一流
两姐妹一起玩又是舔咪咪又是掰逼逼好希望自己也能加入她们
老头子的小娇妻完结篇
快过来舔逼现在的主播花样真多在KTV里直播啪啪
看着就很饥渴的吸精熟女夫妻啪啪秀多种姿势换着操最后口暴喜欢不要错过
巨乳网红身材超好女主播直播摸奶扣逼大秀
萝莉主播柠檬晚上出击勾搭上个演杂技的同龄饥渴小伙玩母子乱伦对白精彩
巨乳丰满少妇换装漏奶漏逼秀不要错过
惊现报复门事件男友报复劈腿女友将啪啪私拍视频流出各场所快速无套抽插好体力高清私拍
近期最淫乱的直播母女儿子3P乱伦节操碎满地看得出这妈妈年轻绝对是个大美女
姐姐不在家姐夫看淫片欲火浑身强上小姨子呻吟超大超刺激
极品眼镜御姐和有点变态的异性装炮友啪啪口爆吐白浆样子非常淫骚
极品女神主播一副娃娃脸豪乳这对大扎能玩到虚脱自慰插穴嗯嗯的呻吟声听的心痒痒对白清晰
极品女神级卡哇伊美女主播,胸型漂亮发育的超大,圆润的一手拿不住
极品美女主播各种诱惑大尺度大秀喜欢的不要错过3
极品美女主播各种诱惑大尺度大秀喜欢的不要错过2
极品巨乳网红芭比来月经浴室洗澡自拍下面逼毛浓密很有撸点
极品巨乳女主播96年美女赵晓晓人这么瘦却有这么一对绝世好奶
极品高颜值性感美乳女主播和2个小鲜肉直播啪啪,每人只能搞一次,有个男的哀求半天硬是搂着屁股又射一次!国语
极品短发零零后女主播真够拼的大冷天和炮友景区野战先用农夫山泉消消毒
极品鲍鱼白虎美女主播约网友一起在主题公园直播啪啪,这美穴太吸引人了,被男的干的受不了蹲那不给干了!国语
火爆网红鹿少女地下车库车坏请帅哥修车，车内激情啪啪对白清晰呻吟刺激
混血儿网红再次开播,一边和网友互动,一边脱衣服
婚后的良家年轻小少妇还继续玩直播露脸洗澡全过程身材好圆润饱满的奶子真不错肯定让你兴奋
短发气质美女穿着护士制服和炮友先口活后做爱逼逼很嫩叫的好淫荡
东北气质漂亮的美女主播新年送福利邀请网友一起直播啪啪,妹子太瘦小被爆操后又用道具狠插,搞的受不了了!
后入狂操淫荡小少妇连续后入抽插极品美乳小骚妇
戴着眼镜样子很淫骚的良家气质美少妇背着老公兼职女主播赚装修费
很有文化范的一对带眼镜小夫妻直播啪啪网友刷够礼物后口爆颜射淫骚媳妇
大眼睛清纯漂亮妹纸趁周末人少独自去宿舍的公共浴池洗澡直播肤白BB粉嫩还会呼吸清晰对白
很漂亮的穿黑丝情趣内衣的知性美女展示小骚穴逼毛有点旺盛
韩国19禁天体野营真人秀节目全裸上演尺度屌爆!高清
打扮成小喵咪的萌妹子真的是童颜巨乳奶子小逼都很极品还不停摇摆假尾巴诱惑狼友
國産5P大戰3龍2鳳對白清晰
福利性感黑丝外围女女主播给网友介绍她的自拍小电影
国产大奶美女
豪乳女主播半夜和别克车司机路边树林打野战这动作姿势不输AV大片对白精彩
刚结婚的出脸可爱美女主播背着老公玩黄播还给狼粉拿婚纱照看跳骚舞用矿泉水冲逼特别会玩看这BB没少被干国语
肤白奶大萌妹子女神和男友造爱直播含着大鸡巴各种姿势啪啪啪
超漂亮美女主播身材很棒逼逼挺嫩道具JJ抹上润滑油自慰大秀不要错过
高颜值越韩混血美女自拍福利视频第二部先口再啪啪啪
紫萱彤儿双女露脸精品大秀，我的女神彤儿又让紫萱抠坏了呻吟浪叫
高颜值外围女素质女主播勾搭开黑车的中年大叔车里无套啪啪尖叫呻吟
包养两个极品大学妹子，星级宾馆打炮自拍，每天这样伺候真是爽到不行
高颜值女神美女公园散步时被人尾随搭讪挑逗后在凉亭啪啪,说：快点操啊,操死我,用力干我.有人啊!
高颜值大乳晕漂亮萌妹子全裸床上舔奶子自摸BB粉嫩呻吟诱惑喜欢不要错过
高颜值大美女各式性感内裤逼里还吊了根卫生棉不是一般的骚
丰满欲女少妇和帅老公收费房直播啪啪这骚货估计很难满足
高颜值白富美女神主播声音甜美奶子硕大阴毛稀疏私处粉嫩诱人包一晚不知道多少钱
粉穴美女主播户外直播超短裙，里面真空开档丝袜，一路秀到家
非常骚的高颜值漂亮女主播和搭档开车去小树林各种虐小B,各种诱惑套路网友红包
方言对白戏精网红刘婷精彩演绎街头被债主逮着没有钱换睡一觉抵债对白精彩
非常屌的妹子在商场烟酒专柜一边卖东西一边直播福利真不少狼友的礼物没白刷
对白淫荡网红美美精彩演绎公公提前回家带着铁链和媳妇玩SM啪啪“再用力来两下射里面”
“来呀官人”高颜值美女主播透视大红古装情趣衣身材一流与屌丝男啪啪玩强奸模式高潮喷水清晰对白精彩
对白超诱惑气质大学生兼职主播酥酥收费房大尺度表演看着她性感的逼逼让你撸不停
“给我找个长的好看一点的，不要大叔”高颜值美女主播真空按摩馆直播引诱技师小伙啪啪啪对白很精彩
大黑鸡巴包皮哥酒店开房啪啪网红脸蛋大波波外围女普通话对白
“好多水哦好滑啊”不多见的极品纹身大美女主播小穴嫩的犹如初生的婴儿淫叫声音让人心痒这嫩的出水小穴性生活不多对白清晰
漂亮美女正和闺蜜打电话讲到一半时被男友拉到房间操B,刚开始干发现在拍摄躲被窝里不出来了,想尽一切办法最终干了她!国语
女友闺蜜宵夜喝高了被带到酒店开房穿上丝袜肆意玩弄
恋夜长发美女主播和纹身男友一起直播现场造人被干的浪叫不止呻吟好听
性感大奶网红曼曼和泡友玩SM滴蜡那性感的馒头小逼手指摸几下就出水水
酒店花了1200叫来的妹子,边谈人生边干
身强体壮的大爷带着两个小少妇去宾馆开房啪啪一边微信视频给网友看
淫虐爆操蜂腰美乳极品身材美女主播-无套抽插直接内射中出骚逼-爆精射好多-好逼都让狗操了
宅男女神超高人气童颜巨乳主播三胖戴着黑框眼镜好像AV里的老师
重磅福利母女全裸直播女儿一副模特身材小穴超级粉嫩-妈妈风韵犹存光看逼似姐妹
最近很火的网红刘婷天台勾搭个说四川话正在晾床单的打工仔啪啪妹子嫌他鸡巴不够硬
性感白皙的美女主播
现在的主播胆真肥美女主播(R8和姨夫)大白天直接把车停在路边给司机舔鸡巴露出个逼逼很性感
戏精网红刘婷精彩演绎表演系毕业生为了当女主角被剧组导演潜规则对白精彩
西装哥开车接女朋友下班，这女友也真饥渴大白天的让男友把车停在路边车震
文艺范的气质美女刚做主播为了增加粉丝量约网友家中啪啪,良心女主播全程不要求送礼物一直激烈狂操到最后!
东北特色淫荡对白最有气质的东北少妇绝对够骚斯文眼镜长发黑丝酒店激情爆草最后撸射进嘴里
网红豆芽妞剧情演绎6号技师按摩服务客人加钱要求啪啪最后口暴对白清晰
火爆网红鹿少女剧情演绎打工妹午休被小偷潜入没有财被胶布封口绑手劫色爽到叫哥哥
勾搭夜场DJ美少女偷情做爱狠操极品馒头逼,无套抽插操白浆爆精内射
非常屌的网红女主播小曼全国约炮之旅空姐制服与喜欢插屁眼的有钱粉丝户外车震对白有趣
东北口音90后大鸡巴小伙和丰满女友白天直播啪啪玩69
很年轻的白虎小主播
东北口音主播二嫂户外直播勾引司机被司机往死里操无套内射司机说减十块钱给你买个避孕药
90后妹子镜头前现场直播激情4P大战轮流被操的直叫爽
手机直播猥琐胖哥剧情演绎强上舞女却不让喜欢不要错过
极品网红大兔兔性感演绎黑丝情趣内衣按摩店小姐给熟客提供特殊服务小鸡巴射了她一屁股精液
两个农村留守骚妇小姑子和嫂子勾引生产队里的护林员一起在野外小树林双飞对白淫荡刺激
精品两男两女户外小山坡4P野战两个男的轮流战双女其中一个去上面放哨
制服小美女和粉丝炮友啪啪男主有点猛哦能内射一半在B里然后叫女主口暴一半吞精
90后性欲极强的妹子和大鸡鸡农民工兄弟随便垫个东西就在户外野战呻吟贼淫荡
网红脸E奶美女主播和大鸡巴炮友啪啪乳交口爆老汉推车
精品户外直播大美女糖糖勾引眼镜大叔到公园小树林野战矿泉水洗鸡巴口爆劈腿啪啪
乳头有些奇怪的白嫩美女主播一边跳蛋搞BB一边与狼粉聊天貌似钱到位了可以约炮可以微信发福利清晰对白
人见人爱的白肤美艺校靓妹洗白白拿起个小吉他乱弹琴仔细看她有点像之前的网红肉嘟嘟
魔鬼身材的大学生开播和网友互动
蜜儿夫妻8月新作,半夜在家直播时诱导会员送礼物说：把你们的礼物走走我就好好干.结果累得蜜儿说让我歇会在干!真心漂亮
美女主播晚上勾搭陌生卷发男户外啪啪口爆很给力男女都露脸
美少妇王漂亮和胖哥炮友啪啪逼逼太小坐两下就出血了要用胡萝卜搞一下再继续
萝莉主播柠檬路上勾搭两个同龄大学生处男宾馆开房3P其中一个秒射
东北口音女主播大热天中午和摩托车佬小树林野战貌似连续在这宝地搞了几天
90后女主播真够拼的大冷天和包皮炮友景区野战先用农夫山泉消消毒
夫妻档主播多体位啪啪啪淫语浪叫狼友们有福了
HD大神直播2男2女4个小青年群P叫春不断场面不输岛国AV对白清晰
居家风骚少妇勾引外卖小哥肏她的BB
非常屌的90后白虎村姑和鲜肉级男主播户外野战太多蚊子了只好去人家的毛坯房里脱光了继续干
大奶主播约经常刷跑车的粉丝到游乐园户外啪啪玩危险动作对白清晰
很久没见过这么极品的美乳粉嫩骚逼了没忍住连续撸了4次今晚得搞两瓶营养快线补补
大奶女主播夜晚勾搭滴滴司机路边车内啪啪女主播下面很干啊插了很久也没有出水对白清晰
90后美女主播勾搭个屌丝包皮很长的小哥KTV啪啪对白有趣
豪乳美女主播莎莎和帅哥小树林打野战和狼友探讨性经验
屌炸了30多岁的极品骚妇主播花了一百块找来两个零零后学弟户外口交啪啪
各种挑逗外卖小哥秒硬,还给操喷了说不要了,好痛,你鸡巴太大,射我逼里,喂饱我
儿子你妈被草了花族教主勾搭个工厂打工仔到野外高压电架下打野战
大奶少妇约会司机炮友到马路下面的桥洞啪啪真服了这哥天气那么冷户外还能硬
大白天直接把车停在路边给司机舔鸡巴露出个逼逼很性感
白嫩大眼萌妹温泉直播让人摸奶摸逼，还给别人打飞机这小哥不知道有没有幸福来敲门的感觉
99年女主播网吧勾引楞青小伙在大厅拔下裤子就吹受不了拉到厕所激情啪啪
白丝透视装口爆肉丝骚学妹安全期无套暴力骑着操
嗷好痒啊高颜值网红兔兔精彩演译老师给学生妹补习性教育课现场示范对白精彩
18岁的少女野外展示她的白虎嫩B
4个90后小青年4P大战，两个嫩妹轮番被两个小伙干对白清晰
开着豪车开直播出去约炮
爸爸快来看我洗澡萝莉主播吃完火腿肠和爸爸草逼哈哈爸爸问女儿最近赚了多少钱
巨乳双马尾妹子漏逼视讯秀喜欢不要错过
很久没回家的萝莉主播柠檬网吧勾搭帅哥哥说喜欢人家的鸡巴然后去人家家里蹭热水澡
巨乳棒球帽女孩看着就想肏
大胸女主播小可爱一线馒头逼和几个猥琐帅哥聊天问哥觉得自己帅不
火爆網紅鹿少女車庫請帥哥修車然後激情啪
很年轻的中学生情侣开直播爱爱
长相身材都还不错的美女主播激情热舞
清纯可爱的美女主播
快点来操我,19岁萝莉主播喝大啤喝高了吧和男友操逼直播
极品高素质颜值美女一对坚挺的竹笋乳幻想一下用大鸡巴插她的小淫穴再咬一口她的奶子一定爽死了
高颜值白嫩萝莉萌妹和大叔粉丝开房约炮貌似干了两炮对白清晰
非常嫩的小BB被肏的很爽的
打工妹兼职女主播勾引健身教练到女厕操逼本来是要在户外干的有绿化工在种树
白嫩大波妹和狼友互动完和乡下帅锅锅到小树林野战啪啪啪
绝对是校花级的女神洗澡的表情真可爱
極品白虎主播貌似磕了藥有點嗨和豪車司機在野外車裡瞎搞
高颜值四川美女主播和摇一摇炮友直播啪啪这炮友真厉害把她插喷了
百变女神魅心地下停车场喷血表演足球宝贝女护士女杀手这时进来停车准被吓一跳
白肤美艺校美女主播好想用手捏一下她那完美的奶子看看是不是真的
逼毛都没长几根样子很嫩的女主播和鲜肉帅哥啪啪被颜射不少狼友问包夜约炮价钱
饥渴丰满少妇主播晚上出击勾引个像猪肉佬的胖司机路边车震
超水嫩18岁美女主播范宝直播套路网友刷礼物奶子坚挺修长美腿BB很粉嫩
高颜值白虎女主播和纹身粉丝炮友啪啪高潮尿失禁喷了炮友一身淫水有点不好意思
逼逼没长几根毛毛的辫子女主播拿着自拍杆和男友啪啪
高颜值网红新人主播妍宝宝出名后酒店援交土豪啪啪自拍曝光,胸大貌美,插的狠叫的更厉害,绝对极品!
非常年轻的少女开直播被肏
高颜值网红兔兔精彩演译老师给学生妹补习性教育课现场示范
颜值女神主播一对大波揉来揉去抛媚眼各种挑逗狼粉刷礼物.mkv
长得有点像某女星杨X的网红女主播情话首次在平台直播啪啪快枪男实力出镜对白清晰
长屌哥啪啪村里发廊新来的洗头妹子乡下姑娘样子是土了一点身材很不错
某直播平台给力情侣半夜直播啪啪
极品主播和炮友啪啪啪，高潮冲刺直喊射逼里.flv
最近聊天平台很火的范大小姐大尺度诱惑把自己整得跟范冰冰似的估计花了不少钱
性感漂亮的姐姐自慰不满足想要被操偷偷掀开表弟被子吃硬JJ后坐上面淫叫
很可爱的萌妹子和网友聊天.mkv
广东女主播半夜勾引河南摩的司机野战有屌丝观众建议去墓地玩被女主播拒绝了
对白清晰白领兼职女主播和纹身男友宿舍直播啪啪
女神思瑞最近很缺钱啊月经刚走就和大黑JJ土豪啪啪
夫妻开直播和网友互动频繁
大奶美女主播穿着网袜和粉丝炮友在户外小山坡野战这样的位置很容易被人发现的
东北农村小男人被32岁巨乳嫂子在厨房挑逗啪啪
97年白嫩漂亮的大胸美女约同学到家里按照网友的要求和设定的动作现场表演做爱
90后开车郊区野战车震,叫好舒服,我是贱B骚包
清純甜美小美妞被社會男友狂舔粉嫩沐耳,舔出白漿
女神兔兔開車路上隨便搭讪兩個大叔前往KTV開包間打炮
深入女人心完美身材,大j8狂抽猛艹
三寸金莲女主播按观众要求把会所健身教练勾引到附近公园口爆啪啪这教练吃奶的样子真猥琐
挺甜美清純的妹子勾引滴滴司機,車上給司機口暴
水嫩山東辍學小太妹和社會紋身哥造愛播BB太嫩了
未婚情侶准備買房子結婚造愛值播賺房費
完美炮美女和炮友造愛值播,被炮友故意捅了下菊花
小夫妻造愛值播,全程第一視角,騷貨被舔的呻吟不斷
销售美女为了业绩和客户在阳台打了一炮
眼鏡哥和自己漂亮小媳婦激情造愛,爲了值播拼了,要去吃藥,小媳婦騷的很
小媳婦看起來年齡沒多大,極品一線天小穴
雲南小姑娘主播短裙開檔棉襪,約了個眼鏡小哥河邊玩野戰,臊B天生白虎沒毛
雲南無毛白虎小姑娘主播小樹林羞恥開播,菊花臊茓都不放過
花大价钱搞来的无码录制女神兔兔KTV淫乱4P路途中车上被大叔抽水
极品车模兼职完美身材带回家激情抽插黑丝美腿诱惑十足“天呐干死我了亲爱的”浪叫呻吟真嗲激情抽插
极品模特聚餐喝醉被带回酒店干完后不过瘾又狠狠玩弄接着操担心被发现又把她衣服穿好
极品性感黑丝女友宾馆中慢慢调情玩弄，好爽的一个度假
假日约炮美女
火遍全国、绝品女神级车模私拍视频、美爆了、摄影师都忍不住要摸一把
酒店爆操身材性感漂亮的岛国《千与千寻》美少女水濑名雪
酒店偷拍F罩杯大胸少妇被干了2次还不满足说都没干你怎么就射了.最后自己自慰
绝美教师
老师和曾经是自己学生的媳妇酒店开房直播啪啪大长鸡巴让骚货淫叫感觉呻吟有点假
流传极广影响最大的国产3P大作成熟性感美艳丝袜少妇值得一草
没长几根逼毛的大胸器网红演绎心机婊女秘书穿着性感勾引老板主动要求坐鸡巴上面
演员露脸黑丝酒店约炮先冲澡再口交吹舔后激情爆草
狗爷寒冷冬夜城中村嫖妓相中个刚才外面回来200元的大波妹子
噢儿子射了下次还这样，母子乱伦骚妈寂寞太久没做受不了穿着情趣服红高跟诱惑儿子
漂亮长发无毛逼留学生美眉与野兽一般饥渴的洋男友狂野玩弄啪啪啪暴力颜射
气质漂亮的美女人妻公司聚时被同事灌醉带回家中疯狂玩弄后强力抽插,白嫩漂亮超刺激高清版!
某地空姐性欲旺盛坐在鸡巴上还不满足一边操一边还用大功率振动棒搞
爆乳美女谭X全套不雅性爱视图流出
身材超棒的极品华裔外围女性感美臀骑坐大洋屌
素人约啪最新季极品网红嫩模销魂一夜淫荡爆操妩媚浪叫爆浆喷射
完美腿型身材苗条的黑丝美眉没想到小穴也是如此粉嫩粉嫩的玩起来不要太舒适！
温泉洗浴住宿度假酒店多视角偷拍女顾客解手坐便内的摄像头太有视觉冲击力了
性感的小妞身材很好
野性十足的美女主播静静勾引单位胖领导小区路边车震这领导的鸡鸡小的可怜
淫骚小网红精彩演绎老师家访没有家长在家学生和老师啪啪对白清晰
有钱小哥酒店爆操女人味十足高气质苗条爱玩王者荣耀的女神妹床上床下双机位多姿势爆插娇喘呻吟
圆床房偷拍文艺气质范的大学美女进房间就被猥琐男迫不及待扒光衣服操,第2次还边干边用手机拍摄!
在卫生间干朋友漂亮的女友干爽后说：我要,快给我,还要,干死我了
壮小哥找个特会玩很骚的黑丝制服小姐泄火先聊天调情慢慢进入主题用手脚先撸射一遍然后在啪啪啪
最新2018网红萝莉嫩妹萌白酱(甜味弥漫)VIP付费作品之黑丝学生装自拍杆紫薇无毛一线天嫩逼4V3
情侣啪啪秀学生制服先给大长吊男友深喉再各种姿势换着操最后射嘴里
探探上约到女平面模特可儿,胸好腿好屁股翘,逼很粉嫩连续爆操2次侧面
手机直播户外夫妻啪啪秀喜欢的不要错过
外围女酒店无套狂操内射越使劲糟蹋越兴奋对白激情
协同铁粉酒店高价约啪高挑骚气制服女公关上下洞齐开轮番啪啪啪招牌动作抱起来干她
颜值不错的美女和墨镜大鸡巴帅哥各种姿势啪啪口活技术好还是没毛逼
淫操极品长腿肉丝高跟白领肤白腿长猛操深插直入淫穴无套抽插爆精内射
约炮酒店前台后入狂干
主题酒店偷拍清纯漂亮的短发小美女和微信网友酒店住了2天被狠狠的爆操了5次,干的逼逼都有点痛了!
模仿岛国迷奸系列的猥琐眼镜男迷晕良家少妇带到酒店爱爱先用道具搞然后再用JJ搞
上海酒店口爆强射日本纯天然E杯巨乳美女西条琉璃,胸大够骚够带劲,被干的啊啊大叫!
小帅锅约炮90后卡哇伊邻家可爱小正妹娇喘呻吟爆操貌似是内射
有钱人约会拜金女网红脸骚到极点车里口交挑逗看电影挑逗直接到卫生间里啪啪回到住宿再啪啪有钱太潇洒了对白淫荡
新春重磅福利凤鸣鸟吟流出第2弹模特兼职外围女丽丽和胖哥各种姿势草表情销魂
网红哆啦性感演绎骚逼发骚把闺蜜熟睡的男友绑起搞硬鸡巴啪啪对白清晰
露脸制服桶袜女学妹，皮肤白皙颜值很高，口活非常溜，躺在床上任我蹂躏玩耍，非常乖巧听话呻吟不断
经典M腿女上位爆操无套内射中出黑丝纹身小骚狐狸淫水白浆淫荡可射
很疯狂很屌也很经典的户外直播全程露脸大冬天野外直播啪啪与狼粉有说有笑姐夫鸡巴都冻萎缩
富家公子大价钱宾馆约啪音乐学院网红脸女神身材真好还给毒龙按床上爆操都要干哭了
半透明衬衫诱惑十足浴室操上到床上猛插那叫个爽
淫荡的美女和炮友啪啪啪直播然后牛奶送精液
性感美乳90后邻家美眉趴着窗台后入啪啪
性感黑丝爆乳抹奶油超诱惑太招操
性爱椅无套爆操中出内射流白浆
小区超市老板娘经常光顾混熟后约到宾馆啪啪
小美女阴毛浓密私处粉嫩嫩就是菊花惨了点儿
享受的表情和销魂的淫叫声真让人受不了,鸡巴真是不争气
无套内射烟台96白嫩美小骚穴
纹身姐妹极品双飞被大屌猛男挨个轮着操翘美臀轮操美穴疯狂内射
尾随少女到酒店让她自慰诱惑推倒做爱
样子长的很像香港演员大傻哥的猛男和大奶老婆啪啪
终于把婚庆公司美女策划经理搞到手了,趁她洗澡时偷偷装好摄像头拍射全过程
这长长的指甲我很担心把逼逼弄破了
长腿翘臀大学性感美女,开裆黑丝高跟极度诱惑,按在沙发上后入爆操,呻吟娇喘
长得像奶茶妹的嫩模酒店私拍摄影师让她手穿着丝袜自慰
约炮浙江气质短发美少妇酒店开房草到她表情疼苦呻吟不断
约炮极品女神级留学研究生,美女真敞亮不戴套各种姿势随便操,
约的丰满大奶白虎美女酒店开房，一同狂干累的小伙全身汗津津
御姐兔女郎Cosplay极品御姐女神前凸后翘
与兼职模特琪琪电影院厕所激情
淫语勾引狼粉“我给你舔让你射我嘴里”淫荡对白
浴室激情啪啪水手制服靓妹
性感蕾丝情趣内衣肉丝趴着屁股做俯卧撑插插
五星酒店大干某校园178CM超漂亮的大长腿排球校队嫩妹下部
淘宝95嫩模第4部白百合先自慰一下被无套内射
情爱教练卫生间大战身材性感苗条的红色比基尼泳装美女,太骚了，让“别出来”,狠狠的内射她
奶子非常漂亮有个唇印的会所小妹
酒店落地窗后插极品黑丝开裆外围女
极品披肩美腿骚妹性感白衣+诱惑黑丝玩转换装体验性爱情趣无套抽插淫叫妩媚
高颜值极品大洋美女,身材样貌堪称极品中的极品
持久爆操无锡少妇
家中又一次爆操97年大奶美女,沙发,茶几上轮流操
极品女神开档黑丝肥臀外围模特射黑丝上
换上情趣服玩弄后疯狂操她,长得真漂亮,可惜了
湖南小天鹅高级会所偷拍特别讲究的老外往小姐嘴里喷香水
红蚊帐主题情趣套房TP壮实小伙和爱美的骚货女友开房做爱前不停化妆
很不错的美女被操痛不让干了,男友拔出鸡巴后想了下又强行把美女拉过来继续操
和小表弟啪啪直播,貌似男的鸡鸡有点小没把她操爽.全程国语
国内嫖妓容颜不错的丰满少妇开着嗨乐各种姿势草
刚开完趴的胖哥真会玩让女友穿着学生制服骑在上面啪啪
保守的暖男和妹子温柔啪啪,一只一个姿势,完事后让妹子叉开双腿,拿纸巾温柔给她擦干净分泌物
按着按着吃起鸡巴来了,还主动女上位摇摆到高潮
clarkcn哥和好友3P朋友圈里的高校女教师一边玩一边拍
170CM大学美女又一次被网友约到酒店见面时被迫换上情趣开档丝袜各种爆操
美女开始有点抵触后来彻底征服了
洋米糕亞洲買春記顏值蠻高的中國苗條援交女
新片居家地板啪啪98年极品嫩妹普通话对白
我要哥哥给我，养生馆卫生间里和穿着性感所谓的上课老师啪啪
微信朋友圈买保险送特殊服务的大姐普通话对白
完美身材也就这样了诱人后入喜欢在后面操的请看有对白
身材丰满,奶大肤白的美女,被干的直喊
内射靠着椅子上被草不断淫叫啊老公要射我逼逼里去
艺术学校小女生干完还要回学校练琴
啪啪前先让漂亮媳妇挑个丝袜网袜穿着干
胖哥情人节约炮丰满良家少妇酒店激情干到少妇说好舒服受不了了
女神思瑞手机直播和眼镜胸毛男啪啪据她说是个送了很多礼物的粉丝
内裤哥撕烂丝袜爆操173CM黑丝玛利亚
某酒店头牌,身材样子都一流
留学生为了生活费接了老外的单子来做
酒店开房约炮网红脸蛋混血童颜巨乳美女2近景拍摄
和高素质大学生兼职妹自拍
我的小情人乡镇的科学老师肛交内射，特别骚
情趣内衣装身材不错的师范学妹快速抽浪叫
吃完宵夜把淫骚女白领带到出租屋啪啪草到她说脚软站不住了
在校女同学漂亮身材又好，操完逼给我舔真是舒服到极点
C仔最新作品之饭岛C仔哥貌似最近胖了不少
小旅馆约操刚出来做兼职的水嫩性感小美女
微信约附近小区身材性感的大奶人妻旅馆啪啪
粗屌男和娇嫩女友自拍啪啪小逼逼口爆吞精最后表情好搞笑
啪啪让人有一种好菜让猪啃的感觉
约战兼职服装拍摄的97年舞蹈系大长腿性感美女
酒吧邂逅172CM御姐BB粉嫩诱人
精品酒店电视房偷拍穿的不错的长发妹子
和95年师范美眉酒店开房自拍妹子对着镜头有点害羞
搞完掰开小逼逼好好看看里面的构造
大长腿韵味十足操的全程啊.啊.啊.啊.淫叫不止
被男友操跑到下面后又被抱到床上狠狠干了2次,肤白貌美
台灣女警性愛
台灣妹子和男友邊聽音樂邊打炮
台灣極品大奶妹不囉嗦說幹就幹
知名紋身小模性愛自拍影片流出
約砲剛從高中畢業的逆天長腿嫩妹
誘人的黑絲大奶混血妹被帶到摩鐵大幹一場
有錢公子哥摩鐵無套狂操白絲小仙女真帶勁
無套約砲寂寞氣質人妻射了她一肚子
香港房地產女神性愛影片遭流出
無碼A片-台灣自拍
大胸眼镜妹和年轻男同事在山洞房激情
台灣情侶旅館開房~男生把女的大腿拉開當作在操作龍神號一樣
極品尤物絲襪美乳妹無套性愛影片流出
極品美乳小模被潛規則.無套抽插影片流出
飢渴的小騷貨喜歡吞精液被呼巴掌
韓國出差好運氣睡了淫蕩巨乳空姐人妻
本土自拍在廚房把大奶妹子幹得啪啪響
台灣本土巨乳女教師奶子超大
台灣=很有意思的一部影片~狼友不要錯過
本土自拍約砲絲襪美乳小隻馬.無套抽插體外射精
本土自拍監禁巨乳少女幹的她直喊不要
酒店紅牌極品尤物出場.當然要幹爆她
本土淫蕩小秘書最喜歡無套肛交還要求射裡面
高清白虎，无毛逼，无套插入
花大錢帶酒店紅牌出場，當然要無套內射她
台南召妓全紀錄~長X女大學生
上海極品女神英文老師被後入無套抽插流出
大奶头老婆洗澡合集1
色老外約炮本土美乳正妹打砲實錄
青澀少女第一次下海被乾爹一晚幹三次
摩鐵約砲色色的貧乳妹做起愛來可真騷
美艷175CM極品三線演員潛規則任由製片玩弄
兩個色大叔無套抽插把美乳妹子操得快虛脫了
開車載20歲的大奶女友到戶外打野砲無套內射
近距離拍攝無套抽插極品美乳女友真是過癮
公寓约操穿美少女战士服的性感黑丝美女,先干小穴再用丝袜美腿夹着鸡鸡操,最后射高跟鞋里.国语!
高雄黃媽媽新貨到~俄羅斯金絲貓~索價二萬
富少搞上巨乳小模怎樣抽插她都都可以
SM调教最新36D巨乳萌娘
帶極品淫蕩女友回家從浴室幹到床上激情無套啪啪啪
国产精华超清漂亮美女酒店开房有气质身材苗条很会玩国产中的精品
公司高管潜规漂亮妹子,自己躺在床上一动不动,指挥妹子衣服脱光了上来伺候
高价约炮极品大长腿外围女模修长身材镂空网袜暴干呻吟娇喘干的叫爸爸普通话对白
对白清晰稀有洞穴情趣酒店偷拍女同开房貌似春哥的女背背口活非常厉害
大学生兼职女主播官人我要玩逼逼和狼友分享经验
长相清纯的美女酒店自拍
大肚腩胖哥简易窝棚嫖妓两人老婆老公的叫得很亲热临走往别人屁股狠狠打了一巴掌
在一次朋友聚会上认识的性感美女
把暗恋已久的高挑170CM大学美女灌醉带到酒店先把她洗干净刮完毛再猛烈的抽插
商务酒店约炮叫床声音娇滴滴的好身材美乳白领小姐姐
男友偷录与极品白嫩大奶漂亮女友做爱女的真的很漂亮屌丝有福了
与酒吧坐台小姐健身球上做爱第2部这么玩貌似很危险不小心就会导致鸡巴骨折
风衣哥酒店约炮美女,还没脱衣服女的就上来撩草了
最近很火的长沙御姐性爱自拍再次来袭,极品的表情和呻吟声
小旅馆情趣大圆床偷拍艳福不浅的眼镜胖哥居然有个这么好身材漂亮女友真让人羡慕
主题酒店偷拍-看上去年龄不大很漂亮的清纯美女被猥琐男哄骗到酒店后狠狠干了2次,年龄那么小怎么受得了!太嫩了!
租我房子的天上人间上班的19岁娇小巨乳妹普通话对白
玩操吊钟大奶眼镜熟女饭店包厢户外海边浴室床上都玩一遍熟女不太听话对白淫荡搞笑
牙科医院护士美眉和网友去唱K被下药灌倒拔下小内裤玩逼流了好多淫水
索菲-某网站售卖888元超大尺度假鸡巴插逼自拍视频
会所800元爆操刚破处不久的99年超漂亮小虎牙美女,下面很紧,爱不释手干完一次玩会手游接着操.国语!
大奶子骚气主播双人啪啪秀先拿道具按摩器玩爽了再开干逼逼挺粉嫩喜欢不要错过
半夜拉着女友野外开干
清纯漂亮98年美女见网友被灌醉后尽情玩弄,还往逼里打东西,最后狠狠内射
美女惨遭领导套路在床上被随意玩弄这双美腿可惜了
留美大眼白虎美眉李美静午休和洋屌男友啪啪深喉大粗屌被呛表情怪异
平面模特兼职外围女范范和有钱大鸡巴嫖客宾馆约炮2普通话对白
酒店偷拍排骨男第一炮很猛干得美女嗷嗷叫第二炮萎了女的马上变死鱼了
精品酒店偷拍时尚气质的美女玩完手机又做面膜不让操,急的小伙没办法趁她睡着后偷偷干,搞猛了把她操醒了!
亚裔眼镜哥和女神级老婆宾馆玩电击太刺激了电的哇哇直叫高潮不忘展示一字马
小旅馆珍稀粉红房偷拍度假的姐弟恋情侣临走时看这小伙的洋打扮还挺装逼的
小旅馆情趣圆床偷拍午休偷情的中年男女男的一边搞一边看手机里的AV女的上位摇得很卖力
脸蛋漂亮身材超好的粉嫩妹子在沙发上口交被男的颜射一脸还笑
小哥周末在家调教小女友
威胁不小心被拍了裸照的性感大胸美女装扮成应招女郎主动送操,淫叫声太大突然有人敲门!
酒店爆操美容院认识的白嫩气质整形师,聊了1个多月终于约出来了,不仅漂亮还很耐操把男的都快累虚脱了！
会所800元爆操刚破处不久的99年超漂亮小虎牙美女,下面很紧,爱不释手干完一次玩会手游接着操!
高颜值女神级美女趁男友不在家又一次微信约小区帅哥家中偷情,沙发,床上猛烈狂操,这次把美女快干瘫了!
刚开始女的有点害羞不让搞，后面主动喊：快点来操我
单身派对上认识的女神级别的大学生女孩，性格可爱无死角小仙女
大庆哥和朋友的骚媳妇沙发干到床上还抱起深入听呻吟骚妇爽死了
韩国KTV包房提供的美女性服务精液可以射嘴里
精品主题酒店偷拍紧身牛仔裤美乳妹子看似外表清纯被操了3次还嫌不够继续要,累得男友躺在床上实在操不动了!
奶子坚挺漂亮的黑丝大长腿美女被微信网友故意灌醉带到酒店疯狂玩弄啪啪后又把刚用过的套子放她嘴里!
精品大学城附近公寓偷拍挺能干的一对高挑情侣各种姿势干了一个多小时女的高潮快乐呻吟
秦先生第22部完美作品-气质女神白富美露脸，口交多姿势爆草，草胸你见过吗
女的刚开始有点不愿意，在小哥各种挑逗下终于被草了
狂草性感小女友，各种姿势轮番上
与高挑性感的女生爱爱
胖哥路过城中村偶遇坐在电动车上等客的漂亮妹子100块有找
黑丝超短裤淘宝长腿美女模特约我逛街时一直挑逗我,带回家后主动脱下短裤跪在沙发上翘起屁股求操!
公司的同事,趁着假日把她给办了
大神王老板未流出过作品会所大战会玩一字马的网红脸蛋童颜大眼妹1080P高清无水印
城中村嫖妓转悠了半天还是觉得穿风衣的妹子漂亮跟她进房来一炮
不要拍快关了，帅气表弟和大奶子白虎美眉激情啪啪呻吟刺激
19岁大学生情侣放假家里磕炮不戴套干女的下面好多淫水啊没插几下就泛滥了普通话对白
周末把女友草的很开心
白嫩漂亮的95年性感小姨子趁姐姐不在偷偷和姐夫在家啪啪
风吟鸟唱出品极品美乳嫩模奶茶妹被摄影师震棒玩逼给摄影师口爆
样子清纯的气质美少女为了能入娱乐圈主动献身给娘娘腔的导演不戴套泄欲
96年可爱漂亮的白领护士下班后和病人家属酒店偷情,在床上被爆操一次后洗澡时又被狠狠的狂干,真能叫,国语!
漂亮萌妹子学生制服漏奶漏逼尿尿秀不要错过
两个90后小情侣刚发育成熟就出来直播啪啪赚钱小伙鸡巴还挺大的
性感漂亮的留学大眼妹白虎美女李X静被鸡鸡粗大的情人爆操的淫叫不止,看她痛苦并快乐的表情真想操她!
美乳女神2018版小鸟酱Kotori黑丝高跟冰屌插穴粘白浆淫叫高潮
身材性感苗条的舞蹈系大学美女紧身牛仔裤趴在床上屁股太诱人,男友为了干爽她先在屁股上射一次再爆操
清纯艺校小美女想入演艺圈做模特被摄影师带到豪华酒店和胖大款一块3P
露脸皮肤白皙，舌尖上的功夫一流，极品奶子被草的乱颤，听她呻吟都想射
楚楚动人的漂亮黑丝美女被情人操的高潮不断,大叫：好厉害,我想找个男的和你一起操我
假期驱车约操98年极品爆乳靓妹高跟黑白丝各式乱操
街头搭讪魔鬼身材性感美胸小野猫,长裙里竟光着屁股,床上操完趴在天窗又被狠狠内射,最后满足的打扫战场
高颜值女神级美女趁男友不在家又一次微信约小区帅哥家中偷情,沙发,床上猛烈狂操,这次把美女快干瘫了
高颜值极品女神大胸美女吃夜宵时被暗恋已久的男同事故意灌醉蹂躏啪啪,逼逼毛少肥厚堪称极品
把工作中眼镜女朋友操了
19岁大学生情侣放假家里磕炮不戴套干女的下面好多淫水啊没插几下就泛滥了
90后白嫩大胸美女和男友一起到义乌做外贸时偷偷到酒店与客户开房
和大学女友的闺密在公园里偷情
土豪酒店各种花招玩稚嫩漂亮的大学干女儿,妹子被折磨的一次次高潮
97护士服学妹，想肛交但学妹太紧，只能推油爆操就喜欢她的浪叫
丰满大波一线馒头逼学院派模特宾馆私拍
大奶子乳交太舒服了射了很多
洋老外米糕最新流出东莞长平酒店双飞两个90后工厂打工妹
性病初愈去会所玩个90后的小姐前后各射了了她一次
开车和90后馒头逼女友到山边小路野战骚货下面一插就冒淫水
某直播平台90后极品小情侣家中啪啪直播给网友观赏,猛男为了钱把女友干喷水后继续干
高中妹子又趁著大人外出，在家房間偷偷的自慰
约操96后银行女职员淫荡小骚货长屌无套爆插都给操尿了淫水流不停
偷拍超性感漂亮美女和男友,女闺蜜一起旅游被男的狠狠操了一番
96年性感大学美女洗完澡就被按在盆池上狂操
98年毛没长全的女神小嫩逼迫不及待脱掉衣服坐在上面操
操99年武汉幼教美女小小制服定制版,边吃鸡巴边和男友讲电话
约啪酒店的年轻大堂经理
沙發玩艦娘海藍制服裝美少女
約山東某大學背著男友出來援Y交的學生妹
极品小处女的馒头穴太嫩了
劇組面試98年北京簽約氣質嫩模,身體太嫩了
土豪幹爹內射99年大一幹女兒含含,嫩茓宛如童B
和丰满的女友在出租房疯狂插b
潛規則巨乳絲襪腿模莉莉
精品学院短发清纯女生第一视角爱爱02
精品学院短发清纯女生第一视角爱爱01
99年雙馬尾泳衣蘿莉調教
96年絲襪制服兔女郎莉莉
00後短發氣質清純學生妹下海02
00後短發氣質清純學生妹下海01
护士制服角色扮演COS超诱惑极品美臀丰臀多姿势爆操淫荡浪叫沙发桌子床上操个遍
极品白嫩少妇私约威猛壮男啪啪穿情趣制服窗前椅子上后入爆操爽翻了
极品美女主播各种诱惑大尺度大秀喜欢的不要错过
极品身材小仙女琳琳第二部包臀短裙很性感,掀开就开操
酒店爆操初恋音乐系女友第一部从沙发上操到浴缸里干得欲仙欲死
酒店私約性感美女啪啪直接摁倒在沙發上捆邦蒙眼封口猛烈抽插太刺激了
酒店约啪高气质坚挺大波靓女露脸提前给准备好黑丝情趣衣多体位爆操干的太猛给肏生气了对白精彩
剧情演绎男老师给女学生家庭补课勾引妹子啪啪啪说艹死你爽不爽啊
狂草肉丝极品长腿美女少妇逼紧水超多人美逼受罪
良家富女爱健身完整版床上很主动的扒光我，口活上位多姿势爆草呻吟
冒险俯视偷拍凌乱出租房年轻小情侣激情啪啪啪体位变换多肏的速度快很猛
门票有点贵的淫骚御姐型女主播扮成护士和小鲜肉直播啪啪对白精彩
黑丝女神美女酒店被恋足控情人揉逼后撕破丝袜啪啪!
白嫩女秘书家偷情这白花花的肉是男人看着都心动
女神网红外围模特思瑞姐真空穿着女人味十足的连衣裙掀起来就啪啪呻吟太好听高潮说“老公你坏蛋不要不要”刺激内射
普通话说的不准的极品白虎粉逼主播貌似磕了药有点嗨和豪车司机在野外车里瞎搞
气质漂亮的大学短裤美女背着男友偷偷在宾馆私会男校友偷情时不慎被服务员偷拍,长得漂亮,身材又好,操完又操!
人力资源女白领被套路灌晕呼呼大睡不省人事被带到宾馆扒光尽情猥亵
性感纹身落地窗桌前翘美臀后入猛操浴缸制服诱惑
身材娇小的留学生美女张某与洋男友洗手间啪啪啪这么大的鸡巴还能给深喉各种肏很刺激
素颜大美女给男友劝服来到WC里玩太刺激！腿软完赶紧回来啪啪，这双大长腿
土豪花重金才能约炮的绝色外围嫩模姗姗就打奥特曼捆绑口交操逼高潮飙尿老远
唯美口活系列喜欢的不要错过
覗魔大神最新大作同时迷倒2个妹子一起玩弄沙发和床上分别玩弄
洋人小伙国内嫖娼叫了个颜值身材不错的小姐服务到位激情还玩69这洋人得加钱啊
淫蕩紋身女深喉內射叫聲實在是太銷魂了聽呻吟就射了女主角估計被幹的太爽了
有钱帅哥约炮极品S身形细腰翘臀外围女模按在床边爆操娇喘呻吟好听干完还请喝大补汤
与性感黑丝开档高跟美腿骚情人开房情趣自拍扛腿猛操呻吟给力
约战刚破处不久的90后白嫩可爱小炮友爆乳翘臀玩的嗨多姿势激情爆操小骚货叫的好妩媚完美露脸
最猥琐性福眼镜摄影师玩起了女体调教无毛女模特被捆绑在SM设备上各种道具齐上真J8插入搞的女模嗷嗷叫对白精彩
气质漂亮的长发美女晚上和朋友撸串喝多后被带到酒店脱掉短裤尽情玩弄后撕破丝袜狠狠抽插!
太牛X了99年女主播网吧勾引楞青小伙在大厅拔下裤子就吹受不了拉到厕所激情啪啪
师范校花高跟黑丝制服美女各种姿势换着草总有一款打动你
土豪约炮95年的大学美女,颜直高身材好,水多多的
无码录制气质短发美女萌小贝和帅哥炮友啪啪逼毛和奶子特性感很有撸点
小帅哥微信约炮极品黑丝靓妹主动坐车来约会奶大肤白水多呻吟销魂
学姐偷情第一季02
艺术学校美腿女神上门服务沙发干到床上各种姿势插插
约炮干练短发搞销售的职业女性屁股又肥又大啪啪爆操呻吟给力说给她操迷糊了淫荡对白非常精彩
主题酒店TP可爱漂亮的小美女假期和异地恋男友见面在酒店住了3天竟被操了7次,就连泡泡面的时候还被干了一次,国语!
美容院丰满气质的老板娘陪客户吃饭被灌醉带到酒店猛烈抽插,逼逼又肥又丰满,操的真狠!
纹身姐妹极品双飞被大屌猛男挨个轮着操超强契合度无套各姿势激情爆操翘美臀轮操美穴疯狂内射
有钱人超高价约炮极品外围混血妹丰乳肥臀身材无敌情趣装啪啪啪不射都难
星级酒店约炮师范毕业不久小学实习老师戴个眼镜闷骚型皮肤光滑白嫩还一起看黄片助兴椅子上激烈啪啪啪
网红美女主播剧情演绎下班忘带钥匙在对面邻居家等妈妈回来时故意勾引邻居啪啪!
强操极品身材骚浪嫩模扒下内裤直接插入强上极品小骚货从床上干到沙发上操爽了非常配合
精品大片酒店玩弄十八岁大奶纯情学妹
极美高颜值风骚人妻背着老公在家拍AV超淫操逼全方位展示超淫本性体位多样翘挺美乳风骚淫叫完美露脸
高颜值火爆网红女神鹿少女扮演紫霞仙子从天而降被猛男发现被迫啪啪,我和至尊宝干过,使劲操我,受不了了!
把粉色纹身美乳小情人推倒办公桌上蒙眼狠操无套抽插私处特写淫叫妩媚
中国马杀鸡全套服务太爽了
小姨穿裙子睡觉露出了性感的大白腿掀开裙子鸡巴直接插进去
